ERROR - 2024-06-12 14:50:08 --> Email: sendWithSmtp throwed ErrorException: fsockopen(): Peer certificate CN=`*.idcloudhosting.cloud' did not match expected CN=`mail.zoejustitia.com' in /Users/ayurifanny/Desktop/zjlawfirm/zoejustitia/vendor/codeigniter4/framework/system/Email/Email.php:1896
Stack trace:
#0 [internal function]: CodeIgniter\Debug\Exceptions->errorHandler(2, 'fsockopen(): Pe...', '/Users/ayurifan...', 1896)
#1 /Users/ayurifanny/Desktop/zjlawfirm/zoejustitia/vendor/codeigniter4/framework/system/Email/Email.php(1896): fsockopen('ssl://mail.zoej...', 465, NULL, NULL, 5)
#2 /Users/ayurifanny/Desktop/zjlawfirm/zoejustitia/vendor/codeigniter4/framework/system/Email/Email.php(1809): CodeIgniter\Email\Email->SMTPConnect()
#3 /Users/ayurifanny/Desktop/zjlawfirm/zoejustitia/vendor/codeigniter4/framework/system/Email/Email.php(1694): CodeIgniter\Email\Email->sendWithSmtp()
#4 /Users/ayurifanny/Desktop/zjlawfirm/zoejustitia/vendor/codeigniter4/framework/system/Email/Email.php(1589): CodeIgniter\Email\Email->spoolEmail()
#5 /Users/ayurifanny/Desktop/zjlawfirm/zoejustitia/app/Controllers/Home.php(82): CodeIgniter\Email\Email->send()
#6 /Users/ayurifanny/Desktop/zjlawfirm/zoejustitia/vendor/codeigniter4/framework/system/CodeIgniter.php(933): App\Controllers\Home->sendemail()
#7 /Users/ayurifanny/Desktop/zjlawfirm/zoejustitia/vendor/codeigniter4/framework/system/CodeIgniter.php(509): CodeIgniter\CodeIgniter->runController(Object(App\Controllers\Home))
#8 /Users/ayurifanny/Desktop/zjlawfirm/zoejustitia/vendor/codeigniter4/framework/system/CodeIgniter.php(355): CodeIgniter\CodeIgniter->handleRequest(NULL, Object(Config\Cache), false)
#9 /Users/ayurifanny/Desktop/zjlawfirm/zoejustitia/vendor/codeigniter4/framework/system/Boot.php(312): CodeIgniter\CodeIgniter->run()
#10 /Users/ayurifanny/Desktop/zjlawfirm/zoejustitia/vendor/codeigniter4/framework/system/Boot.php(67): CodeIgniter\Boot::runCodeIgniter(Object(CodeIgniter\CodeIgniter))
#11 /Users/ayurifanny/Desktop/zjlawfirm/zoejustitia/public/index.php(56): CodeIgniter\Boot::bootWeb(Object(Config\Paths))
#12 /Users/ayurifanny/Desktop/zjlawfirm/zoejustitia/vendor/codeigniter4/framework/system/Commands/Server/rewrite.php(49): require_once('/Users/ayurifan...')
#13 {main}
ERROR - 2024-06-12 14:50:08 --> Email: Unable to send email using SMTP. Your server might not be configured to send mail using this method.
ERROR - 2024-06-12 14:50:08 --> 
ERROR - 2024-06-12 14:52:44 --> Email: sendWithSmtp throwed ErrorException: fsockopen(): Peer certificate CN=`*.idcloudhosting.cloud' did not match expected CN=`mail.zoejustitia.com' in /Users/ayurifanny/Desktop/zjlawfirm/zoejustitia/vendor/codeigniter4/framework/system/Email/Email.php:1896
Stack trace:
#0 [internal function]: CodeIgniter\Debug\Exceptions->errorHandler(2, 'fsockopen(): Pe...', '/Users/ayurifan...', 1896)
#1 /Users/ayurifanny/Desktop/zjlawfirm/zoejustitia/vendor/codeigniter4/framework/system/Email/Email.php(1896): fsockopen('ssl://mail.zoej...', 465, NULL, NULL, 5)
#2 /Users/ayurifanny/Desktop/zjlawfirm/zoejustitia/vendor/codeigniter4/framework/system/Email/Email.php(1809): CodeIgniter\Email\Email->SMTPConnect()
#3 /Users/ayurifanny/Desktop/zjlawfirm/zoejustitia/vendor/codeigniter4/framework/system/Email/Email.php(1694): CodeIgniter\Email\Email->sendWithSmtp()
#4 /Users/ayurifanny/Desktop/zjlawfirm/zoejustitia/vendor/codeigniter4/framework/system/Email/Email.php(1589): CodeIgniter\Email\Email->spoolEmail()
#5 /Users/ayurifanny/Desktop/zjlawfirm/zoejustitia/app/Controllers/Home.php(82): CodeIgniter\Email\Email->send()
#6 /Users/ayurifanny/Desktop/zjlawfirm/zoejustitia/vendor/codeigniter4/framework/system/CodeIgniter.php(933): App\Controllers\Home->sendemail()
#7 /Users/ayurifanny/Desktop/zjlawfirm/zoejustitia/vendor/codeigniter4/framework/system/CodeIgniter.php(509): CodeIgniter\CodeIgniter->runController(Object(App\Controllers\Home))
#8 /Users/ayurifanny/Desktop/zjlawfirm/zoejustitia/vendor/codeigniter4/framework/system/CodeIgniter.php(355): CodeIgniter\CodeIgniter->handleRequest(NULL, Object(Config\Cache), false)
#9 /Users/ayurifanny/Desktop/zjlawfirm/zoejustitia/vendor/codeigniter4/framework/system/Boot.php(312): CodeIgniter\CodeIgniter->run()
#10 /Users/ayurifanny/Desktop/zjlawfirm/zoejustitia/vendor/codeigniter4/framework/system/Boot.php(67): CodeIgniter\Boot::runCodeIgniter(Object(CodeIgniter\CodeIgniter))
#11 /Users/ayurifanny/Desktop/zjlawfirm/zoejustitia/public/index.php(56): CodeIgniter\Boot::bootWeb(Object(Config\Paths))
#12 /Users/ayurifanny/Desktop/zjlawfirm/zoejustitia/vendor/codeigniter4/framework/system/Commands/Server/rewrite.php(49): require_once('/Users/ayurifan...')
#13 {main}
ERROR - 2024-06-12 14:52:44 --> Email: Unable to send email using SMTP. Your server might not be configured to send mail using this method.
ERROR - 2024-06-12 14:52:44 --> 
ERROR - 2024-06-12 14:55:52 --> Email: sendWithSmtp throwed ErrorException: fsockopen(): Peer certificate CN=`*.idcloudhosting.cloud' did not match expected CN=`mail.zoejustitia.com' in /Users/ayurifanny/Desktop/zjlawfirm/zoejustitia/vendor/codeigniter4/framework/system/Email/Email.php:1896
Stack trace:
#0 [internal function]: CodeIgniter\Debug\Exceptions->errorHandler(2, 'fsockopen(): Pe...', '/Users/ayurifan...', 1896)
#1 /Users/ayurifanny/Desktop/zjlawfirm/zoejustitia/vendor/codeigniter4/framework/system/Email/Email.php(1896): fsockopen('ssl://mail.zoej...', 465, NULL, NULL, 5)
#2 /Users/ayurifanny/Desktop/zjlawfirm/zoejustitia/vendor/codeigniter4/framework/system/Email/Email.php(1809): CodeIgniter\Email\Email->SMTPConnect()
#3 /Users/ayurifanny/Desktop/zjlawfirm/zoejustitia/vendor/codeigniter4/framework/system/Email/Email.php(1694): CodeIgniter\Email\Email->sendWithSmtp()
#4 /Users/ayurifanny/Desktop/zjlawfirm/zoejustitia/vendor/codeigniter4/framework/system/Email/Email.php(1589): CodeIgniter\Email\Email->spoolEmail()
#5 /Users/ayurifanny/Desktop/zjlawfirm/zoejustitia/app/Controllers/Home.php(82): CodeIgniter\Email\Email->send()
#6 /Users/ayurifanny/Desktop/zjlawfirm/zoejustitia/vendor/codeigniter4/framework/system/CodeIgniter.php(933): App\Controllers\Home->sendemail()
#7 /Users/ayurifanny/Desktop/zjlawfirm/zoejustitia/vendor/codeigniter4/framework/system/CodeIgniter.php(509): CodeIgniter\CodeIgniter->runController(Object(App\Controllers\Home))
#8 /Users/ayurifanny/Desktop/zjlawfirm/zoejustitia/vendor/codeigniter4/framework/system/CodeIgniter.php(355): CodeIgniter\CodeIgniter->handleRequest(NULL, Object(Config\Cache), false)
#9 /Users/ayurifanny/Desktop/zjlawfirm/zoejustitia/vendor/codeigniter4/framework/system/Boot.php(312): CodeIgniter\CodeIgniter->run()
#10 /Users/ayurifanny/Desktop/zjlawfirm/zoejustitia/vendor/codeigniter4/framework/system/Boot.php(67): CodeIgniter\Boot::runCodeIgniter(Object(CodeIgniter\CodeIgniter))
#11 /Users/ayurifanny/Desktop/zjlawfirm/zoejustitia/public/index.php(56): CodeIgniter\Boot::bootWeb(Object(Config\Paths))
#12 /Users/ayurifanny/Desktop/zjlawfirm/zoejustitia/vendor/codeigniter4/framework/system/Commands/Server/rewrite.php(49): require_once('/Users/ayurifan...')
#13 {main}
ERROR - 2024-06-12 14:55:52 --> Email: Unable to send email using SMTP. Your server might not be configured to send mail using this method.
ERROR - 2024-06-12 14:55:52 --> 
