CRITICAL - 2024-06-13 13:05:07 --> Error: Class "App\Controllers\PHPMailer" not found
[Method: POST, Route: consultation]
in APPPATH/Controllers/Home.php on line 68.
 1 SYSTEMPATH/CodeIgniter.php(933): App\Controllers\Home->sendemail()
 2 SYSTEMPATH/CodeIgniter.php(509): CodeIgniter\CodeIgniter->runController(Object(App\Controllers\Home))
 3 SYSTEMPATH/CodeIgniter.php(355): CodeIgniter\CodeIgniter->handleRequest(null, Object(Config\Cache), false)
 4 SYSTEMPATH/Boot.php(312): CodeIgniter\CodeIgniter->run()
 5 SYSTEMPATH/Boot.php(67): CodeIgniter\Boot::runCodeIgniter(Object(CodeIgniter\CodeIgniter))
 6 FCPATH/index.php(56): CodeIgniter\Boot::bootWeb(Object(Config\Paths))
 7 SYSTEMPATH/Commands/Server/rewrite.php(49): require_once('/Users/ayurifanny/Desktop/zjlawfirm/zoejustitia/public/index.php')
CRITICAL - 2024-06-13 13:05:24 --> Error: Class "App\Controllers\PHPMailer" not found
[Method: POST, Route: consultation]
in APPPATH/Controllers/Home.php on line 68.
 1 SYSTEMPATH/CodeIgniter.php(933): App\Controllers\Home->sendemail()
 2 SYSTEMPATH/CodeIgniter.php(509): CodeIgniter\CodeIgniter->runController(Object(App\Controllers\Home))
 3 SYSTEMPATH/CodeIgniter.php(355): CodeIgniter\CodeIgniter->handleRequest(null, Object(Config\Cache), false)
 4 SYSTEMPATH/Boot.php(312): CodeIgniter\CodeIgniter->run()
 5 SYSTEMPATH/Boot.php(67): CodeIgniter\Boot::runCodeIgniter(Object(CodeIgniter\CodeIgniter))
 6 FCPATH/index.php(56): CodeIgniter\Boot::bootWeb(Object(Config\Paths))
 7 SYSTEMPATH/Commands/Server/rewrite.php(49): require_once('/Users/ayurifanny/Desktop/zjlawfirm/zoejustitia/public/index.php')
CRITICAL - 2024-06-13 13:06:47 --> Error: Class "App\Controllers\PHPMailer" not found
[Method: POST, Route: consultation]
in APPPATH/Controllers/Home.php on line 67.
 1 SYSTEMPATH/CodeIgniter.php(933): App\Controllers\Home->sendemail()
 2 SYSTEMPATH/CodeIgniter.php(509): CodeIgniter\CodeIgniter->runController(Object(App\Controllers\Home))
 3 SYSTEMPATH/CodeIgniter.php(355): CodeIgniter\CodeIgniter->handleRequest(null, Object(Config\Cache), false)
 4 SYSTEMPATH/Boot.php(312): CodeIgniter\CodeIgniter->run()
 5 SYSTEMPATH/Boot.php(67): CodeIgniter\Boot::runCodeIgniter(Object(CodeIgniter\CodeIgniter))
 6 FCPATH/index.php(56): CodeIgniter\Boot::bootWeb(Object(Config\Paths))
 7 SYSTEMPATH/Commands/Server/rewrite.php(49): require_once('/Users/ayurifanny/Desktop/zjlawfirm/zoejustitia/public/index.php')
CRITICAL - 2024-06-13 13:26:15 --> ParseError: Unmatched '}'
[Method: GET, Route: /]
in APPPATH/Controllers/Home.php on line 146.
 1 VENDORPATH/composer/ClassLoader.php(427): Composer\Autoload\{closure}('/Users/ayurifanny/Desktop/zjlawfirm/zoejustitia/vendor/composer/../../app/Controllers/Home.php')
 2 [internal function]: Composer\Autoload\ClassLoader->loadClass('App\\Controllers\\Home')
 3 SYSTEMPATH/CodeIgniter.php(887): class_exists('\\App\\Controllers\\Home', true)
 4 SYSTEMPATH/CodeIgniter.php(496): CodeIgniter\CodeIgniter->startController()
 5 SYSTEMPATH/CodeIgniter.php(355): CodeIgniter\CodeIgniter->handleRequest(null, Object(Config\Cache), false)
 6 SYSTEMPATH/Boot.php(312): CodeIgniter\CodeIgniter->run()
 7 SYSTEMPATH/Boot.php(67): CodeIgniter\Boot::runCodeIgniter(Object(CodeIgniter\CodeIgniter))
 8 FCPATH/index.php(56): CodeIgniter\Boot::bootWeb(Object(Config\Paths))
 9 SYSTEMPATH/Commands/Server/rewrite.php(49): require_once('/Users/ayurifanny/Desktop/zjlawfirm/zoejustitia/public/index.php')
CRITICAL - 2024-06-13 13:26:21 --> ParseError: Unmatched '}'
[Method: GET, Route: /]
in APPPATH/Controllers/Home.php on line 146.
 1 VENDORPATH/composer/ClassLoader.php(427): Composer\Autoload\{closure}('/Users/ayurifanny/Desktop/zjlawfirm/zoejustitia/vendor/composer/../../app/Controllers/Home.php')
 2 [internal function]: Composer\Autoload\ClassLoader->loadClass('App\\Controllers\\Home')
 3 SYSTEMPATH/CodeIgniter.php(887): class_exists('\\App\\Controllers\\Home', true)
 4 SYSTEMPATH/CodeIgniter.php(496): CodeIgniter\CodeIgniter->startController()
 5 SYSTEMPATH/CodeIgniter.php(355): CodeIgniter\CodeIgniter->handleRequest(null, Object(Config\Cache), false)
 6 SYSTEMPATH/Boot.php(312): CodeIgniter\CodeIgniter->run()
 7 SYSTEMPATH/Boot.php(67): CodeIgniter\Boot::runCodeIgniter(Object(CodeIgniter\CodeIgniter))
 8 FCPATH/index.php(56): CodeIgniter\Boot::bootWeb(Object(Config\Paths))
 9 SYSTEMPATH/Commands/Server/rewrite.php(49): require_once('/Users/ayurifanny/Desktop/zjlawfirm/zoejustitia/public/index.php')
CRITICAL - 2024-06-13 13:26:22 --> ParseError: Unmatched '}'
[Method: GET, Route: /]
in APPPATH/Controllers/Home.php on line 146.
 1 VENDORPATH/composer/ClassLoader.php(427): Composer\Autoload\{closure}('/Users/ayurifanny/Desktop/zjlawfirm/zoejustitia/vendor/composer/../../app/Controllers/Home.php')
 2 [internal function]: Composer\Autoload\ClassLoader->loadClass('App\\Controllers\\Home')
 3 SYSTEMPATH/CodeIgniter.php(887): class_exists('\\App\\Controllers\\Home', true)
 4 SYSTEMPATH/CodeIgniter.php(496): CodeIgniter\CodeIgniter->startController()
 5 SYSTEMPATH/CodeIgniter.php(355): CodeIgniter\CodeIgniter->handleRequest(null, Object(Config\Cache), false)
 6 SYSTEMPATH/Boot.php(312): CodeIgniter\CodeIgniter->run()
 7 SYSTEMPATH/Boot.php(67): CodeIgniter\Boot::runCodeIgniter(Object(CodeIgniter\CodeIgniter))
 8 FCPATH/index.php(56): CodeIgniter\Boot::bootWeb(Object(Config\Paths))
 9 SYSTEMPATH/Commands/Server/rewrite.php(49): require_once('/Users/ayurifanny/Desktop/zjlawfirm/zoejustitia/public/index.php')
CRITICAL - 2024-06-13 13:26:59 --> ParseError: Unmatched '}'
[Method: GET, Route: /]
in APPPATH/Controllers/Home.php on line 146.
 1 VENDORPATH/composer/ClassLoader.php(427): Composer\Autoload\{closure}('/Users/ayurifanny/Desktop/zjlawfirm/zoejustitia/vendor/composer/../../app/Controllers/Home.php')
 2 [internal function]: Composer\Autoload\ClassLoader->loadClass('App\\Controllers\\Home')
 3 SYSTEMPATH/CodeIgniter.php(887): class_exists('\\App\\Controllers\\Home', true)
 4 SYSTEMPATH/CodeIgniter.php(496): CodeIgniter\CodeIgniter->startController()
 5 SYSTEMPATH/CodeIgniter.php(355): CodeIgniter\CodeIgniter->handleRequest(null, Object(Config\Cache), false)
 6 SYSTEMPATH/Boot.php(312): CodeIgniter\CodeIgniter->run()
 7 SYSTEMPATH/Boot.php(67): CodeIgniter\Boot::runCodeIgniter(Object(CodeIgniter\CodeIgniter))
 8 FCPATH/index.php(56): CodeIgniter\Boot::bootWeb(Object(Config\Paths))
 9 SYSTEMPATH/Commands/Server/rewrite.php(49): require_once('/Users/ayurifanny/Desktop/zjlawfirm/zoejustitia/public/index.php')
CRITICAL - 2024-06-13 13:26:59 --> ParseError: Unmatched '}'
[Method: GET, Route: /]
in APPPATH/Controllers/Home.php on line 146.
 1 VENDORPATH/composer/ClassLoader.php(427): Composer\Autoload\{closure}('/Users/ayurifanny/Desktop/zjlawfirm/zoejustitia/vendor/composer/../../app/Controllers/Home.php')
 2 [internal function]: Composer\Autoload\ClassLoader->loadClass('App\\Controllers\\Home')
 3 SYSTEMPATH/CodeIgniter.php(887): class_exists('\\App\\Controllers\\Home', true)
 4 SYSTEMPATH/CodeIgniter.php(496): CodeIgniter\CodeIgniter->startController()
 5 SYSTEMPATH/CodeIgniter.php(355): CodeIgniter\CodeIgniter->handleRequest(null, Object(Config\Cache), false)
 6 SYSTEMPATH/Boot.php(312): CodeIgniter\CodeIgniter->run()
 7 SYSTEMPATH/Boot.php(67): CodeIgniter\Boot::runCodeIgniter(Object(CodeIgniter\CodeIgniter))
 8 FCPATH/index.php(56): CodeIgniter\Boot::bootWeb(Object(Config\Paths))
 9 SYSTEMPATH/Commands/Server/rewrite.php(49): require_once('/Users/ayurifanny/Desktop/zjlawfirm/zoejustitia/public/index.php')
CRITICAL - 2024-06-13 13:27:00 --> ParseError: Unmatched '}'
[Method: GET, Route: /]
in APPPATH/Controllers/Home.php on line 146.
 1 VENDORPATH/composer/ClassLoader.php(427): Composer\Autoload\{closure}('/Users/ayurifanny/Desktop/zjlawfirm/zoejustitia/vendor/composer/../../app/Controllers/Home.php')
 2 [internal function]: Composer\Autoload\ClassLoader->loadClass('App\\Controllers\\Home')
 3 SYSTEMPATH/CodeIgniter.php(887): class_exists('\\App\\Controllers\\Home', true)
 4 SYSTEMPATH/CodeIgniter.php(496): CodeIgniter\CodeIgniter->startController()
 5 SYSTEMPATH/CodeIgniter.php(355): CodeIgniter\CodeIgniter->handleRequest(null, Object(Config\Cache), false)
 6 SYSTEMPATH/Boot.php(312): CodeIgniter\CodeIgniter->run()
 7 SYSTEMPATH/Boot.php(67): CodeIgniter\Boot::runCodeIgniter(Object(CodeIgniter\CodeIgniter))
 8 FCPATH/index.php(56): CodeIgniter\Boot::bootWeb(Object(Config\Paths))
 9 SYSTEMPATH/Commands/Server/rewrite.php(49): require_once('/Users/ayurifanny/Desktop/zjlawfirm/zoejustitia/public/index.php')
ERROR - 2024-06-13 13:27:31 --> Gagal mengirim email. Error: SMTP Error: Could not authenticate.
ERROR - 2024-06-13 13:28:05 --> Gagal mengirim email. Error: SMTP Error: Could not authenticate.
ERROR - 13-06-2024 13:32:16 --> apasih
ERROR - 13-06-2024 13:32:18 --> Gagal mengirim email. Error: SMTP Error: Could not authenticate.
ERROR - 13-06-2024 13:36:43 --> Sukses mengirim email. Error: 
ERROR - 13-06-2024 13:39:26 --> Gagal mengirim email. Error: SMTP Error: Could not connect to SMTP host. Failed to connect to serverSMTP server error: Failed to connect to server
ERROR - 13-06-2024 13:41:10 --> Gagal mengirim email. Error: SMTP Error: Could not connect to SMTP host. Failed to connect to serverSMTP server error: Failed to connect to server
ERROR - 13-06-2024 13:42:07 --> Sukses mengirim email. Error: 
ERROR - 13-06-2024 13:48:14 --> Gagal mengirim email. Error: SMTP Error: Could not connect to SMTP host. Failed to connect to serverSMTP server error: Failed to connect to server
ERROR - 13-06-2024 13:50:32 --> Sukses mengirim email. Error: 
ERROR - 13-06-2024 13:53:35 --> Sukses mengirim email. Error: 
ERROR - 13-06-2024 13:55:09 --> Sukses mengirim email. Error: 
ERROR - 13-06-2024 13:55:45 --> Sukses mengirim email. Error: 
ERROR - 13-06-2024 13:56:20 --> Gagal mengirim email. Error: SMTP Error: Could not connect to SMTP host. Failed to connect to serverSMTP server error: Failed to connect to server
ERROR - 13-06-2024 13:59:10 --> Sukses mengirim email. Error: 
ERROR - 13-06-2024 14:01:31 --> Gagal mengirim email. Error: SMTP Error: Could not connect to SMTP host. Failed to connect to serverSMTP server error: Failed to connect to server Additional SMTP info: php_network_getaddresses: getaddrinfo for sc136.idcloudhosting.com failed: nodename nor servname provided, or not known
ERROR - 13-06-2024 14:02:48 --> Sukses mengirim email. Error: 
ERROR - 13-06-2024 14:03:41 --> Gagal mengirim email. Error: SMTP Error: Could not connect to SMTP host. Failed to connect to serverSMTP server error: Failed to connect to server
ERROR - 13-06-2024 14:08:28 --> Session: Unable to obtain lock for file '/Users/ayurifanny/Desktop/zjlawfirm/zoejustitia/writable/session/ci_sessionci91gc59vi63oicl92k7840f6q2sadl1'.
CRITICAL - 13-06-2024 14:08:28 --> ErrorException: session_start(): Failed to read session data: user (path: /Users/ayurifanny/Desktop/zjlawfirm/zoejustitia/writable/session)
[Method: GET, Route: /]
in SYSTEMPATH/Session/Session.php on line 920.
 1 [internal function]: CodeIgniter\Debug\Exceptions->errorHandler(2, 'session_start(): Failed to read session data: user (path: /Users/ayurifanny/Desktop/zjlawfirm/zoejustitia/writable/session)', '/Users/ayurifanny/Desktop/zjlawfirm/zoejustitia/vendor/codeigniter4/framework/system/Session/Session.php', 920)
 2 SYSTEMPATH/Session/Session.php(920): session_start()
 3 SYSTEMPATH/Session/Session.php(242): CodeIgniter\Session\Session->startSession()
 4 SYSTEMPATH/Config/Services.php(701): CodeIgniter\Session\Session->start()
 5 SYSTEMPATH/Config/BaseService.php(311): CodeIgniter\Config\Services::session(Object(Config\Session), false)
 6 SYSTEMPATH/Config/BaseService.php(250): CodeIgniter\Config\BaseService::__callStatic('session', [...])
 7 SYSTEMPATH/Config/Services.php(666): CodeIgniter\Config\BaseService::getSharedInstance('session', null)
 8 SYSTEMPATH/Config/BaseService.php(320): CodeIgniter\Config\Services::session()
 9 APPPATH/Controllers/BaseController.php(57): CodeIgniter\Config\BaseService::__callStatic('session', [])
10 SYSTEMPATH/CodeIgniter.php(904): App\Controllers\BaseController->initController(Object(CodeIgniter\HTTP\IncomingRequest), Object(CodeIgniter\HTTP\Response), Object(CodeIgniter\Log\Logger))
11 SYSTEMPATH/CodeIgniter.php(500): CodeIgniter\CodeIgniter->createController()
12 SYSTEMPATH/CodeIgniter.php(355): CodeIgniter\CodeIgniter->handleRequest(null, Object(Config\Cache), false)
13 SYSTEMPATH/Boot.php(312): CodeIgniter\CodeIgniter->run()
14 SYSTEMPATH/Boot.php(67): CodeIgniter\Boot::runCodeIgniter(Object(CodeIgniter\CodeIgniter))
15 FCPATH/index.php(56): CodeIgniter\Boot::bootWeb(Object(Config\Paths))
16 SYSTEMPATH/Commands/Server/rewrite.php(49): require_once('/Users/ayurifanny/Desktop/zjlawfirm/zoejustitia/public/index.php')
ERROR - 13-06-2024 14:08:35 --> Gagal mengirim email. Error: SMTP Error: Could not connect to SMTP host.
ERROR - 13-06-2024 14:11:51 --> Gagal mengirim email. Error: SMTP Error: Could not connect to SMTP host. Failed to connect to serverSMTP server error: Failed to connect to server SMTP code: 60 Additional SMTP info: Operation timed out
ERROR - 13-06-2024 14:14:02 --> Sukses mengirim email. Error: Invalid address:  (From): admin@namadomain
ERROR - 13-06-2024 14:14:16 --> Sukses mengirim email. Error: Invalid address:  (From): admin@namadomain
ERROR - 13-06-2024 14:15:36 --> Sukses mengirim email. Error: Invalid address:  (From): admin@namadomain
ERROR - 13-06-2024 14:17:00 --> Sukses mengirim email. Error: Invalid address:  (From): admin@namadomain
ERROR - 13-06-2024 14:17:54 --> Sukses mengirim email. Error: Invalid address:  (From): admin@namadomain
ERROR - 13-06-2024 14:18:59 --> Sukses mengirim email. Error: 
ERROR - 13-06-2024 14:24:55 --> Sukses mengirim email. Error: 
ERROR - 13-06-2024 14:34:55 --> Sukses mengirim email. Error: 
CRITICAL - 13-06-2024 15:00:17 --> Error: Call to a member function get() on array
[Method: GET, Route: blog]
in APPPATH/Views/blog.php on line 41.
 1 SYSTEMPATH/View/View.php(234): include()
 2 SYSTEMPATH/View/View.php(237): CodeIgniter\View\View->CodeIgniter\View\{closure}()
 3 SYSTEMPATH/Common.php(1171): CodeIgniter\View\View->render('blog', [], true)
 4 APPPATH/Controllers/Home.php(43): view('blog', [...])
 5 SYSTEMPATH/CodeIgniter.php(933): App\Controllers\Home->blog()
 6 SYSTEMPATH/CodeIgniter.php(509): CodeIgniter\CodeIgniter->runController(Object(App\Controllers\Home))
 7 SYSTEMPATH/CodeIgniter.php(355): CodeIgniter\CodeIgniter->handleRequest(null, Object(Config\Cache), false)
 8 SYSTEMPATH/Boot.php(312): CodeIgniter\CodeIgniter->run()
 9 SYSTEMPATH/Boot.php(67): CodeIgniter\Boot::runCodeIgniter(Object(CodeIgniter\CodeIgniter))
10 FCPATH/index.php(56): CodeIgniter\Boot::bootWeb(Object(Config\Paths))
11 SYSTEMPATH/Commands/Server/rewrite.php(49): require_once('/Users/ayurifanny/Desktop/zjlawfirm/zoejustitia/public/index.php')
CRITICAL - 13-06-2024 15:01:22 --> Error: Call to a member function get() on array
[Method: GET, Route: blog]
in APPPATH/Views/blog.php on line 41.
 1 SYSTEMPATH/View/View.php(234): include()
 2 SYSTEMPATH/View/View.php(237): CodeIgniter\View\View->CodeIgniter\View\{closure}()
 3 SYSTEMPATH/Common.php(1171): CodeIgniter\View\View->render('blog', [], true)
 4 APPPATH/Controllers/Home.php(43): view('blog', [...])
 5 SYSTEMPATH/CodeIgniter.php(933): App\Controllers\Home->blog()
 6 SYSTEMPATH/CodeIgniter.php(509): CodeIgniter\CodeIgniter->runController(Object(App\Controllers\Home))
 7 SYSTEMPATH/CodeIgniter.php(355): CodeIgniter\CodeIgniter->handleRequest(null, Object(Config\Cache), false)
 8 SYSTEMPATH/Boot.php(312): CodeIgniter\CodeIgniter->run()
 9 SYSTEMPATH/Boot.php(67): CodeIgniter\Boot::runCodeIgniter(Object(CodeIgniter\CodeIgniter))
10 FCPATH/index.php(56): CodeIgniter\Boot::bootWeb(Object(Config\Paths))
11 SYSTEMPATH/Commands/Server/rewrite.php(49): require_once('/Users/ayurifanny/Desktop/zjlawfirm/zoejustitia/public/index.php')
CRITICAL - 13-06-2024 15:03:16 --> ErrorException: Undefined variable $show_lg
[Method: GET, Route: blog]
in APPPATH/Views/blog.php on line 41.
 1 APPPATH/Views/blog.php(41): CodeIgniter\Debug\Exceptions->errorHandler(2, 'Undefined variable $show_lg', '/Users/ayurifanny/Desktop/zjlawfirm/zoejustitia/app/Views/blog.php', 41)
 2 SYSTEMPATH/View/View.php(234): include('/Users/ayurifanny/Desktop/zjlawfirm/zoejustitia/app/Views/blog.php')
 3 SYSTEMPATH/View/View.php(237): CodeIgniter\View\View->CodeIgniter\View\{closure}()
 4 SYSTEMPATH/Common.php(1171): CodeIgniter\View\View->render('blog', [], true)
 5 APPPATH/Controllers/Home.php(43): view('blog', [...])
 6 SYSTEMPATH/CodeIgniter.php(933): App\Controllers\Home->blog()
 7 SYSTEMPATH/CodeIgniter.php(509): CodeIgniter\CodeIgniter->runController(Object(App\Controllers\Home))
 8 SYSTEMPATH/CodeIgniter.php(355): CodeIgniter\CodeIgniter->handleRequest(null, Object(Config\Cache), false)
 9 SYSTEMPATH/Boot.php(312): CodeIgniter\CodeIgniter->run()
10 SYSTEMPATH/Boot.php(67): CodeIgniter\Boot::runCodeIgniter(Object(CodeIgniter\CodeIgniter))
11 FCPATH/index.php(56): CodeIgniter\Boot::bootWeb(Object(Config\Paths))
12 SYSTEMPATH/Commands/Server/rewrite.php(49): require_once('/Users/ayurifanny/Desktop/zjlawfirm/zoejustitia/public/index.php')
CRITICAL - 13-06-2024 15:03:45 --> ErrorException: Undefined variable $show_lg
[Method: GET, Route: blog]
in APPPATH/Views/blog.php on line 41.
 1 APPPATH/Views/blog.php(41): CodeIgniter\Debug\Exceptions->errorHandler(2, 'Undefined variable $show_lg', '/Users/ayurifanny/Desktop/zjlawfirm/zoejustitia/app/Views/blog.php', 41)
 2 SYSTEMPATH/View/View.php(234): include('/Users/ayurifanny/Desktop/zjlawfirm/zoejustitia/app/Views/blog.php')
 3 SYSTEMPATH/View/View.php(237): CodeIgniter\View\View->CodeIgniter\View\{closure}()
 4 SYSTEMPATH/Common.php(1171): CodeIgniter\View\View->render('blog', [], true)
 5 APPPATH/Controllers/Home.php(43): view('blog', [...])
 6 SYSTEMPATH/CodeIgniter.php(933): App\Controllers\Home->blog()
 7 SYSTEMPATH/CodeIgniter.php(509): CodeIgniter\CodeIgniter->runController(Object(App\Controllers\Home))
 8 SYSTEMPATH/CodeIgniter.php(355): CodeIgniter\CodeIgniter->handleRequest(null, Object(Config\Cache), false)
 9 SYSTEMPATH/Boot.php(312): CodeIgniter\CodeIgniter->run()
10 SYSTEMPATH/Boot.php(67): CodeIgniter\Boot::runCodeIgniter(Object(CodeIgniter\CodeIgniter))
11 FCPATH/index.php(56): CodeIgniter\Boot::bootWeb(Object(Config\Paths))
12 SYSTEMPATH/Commands/Server/rewrite.php(49): require_once('/Users/ayurifanny/Desktop/zjlawfirm/zoejustitia/public/index.php')
CRITICAL - 13-06-2024 15:03:45 --> ErrorException: Undefined variable $show_lg
[Method: GET, Route: blog]
in APPPATH/Views/blog.php on line 41.
 1 APPPATH/Views/blog.php(41): CodeIgniter\Debug\Exceptions->errorHandler(2, 'Undefined variable $show_lg', '/Users/ayurifanny/Desktop/zjlawfirm/zoejustitia/app/Views/blog.php', 41)
 2 SYSTEMPATH/View/View.php(234): include('/Users/ayurifanny/Desktop/zjlawfirm/zoejustitia/app/Views/blog.php')
 3 SYSTEMPATH/View/View.php(237): CodeIgniter\View\View->CodeIgniter\View\{closure}()
 4 SYSTEMPATH/Common.php(1171): CodeIgniter\View\View->render('blog', [], true)
 5 APPPATH/Controllers/Home.php(43): view('blog', [...])
 6 SYSTEMPATH/CodeIgniter.php(933): App\Controllers\Home->blog()
 7 SYSTEMPATH/CodeIgniter.php(509): CodeIgniter\CodeIgniter->runController(Object(App\Controllers\Home))
 8 SYSTEMPATH/CodeIgniter.php(355): CodeIgniter\CodeIgniter->handleRequest(null, Object(Config\Cache), false)
 9 SYSTEMPATH/Boot.php(312): CodeIgniter\CodeIgniter->run()
10 SYSTEMPATH/Boot.php(67): CodeIgniter\Boot::runCodeIgniter(Object(CodeIgniter\CodeIgniter))
11 FCPATH/index.php(56): CodeIgniter\Boot::bootWeb(Object(Config\Paths))
12 SYSTEMPATH/Commands/Server/rewrite.php(49): require_once('/Users/ayurifanny/Desktop/zjlawfirm/zoejustitia/public/index.php')
CRITICAL - 13-06-2024 15:03:46 --> ErrorException: Undefined variable $show_lg
[Method: GET, Route: blog]
in APPPATH/Views/blog.php on line 41.
 1 APPPATH/Views/blog.php(41): CodeIgniter\Debug\Exceptions->errorHandler(2, 'Undefined variable $show_lg', '/Users/ayurifanny/Desktop/zjlawfirm/zoejustitia/app/Views/blog.php', 41)
 2 SYSTEMPATH/View/View.php(234): include('/Users/ayurifanny/Desktop/zjlawfirm/zoejustitia/app/Views/blog.php')
 3 SYSTEMPATH/View/View.php(237): CodeIgniter\View\View->CodeIgniter\View\{closure}()
 4 SYSTEMPATH/Common.php(1171): CodeIgniter\View\View->render('blog', [], true)
 5 APPPATH/Controllers/Home.php(43): view('blog', [...])
 6 SYSTEMPATH/CodeIgniter.php(933): App\Controllers\Home->blog()
 7 SYSTEMPATH/CodeIgniter.php(509): CodeIgniter\CodeIgniter->runController(Object(App\Controllers\Home))
 8 SYSTEMPATH/CodeIgniter.php(355): CodeIgniter\CodeIgniter->handleRequest(null, Object(Config\Cache), false)
 9 SYSTEMPATH/Boot.php(312): CodeIgniter\CodeIgniter->run()
10 SYSTEMPATH/Boot.php(67): CodeIgniter\Boot::runCodeIgniter(Object(CodeIgniter\CodeIgniter))
11 FCPATH/index.php(56): CodeIgniter\Boot::bootWeb(Object(Config\Paths))
12 SYSTEMPATH/Commands/Server/rewrite.php(49): require_once('/Users/ayurifanny/Desktop/zjlawfirm/zoejustitia/public/index.php')
CRITICAL - 13-06-2024 15:03:46 --> ErrorException: Undefined variable $show_lg
[Method: GET, Route: blog]
in APPPATH/Views/blog.php on line 41.
 1 APPPATH/Views/blog.php(41): CodeIgniter\Debug\Exceptions->errorHandler(2, 'Undefined variable $show_lg', '/Users/ayurifanny/Desktop/zjlawfirm/zoejustitia/app/Views/blog.php', 41)
 2 SYSTEMPATH/View/View.php(234): include('/Users/ayurifanny/Desktop/zjlawfirm/zoejustitia/app/Views/blog.php')
 3 SYSTEMPATH/View/View.php(237): CodeIgniter\View\View->CodeIgniter\View\{closure}()
 4 SYSTEMPATH/Common.php(1171): CodeIgniter\View\View->render('blog', [], true)
 5 APPPATH/Controllers/Home.php(43): view('blog', [...])
 6 SYSTEMPATH/CodeIgniter.php(933): App\Controllers\Home->blog()
 7 SYSTEMPATH/CodeIgniter.php(509): CodeIgniter\CodeIgniter->runController(Object(App\Controllers\Home))
 8 SYSTEMPATH/CodeIgniter.php(355): CodeIgniter\CodeIgniter->handleRequest(null, Object(Config\Cache), false)
 9 SYSTEMPATH/Boot.php(312): CodeIgniter\CodeIgniter->run()
10 SYSTEMPATH/Boot.php(67): CodeIgniter\Boot::runCodeIgniter(Object(CodeIgniter\CodeIgniter))
11 FCPATH/index.php(56): CodeIgniter\Boot::bootWeb(Object(Config\Paths))
12 SYSTEMPATH/Commands/Server/rewrite.php(49): require_once('/Users/ayurifanny/Desktop/zjlawfirm/zoejustitia/public/index.php')
CRITICAL - 13-06-2024 15:03:46 --> ErrorException: Undefined variable $show_lg
[Method: GET, Route: blog]
in APPPATH/Views/blog.php on line 41.
 1 APPPATH/Views/blog.php(41): CodeIgniter\Debug\Exceptions->errorHandler(2, 'Undefined variable $show_lg', '/Users/ayurifanny/Desktop/zjlawfirm/zoejustitia/app/Views/blog.php', 41)
 2 SYSTEMPATH/View/View.php(234): include('/Users/ayurifanny/Desktop/zjlawfirm/zoejustitia/app/Views/blog.php')
 3 SYSTEMPATH/View/View.php(237): CodeIgniter\View\View->CodeIgniter\View\{closure}()
 4 SYSTEMPATH/Common.php(1171): CodeIgniter\View\View->render('blog', [], true)
 5 APPPATH/Controllers/Home.php(43): view('blog', [...])
 6 SYSTEMPATH/CodeIgniter.php(933): App\Controllers\Home->blog()
 7 SYSTEMPATH/CodeIgniter.php(509): CodeIgniter\CodeIgniter->runController(Object(App\Controllers\Home))
 8 SYSTEMPATH/CodeIgniter.php(355): CodeIgniter\CodeIgniter->handleRequest(null, Object(Config\Cache), false)
 9 SYSTEMPATH/Boot.php(312): CodeIgniter\CodeIgniter->run()
10 SYSTEMPATH/Boot.php(67): CodeIgniter\Boot::runCodeIgniter(Object(CodeIgniter\CodeIgniter))
11 FCPATH/index.php(56): CodeIgniter\Boot::bootWeb(Object(Config\Paths))
12 SYSTEMPATH/Commands/Server/rewrite.php(49): require_once('/Users/ayurifanny/Desktop/zjlawfirm/zoejustitia/public/index.php')
CRITICAL - 13-06-2024 15:11:52 --> CodeIgniter\View\Exceptions\ViewException: Invalid file: "blogdetail_1.php"
[Method: GET, Route: blog-detail]
in SYSTEMPATH/Exceptions/FrameworkException.php on line 41.
 1 SYSTEMPATH/View/View.php(222): CodeIgniter\Exceptions\FrameworkException::forInvalidFile('blogdetail_1.php')
 2 SYSTEMPATH/Common.php(1171): CodeIgniter\View\View->render('blogdetail_1', [], true)
 3 APPPATH/Controllers/Home.php(55): view('blogdetail_1', [...])
 4 SYSTEMPATH/CodeIgniter.php(933): App\Controllers\Home->blogdetail()
 5 SYSTEMPATH/CodeIgniter.php(509): CodeIgniter\CodeIgniter->runController(Object(App\Controllers\Home))
 6 SYSTEMPATH/CodeIgniter.php(355): CodeIgniter\CodeIgniter->handleRequest(null, Object(Config\Cache), false)
 7 SYSTEMPATH/Boot.php(312): CodeIgniter\CodeIgniter->run()
 8 SYSTEMPATH/Boot.php(67): CodeIgniter\Boot::runCodeIgniter(Object(CodeIgniter\CodeIgniter))
 9 FCPATH/index.php(56): CodeIgniter\Boot::bootWeb(Object(Config\Paths))
10 SYSTEMPATH/Commands/Server/rewrite.php(49): require_once('/Users/ayurifanny/Desktop/zjlawfirm/zoejustitia/public/index.php')
CRITICAL - 13-06-2024 15:12:00 --> CodeIgniter\View\Exceptions\ViewException: Invalid file: "blogdetail_1.php"
[Method: GET, Route: blog-detail]
in SYSTEMPATH/Exceptions/FrameworkException.php on line 41.
 1 SYSTEMPATH/View/View.php(222): CodeIgniter\Exceptions\FrameworkException::forInvalidFile('blogdetail_1.php')
 2 SYSTEMPATH/Common.php(1171): CodeIgniter\View\View->render('blogdetail_1', [], true)
 3 APPPATH/Controllers/Home.php(55): view('blogdetail_1', [...])
 4 SYSTEMPATH/CodeIgniter.php(933): App\Controllers\Home->blogdetail()
 5 SYSTEMPATH/CodeIgniter.php(509): CodeIgniter\CodeIgniter->runController(Object(App\Controllers\Home))
 6 SYSTEMPATH/CodeIgniter.php(355): CodeIgniter\CodeIgniter->handleRequest(null, Object(Config\Cache), false)
 7 SYSTEMPATH/Boot.php(312): CodeIgniter\CodeIgniter->run()
 8 SYSTEMPATH/Boot.php(67): CodeIgniter\Boot::runCodeIgniter(Object(CodeIgniter\CodeIgniter))
 9 FCPATH/index.php(56): CodeIgniter\Boot::bootWeb(Object(Config\Paths))
10 SYSTEMPATH/Commands/Server/rewrite.php(49): require_once('/Users/ayurifanny/Desktop/zjlawfirm/zoejustitia/public/index.php')
ERROR - 13-06-2024 15:23:49 --> Sukses mengirim email. Error: 
