ERROR - 2024-06-11 15:48:50 --> Email: Unable to send email using SMTP. Your server might not be configured to send mail using this method.
ERROR - 2024-06-11 15:48:50 --> 220 smtp.gmail.com ESMTP d9443c01a7336-1f6ef51579csm67173065ad.112 - gsmtp

hello: 250-smtp.gmail.com at your service, [2404:8000:1027:53d0:1861:673c:ab62:17ad]
250-SIZE 35882577
250-8BITMIME
250-AUTH LOGIN PLAIN XOAUTH2 PLAIN-CLIENTTOKEN OAUTHBEARER XOAUTH
250-ENHANCEDSTATUSCODES
250-PIPELINING
250-CHUNKING
250 SMTPUTF8

Failed to authenticate password. Error: 534-5.7.9 Application-specific password required. For more information, go to
534 5.7.9  https://support.google.com/mail/?p=InvalidSecondFactor d9443c01a7336-1f6ef51579csm67173065ad.112 - gsmtp

ERROR - 2024-06-11 15:58:42 --> Email: Unable to send email using SMTP. Your server might not be configured to send mail using this method.
ERROR - 2024-06-11 15:58:42 --> 220 smtp.gmail.com ESMTP 98e67ed59e1d1-2c2eceb5b29sm6299201a91.51 - gsmtp

hello: 250-smtp.gmail.com at your service, [2404:8000:1027:53d0:1861:673c:ab62:17ad]
250-SIZE 35882577
250-8BITMIME
250-AUTH LOGIN PLAIN XOAUTH2 PLAIN-CLIENTTOKEN OAUTHBEARER XOAUTH
250-ENHANCEDSTATUSCODES
250-PIPELINING
250-CHUNKING
250 SMTPUTF8

Failed to authenticate password. Error: 534-5.7.9 Application-specific password required. For more information, go to
534 5.7.9  https://support.google.com/mail/?p=InvalidSecondFactor 98e67ed59e1d1-2c2eceb5b29sm6299201a91.51 - gsmtp

ERROR - 2024-06-11 16:00:56 --> Email: Unable to send email using SMTP. Your server might not be configured to send mail using this method.
ERROR - 2024-06-11 16:00:56 --> 220 smtp.gmail.com ESMTP 98e67ed59e1d1-2c302df973esm5056219a91.57 - gsmtp

hello: 250-smtp.gmail.com at your service, [2404:8000:1027:53d0:1861:673c:ab62:17ad]
250-SIZE 35882577
250-8BITMIME
250-AUTH LOGIN PLAIN XOAUTH2 PLAIN-CLIENTTOKEN OAUTHBEARER XOAUTH
250-ENHANCEDSTATUSCODES
250-PIPELINING
250-CHUNKING
250 SMTPUTF8

Failed to authenticate password. Error: 534-5.7.9 Application-specific password required. For more information, go to
534 5.7.9  https://support.google.com/mail/?p=InvalidSecondFactor 98e67ed59e1d1-2c302df973esm5056219a91.57 - gsmtp

