CRITICAL - 2024-06-09 07:14:10 --> Error: Call to undefined function App\Controllers\printr()
[Method: GET, Route: /]
in APPPATH/Controllers/Home.php on line 10.
 1 SYSTEMPATH/CodeIgniter.php(933): App\Controllers\Home->index()
 2 SYSTEMPATH/CodeIgniter.php(509): CodeIgniter\CodeIgniter->runController(Object(App\Controllers\Home))
 3 SYSTEMPATH/CodeIgniter.php(355): CodeIgniter\CodeIgniter->handleRequest(null, Object(Config\Cache), false)
 4 SYSTEMPATH/Boot.php(312): CodeIgniter\CodeIgniter->run()
 5 SYSTEMPATH/Boot.php(67): CodeIgniter\Boot::runCodeIgniter(Object(CodeIgniter\CodeIgniter))
 6 FCPATH/index.php(56): CodeIgniter\Boot::bootWeb(Object(Config\Paths))
 7 SYSTEMPATH/Commands/Server/rewrite.php(49): require_once('/Users/ayurifanny/Desktop/zjlawfirm/zoejustitia/public/index.php')
CRITICAL - 2024-06-09 07:14:11 --> Error: Call to undefined function App\Controllers\printr()
[Method: GET, Route: /]
in APPPATH/Controllers/Home.php on line 10.
 1 SYSTEMPATH/CodeIgniter.php(933): App\Controllers\Home->index()
 2 SYSTEMPATH/CodeIgniter.php(509): CodeIgniter\CodeIgniter->runController(Object(App\Controllers\Home))
 3 SYSTEMPATH/CodeIgniter.php(355): CodeIgniter\CodeIgniter->handleRequest(null, Object(Config\Cache), false)
 4 SYSTEMPATH/Boot.php(312): CodeIgniter\CodeIgniter->run()
 5 SYSTEMPATH/Boot.php(67): CodeIgniter\Boot::runCodeIgniter(Object(CodeIgniter\CodeIgniter))
 6 FCPATH/index.php(56): CodeIgniter\Boot::bootWeb(Object(Config\Paths))
 7 SYSTEMPATH/Commands/Server/rewrite.php(49): require_once('/Users/ayurifanny/Desktop/zjlawfirm/zoejustitia/public/index.php')
CRITICAL - 2024-06-09 07:14:13 --> Error: Call to undefined function App\Controllers\printr()
[Method: GET, Route: /]
in APPPATH/Controllers/Home.php on line 10.
 1 SYSTEMPATH/CodeIgniter.php(933): App\Controllers\Home->index()
 2 SYSTEMPATH/CodeIgniter.php(509): CodeIgniter\CodeIgniter->runController(Object(App\Controllers\Home))
 3 SYSTEMPATH/CodeIgniter.php(355): CodeIgniter\CodeIgniter->handleRequest(null, Object(Config\Cache), false)
 4 SYSTEMPATH/Boot.php(312): CodeIgniter\CodeIgniter->run()
 5 SYSTEMPATH/Boot.php(67): CodeIgniter\Boot::runCodeIgniter(Object(CodeIgniter\CodeIgniter))
 6 FCPATH/index.php(56): CodeIgniter\Boot::bootWeb(Object(Config\Paths))
 7 SYSTEMPATH/Commands/Server/rewrite.php(49): require_once('/Users/ayurifanny/Desktop/zjlawfirm/zoejustitia/public/index.php')
CRITICAL - 2024-06-09 07:14:13 --> Error: Call to undefined function App\Controllers\printr()
[Method: GET, Route: /]
in APPPATH/Controllers/Home.php on line 10.
 1 SYSTEMPATH/CodeIgniter.php(933): App\Controllers\Home->index()
 2 SYSTEMPATH/CodeIgniter.php(509): CodeIgniter\CodeIgniter->runController(Object(App\Controllers\Home))
 3 SYSTEMPATH/CodeIgniter.php(355): CodeIgniter\CodeIgniter->handleRequest(null, Object(Config\Cache), false)
 4 SYSTEMPATH/Boot.php(312): CodeIgniter\CodeIgniter->run()
 5 SYSTEMPATH/Boot.php(67): CodeIgniter\Boot::runCodeIgniter(Object(CodeIgniter\CodeIgniter))
 6 FCPATH/index.php(56): CodeIgniter\Boot::bootWeb(Object(Config\Paths))
 7 SYSTEMPATH/Commands/Server/rewrite.php(49): require_once('/Users/ayurifanny/Desktop/zjlawfirm/zoejustitia/public/index.php')
CRITICAL - 2024-06-09 07:14:22 --> Error: Call to undefined function App\Controllers\printr()
[Method: GET, Route: /]
in APPPATH/Controllers/Home.php on line 10.
 1 SYSTEMPATH/CodeIgniter.php(933): App\Controllers\Home->index()
 2 SYSTEMPATH/CodeIgniter.php(509): CodeIgniter\CodeIgniter->runController(Object(App\Controllers\Home))
 3 SYSTEMPATH/CodeIgniter.php(355): CodeIgniter\CodeIgniter->handleRequest(null, Object(Config\Cache), false)
 4 SYSTEMPATH/Boot.php(312): CodeIgniter\CodeIgniter->run()
 5 SYSTEMPATH/Boot.php(67): CodeIgniter\Boot::runCodeIgniter(Object(CodeIgniter\CodeIgniter))
 6 FCPATH/index.php(56): CodeIgniter\Boot::bootWeb(Object(Config\Paths))
 7 SYSTEMPATH/Commands/Server/rewrite.php(49): require_once('/Users/ayurifanny/Desktop/zjlawfirm/zoejustitia/public/index.php')
CRITICAL - 2024-06-09 07:14:22 --> Error: Call to undefined function App\Controllers\printr()
[Method: GET, Route: /]
in APPPATH/Controllers/Home.php on line 10.
 1 SYSTEMPATH/CodeIgniter.php(933): App\Controllers\Home->index()
 2 SYSTEMPATH/CodeIgniter.php(509): CodeIgniter\CodeIgniter->runController(Object(App\Controllers\Home))
 3 SYSTEMPATH/CodeIgniter.php(355): CodeIgniter\CodeIgniter->handleRequest(null, Object(Config\Cache), false)
 4 SYSTEMPATH/Boot.php(312): CodeIgniter\CodeIgniter->run()
 5 SYSTEMPATH/Boot.php(67): CodeIgniter\Boot::runCodeIgniter(Object(CodeIgniter\CodeIgniter))
 6 FCPATH/index.php(56): CodeIgniter\Boot::bootWeb(Object(Config\Paths))
 7 SYSTEMPATH/Commands/Server/rewrite.php(49): require_once('/Users/ayurifanny/Desktop/zjlawfirm/zoejustitia/public/index.php')
CRITICAL - 2024-06-09 07:14:22 --> Error: Call to undefined function App\Controllers\printr()
[Method: GET, Route: /]
in APPPATH/Controllers/Home.php on line 10.
 1 SYSTEMPATH/CodeIgniter.php(933): App\Controllers\Home->index()
 2 SYSTEMPATH/CodeIgniter.php(509): CodeIgniter\CodeIgniter->runController(Object(App\Controllers\Home))
 3 SYSTEMPATH/CodeIgniter.php(355): CodeIgniter\CodeIgniter->handleRequest(null, Object(Config\Cache), false)
 4 SYSTEMPATH/Boot.php(312): CodeIgniter\CodeIgniter->run()
 5 SYSTEMPATH/Boot.php(67): CodeIgniter\Boot::runCodeIgniter(Object(CodeIgniter\CodeIgniter))
 6 FCPATH/index.php(56): CodeIgniter\Boot::bootWeb(Object(Config\Paths))
 7 SYSTEMPATH/Commands/Server/rewrite.php(49): require_once('/Users/ayurifanny/Desktop/zjlawfirm/zoejustitia/public/index.php')
CRITICAL - 2024-06-09 07:14:22 --> Error: Call to undefined function App\Controllers\printr()
[Method: GET, Route: /]
in APPPATH/Controllers/Home.php on line 10.
 1 SYSTEMPATH/CodeIgniter.php(933): App\Controllers\Home->index()
 2 SYSTEMPATH/CodeIgniter.php(509): CodeIgniter\CodeIgniter->runController(Object(App\Controllers\Home))
 3 SYSTEMPATH/CodeIgniter.php(355): CodeIgniter\CodeIgniter->handleRequest(null, Object(Config\Cache), false)
 4 SYSTEMPATH/Boot.php(312): CodeIgniter\CodeIgniter->run()
 5 SYSTEMPATH/Boot.php(67): CodeIgniter\Boot::runCodeIgniter(Object(CodeIgniter\CodeIgniter))
 6 FCPATH/index.php(56): CodeIgniter\Boot::bootWeb(Object(Config\Paths))
 7 SYSTEMPATH/Commands/Server/rewrite.php(49): require_once('/Users/ayurifanny/Desktop/zjlawfirm/zoejustitia/public/index.php')
CRITICAL - 2024-06-09 07:14:31 --> ErrorException: Undefined property: App\Controllers\Home::$load
[Method: GET, Route: /]
in APPPATH/Controllers/Home.php on line 11.
 1 APPPATH/Controllers/Home.php(11): CodeIgniter\Debug\Exceptions->errorHandler(2, 'Undefined property: App\\Controllers\\Home::$load', '/Users/ayurifanny/Desktop/zjlawfirm/zoejustitia/app/Controllers/Home.php', 11)
 2 SYSTEMPATH/CodeIgniter.php(933): App\Controllers\Home->index()
 3 SYSTEMPATH/CodeIgniter.php(509): CodeIgniter\CodeIgniter->runController(Object(App\Controllers\Home))
 4 SYSTEMPATH/CodeIgniter.php(355): CodeIgniter\CodeIgniter->handleRequest(null, Object(Config\Cache), false)
 5 SYSTEMPATH/Boot.php(312): CodeIgniter\CodeIgniter->run()
 6 SYSTEMPATH/Boot.php(67): CodeIgniter\Boot::runCodeIgniter(Object(CodeIgniter\CodeIgniter))
 7 FCPATH/index.php(56): CodeIgniter\Boot::bootWeb(Object(Config\Paths))
 8 SYSTEMPATH/Commands/Server/rewrite.php(49): require_once('/Users/ayurifanny/Desktop/zjlawfirm/zoejustitia/public/index.php')
CRITICAL - 2024-06-09 07:14:32 --> ErrorException: Undefined property: App\Controllers\Home::$load
[Method: GET, Route: /]
in APPPATH/Controllers/Home.php on line 11.
 1 APPPATH/Controllers/Home.php(11): CodeIgniter\Debug\Exceptions->errorHandler(2, 'Undefined property: App\\Controllers\\Home::$load', '/Users/ayurifanny/Desktop/zjlawfirm/zoejustitia/app/Controllers/Home.php', 11)
 2 SYSTEMPATH/CodeIgniter.php(933): App\Controllers\Home->index()
 3 SYSTEMPATH/CodeIgniter.php(509): CodeIgniter\CodeIgniter->runController(Object(App\Controllers\Home))
 4 SYSTEMPATH/CodeIgniter.php(355): CodeIgniter\CodeIgniter->handleRequest(null, Object(Config\Cache), false)
 5 SYSTEMPATH/Boot.php(312): CodeIgniter\CodeIgniter->run()
 6 SYSTEMPATH/Boot.php(67): CodeIgniter\Boot::runCodeIgniter(Object(CodeIgniter\CodeIgniter))
 7 FCPATH/index.php(56): CodeIgniter\Boot::bootWeb(Object(Config\Paths))
 8 SYSTEMPATH/Commands/Server/rewrite.php(49): require_once('/Users/ayurifanny/Desktop/zjlawfirm/zoejustitia/public/index.php')
CRITICAL - 2024-06-09 07:14:32 --> ErrorException: Undefined property: App\Controllers\Home::$load
[Method: GET, Route: /]
in APPPATH/Controllers/Home.php on line 11.
 1 APPPATH/Controllers/Home.php(11): CodeIgniter\Debug\Exceptions->errorHandler(2, 'Undefined property: App\\Controllers\\Home::$load', '/Users/ayurifanny/Desktop/zjlawfirm/zoejustitia/app/Controllers/Home.php', 11)
 2 SYSTEMPATH/CodeIgniter.php(933): App\Controllers\Home->index()
 3 SYSTEMPATH/CodeIgniter.php(509): CodeIgniter\CodeIgniter->runController(Object(App\Controllers\Home))
 4 SYSTEMPATH/CodeIgniter.php(355): CodeIgniter\CodeIgniter->handleRequest(null, Object(Config\Cache), false)
 5 SYSTEMPATH/Boot.php(312): CodeIgniter\CodeIgniter->run()
 6 SYSTEMPATH/Boot.php(67): CodeIgniter\Boot::runCodeIgniter(Object(CodeIgniter\CodeIgniter))
 7 FCPATH/index.php(56): CodeIgniter\Boot::bootWeb(Object(Config\Paths))
 8 SYSTEMPATH/Commands/Server/rewrite.php(49): require_once('/Users/ayurifanny/Desktop/zjlawfirm/zoejustitia/public/index.php')
CRITICAL - 2024-06-09 07:14:50 --> ErrorException: Undefined property: App\Controllers\Home::$load
[Method: GET, Route: /]
in APPPATH/Controllers/Home.php on line 11.
 1 APPPATH/Controllers/Home.php(11): CodeIgniter\Debug\Exceptions->errorHandler(2, 'Undefined property: App\\Controllers\\Home::$load', '/Users/ayurifanny/Desktop/zjlawfirm/zoejustitia/app/Controllers/Home.php', 11)
 2 SYSTEMPATH/CodeIgniter.php(933): App\Controllers\Home->index()
 3 SYSTEMPATH/CodeIgniter.php(509): CodeIgniter\CodeIgniter->runController(Object(App\Controllers\Home))
 4 SYSTEMPATH/CodeIgniter.php(355): CodeIgniter\CodeIgniter->handleRequest(null, Object(Config\Cache), false)
 5 SYSTEMPATH/Boot.php(312): CodeIgniter\CodeIgniter->run()
 6 SYSTEMPATH/Boot.php(67): CodeIgniter\Boot::runCodeIgniter(Object(CodeIgniter\CodeIgniter))
 7 FCPATH/index.php(56): CodeIgniter\Boot::bootWeb(Object(Config\Paths))
 8 SYSTEMPATH/Commands/Server/rewrite.php(49): require_once('/Users/ayurifanny/Desktop/zjlawfirm/zoejustitia/public/index.php')
CRITICAL - 2024-06-09 07:14:50 --> ErrorException: Undefined property: App\Controllers\Home::$load
[Method: GET, Route: /]
in APPPATH/Controllers/Home.php on line 11.
 1 APPPATH/Controllers/Home.php(11): CodeIgniter\Debug\Exceptions->errorHandler(2, 'Undefined property: App\\Controllers\\Home::$load', '/Users/ayurifanny/Desktop/zjlawfirm/zoejustitia/app/Controllers/Home.php', 11)
 2 SYSTEMPATH/CodeIgniter.php(933): App\Controllers\Home->index()
 3 SYSTEMPATH/CodeIgniter.php(509): CodeIgniter\CodeIgniter->runController(Object(App\Controllers\Home))
 4 SYSTEMPATH/CodeIgniter.php(355): CodeIgniter\CodeIgniter->handleRequest(null, Object(Config\Cache), false)
 5 SYSTEMPATH/Boot.php(312): CodeIgniter\CodeIgniter->run()
 6 SYSTEMPATH/Boot.php(67): CodeIgniter\Boot::runCodeIgniter(Object(CodeIgniter\CodeIgniter))
 7 FCPATH/index.php(56): CodeIgniter\Boot::bootWeb(Object(Config\Paths))
 8 SYSTEMPATH/Commands/Server/rewrite.php(49): require_once('/Users/ayurifanny/Desktop/zjlawfirm/zoejustitia/public/index.php')
CRITICAL - 2024-06-09 07:14:50 --> ErrorException: Undefined property: App\Controllers\Home::$load
[Method: GET, Route: /]
in APPPATH/Controllers/Home.php on line 11.
 1 APPPATH/Controllers/Home.php(11): CodeIgniter\Debug\Exceptions->errorHandler(2, 'Undefined property: App\\Controllers\\Home::$load', '/Users/ayurifanny/Desktop/zjlawfirm/zoejustitia/app/Controllers/Home.php', 11)
 2 SYSTEMPATH/CodeIgniter.php(933): App\Controllers\Home->index()
 3 SYSTEMPATH/CodeIgniter.php(509): CodeIgniter\CodeIgniter->runController(Object(App\Controllers\Home))
 4 SYSTEMPATH/CodeIgniter.php(355): CodeIgniter\CodeIgniter->handleRequest(null, Object(Config\Cache), false)
 5 SYSTEMPATH/Boot.php(312): CodeIgniter\CodeIgniter->run()
 6 SYSTEMPATH/Boot.php(67): CodeIgniter\Boot::runCodeIgniter(Object(CodeIgniter\CodeIgniter))
 7 FCPATH/index.php(56): CodeIgniter\Boot::bootWeb(Object(Config\Paths))
 8 SYSTEMPATH/Commands/Server/rewrite.php(49): require_once('/Users/ayurifanny/Desktop/zjlawfirm/zoejustitia/public/index.php')
CRITICAL - 2024-06-09 07:15:08 --> Error: Call to undefined function App\Controllers\printr()
[Method: GET, Route: /]
in APPPATH/Controllers/Home.php on line 10.
 1 SYSTEMPATH/CodeIgniter.php(933): App\Controllers\Home->index()
 2 SYSTEMPATH/CodeIgniter.php(509): CodeIgniter\CodeIgniter->runController(Object(App\Controllers\Home))
 3 SYSTEMPATH/CodeIgniter.php(355): CodeIgniter\CodeIgniter->handleRequest(null, Object(Config\Cache), false)
 4 SYSTEMPATH/Boot.php(312): CodeIgniter\CodeIgniter->run()
 5 SYSTEMPATH/Boot.php(67): CodeIgniter\Boot::runCodeIgniter(Object(CodeIgniter\CodeIgniter))
 6 FCPATH/index.php(56): CodeIgniter\Boot::bootWeb(Object(Config\Paths))
 7 SYSTEMPATH/Commands/Server/rewrite.php(49): require_once('/Users/ayurifanny/Desktop/zjlawfirm/zoejustitia/public/index.php')
CRITICAL - 2024-06-09 07:15:08 --> Error: Call to undefined function App\Controllers\printr()
[Method: GET, Route: /]
in APPPATH/Controllers/Home.php on line 10.
 1 SYSTEMPATH/CodeIgniter.php(933): App\Controllers\Home->index()
 2 SYSTEMPATH/CodeIgniter.php(509): CodeIgniter\CodeIgniter->runController(Object(App\Controllers\Home))
 3 SYSTEMPATH/CodeIgniter.php(355): CodeIgniter\CodeIgniter->handleRequest(null, Object(Config\Cache), false)
 4 SYSTEMPATH/Boot.php(312): CodeIgniter\CodeIgniter->run()
 5 SYSTEMPATH/Boot.php(67): CodeIgniter\Boot::runCodeIgniter(Object(CodeIgniter\CodeIgniter))
 6 FCPATH/index.php(56): CodeIgniter\Boot::bootWeb(Object(Config\Paths))
 7 SYSTEMPATH/Commands/Server/rewrite.php(49): require_once('/Users/ayurifanny/Desktop/zjlawfirm/zoejustitia/public/index.php')
CRITICAL - 2024-06-09 07:15:08 --> Error: Call to undefined function App\Controllers\printr()
[Method: GET, Route: /]
in APPPATH/Controllers/Home.php on line 10.
 1 SYSTEMPATH/CodeIgniter.php(933): App\Controllers\Home->index()
 2 SYSTEMPATH/CodeIgniter.php(509): CodeIgniter\CodeIgniter->runController(Object(App\Controllers\Home))
 3 SYSTEMPATH/CodeIgniter.php(355): CodeIgniter\CodeIgniter->handleRequest(null, Object(Config\Cache), false)
 4 SYSTEMPATH/Boot.php(312): CodeIgniter\CodeIgniter->run()
 5 SYSTEMPATH/Boot.php(67): CodeIgniter\Boot::runCodeIgniter(Object(CodeIgniter\CodeIgniter))
 6 FCPATH/index.php(56): CodeIgniter\Boot::bootWeb(Object(Config\Paths))
 7 SYSTEMPATH/Commands/Server/rewrite.php(49): require_once('/Users/ayurifanny/Desktop/zjlawfirm/zoejustitia/public/index.php')
CRITICAL - 2024-06-09 07:15:09 --> Error: Call to undefined function App\Controllers\printr()
[Method: GET, Route: /]
in APPPATH/Controllers/Home.php on line 10.
 1 SYSTEMPATH/CodeIgniter.php(933): App\Controllers\Home->index()
 2 SYSTEMPATH/CodeIgniter.php(509): CodeIgniter\CodeIgniter->runController(Object(App\Controllers\Home))
 3 SYSTEMPATH/CodeIgniter.php(355): CodeIgniter\CodeIgniter->handleRequest(null, Object(Config\Cache), false)
 4 SYSTEMPATH/Boot.php(312): CodeIgniter\CodeIgniter->run()
 5 SYSTEMPATH/Boot.php(67): CodeIgniter\Boot::runCodeIgniter(Object(CodeIgniter\CodeIgniter))
 6 FCPATH/index.php(56): CodeIgniter\Boot::bootWeb(Object(Config\Paths))
 7 SYSTEMPATH/Commands/Server/rewrite.php(49): require_once('/Users/ayurifanny/Desktop/zjlawfirm/zoejustitia/public/index.php')
CRITICAL - 2024-06-09 07:15:25 --> ErrorException: Undefined property: App\Controllers\Home::$lang
[Method: GET, Route: /]
in APPPATH/Controllers/Home.php on line 14.
 1 APPPATH/Controllers/Home.php(14): CodeIgniter\Debug\Exceptions->errorHandler(2, 'Undefined property: App\\Controllers\\Home::$lang', '/Users/ayurifanny/Desktop/zjlawfirm/zoejustitia/app/Controllers/Home.php', 14)
 2 SYSTEMPATH/CodeIgniter.php(933): App\Controllers\Home->index()
 3 SYSTEMPATH/CodeIgniter.php(509): CodeIgniter\CodeIgniter->runController(Object(App\Controllers\Home))
 4 SYSTEMPATH/CodeIgniter.php(355): CodeIgniter\CodeIgniter->handleRequest(null, Object(Config\Cache), false)
 5 SYSTEMPATH/Boot.php(312): CodeIgniter\CodeIgniter->run()
 6 SYSTEMPATH/Boot.php(67): CodeIgniter\Boot::runCodeIgniter(Object(CodeIgniter\CodeIgniter))
 7 FCPATH/index.php(56): CodeIgniter\Boot::bootWeb(Object(Config\Paths))
 8 SYSTEMPATH/Commands/Server/rewrite.php(49): require_once('/Users/ayurifanny/Desktop/zjlawfirm/zoejustitia/public/index.php')
CRITICAL - 2024-06-09 07:15:26 --> ErrorException: Undefined property: App\Controllers\Home::$lang
[Method: GET, Route: /]
in APPPATH/Controllers/Home.php on line 14.
 1 APPPATH/Controllers/Home.php(14): CodeIgniter\Debug\Exceptions->errorHandler(2, 'Undefined property: App\\Controllers\\Home::$lang', '/Users/ayurifanny/Desktop/zjlawfirm/zoejustitia/app/Controllers/Home.php', 14)
 2 SYSTEMPATH/CodeIgniter.php(933): App\Controllers\Home->index()
 3 SYSTEMPATH/CodeIgniter.php(509): CodeIgniter\CodeIgniter->runController(Object(App\Controllers\Home))
 4 SYSTEMPATH/CodeIgniter.php(355): CodeIgniter\CodeIgniter->handleRequest(null, Object(Config\Cache), false)
 5 SYSTEMPATH/Boot.php(312): CodeIgniter\CodeIgniter->run()
 6 SYSTEMPATH/Boot.php(67): CodeIgniter\Boot::runCodeIgniter(Object(CodeIgniter\CodeIgniter))
 7 FCPATH/index.php(56): CodeIgniter\Boot::bootWeb(Object(Config\Paths))
 8 SYSTEMPATH/Commands/Server/rewrite.php(49): require_once('/Users/ayurifanny/Desktop/zjlawfirm/zoejustitia/public/index.php')
CRITICAL - 2024-06-09 07:15:26 --> ErrorException: Undefined property: App\Controllers\Home::$lang
[Method: GET, Route: /]
in APPPATH/Controllers/Home.php on line 14.
 1 APPPATH/Controllers/Home.php(14): CodeIgniter\Debug\Exceptions->errorHandler(2, 'Undefined property: App\\Controllers\\Home::$lang', '/Users/ayurifanny/Desktop/zjlawfirm/zoejustitia/app/Controllers/Home.php', 14)
 2 SYSTEMPATH/CodeIgniter.php(933): App\Controllers\Home->index()
 3 SYSTEMPATH/CodeIgniter.php(509): CodeIgniter\CodeIgniter->runController(Object(App\Controllers\Home))
 4 SYSTEMPATH/CodeIgniter.php(355): CodeIgniter\CodeIgniter->handleRequest(null, Object(Config\Cache), false)
 5 SYSTEMPATH/Boot.php(312): CodeIgniter\CodeIgniter->run()
 6 SYSTEMPATH/Boot.php(67): CodeIgniter\Boot::runCodeIgniter(Object(CodeIgniter\CodeIgniter))
 7 FCPATH/index.php(56): CodeIgniter\Boot::bootWeb(Object(Config\Paths))
 8 SYSTEMPATH/Commands/Server/rewrite.php(49): require_once('/Users/ayurifanny/Desktop/zjlawfirm/zoejustitia/public/index.php')
CRITICAL - 2024-06-09 07:15:26 --> ErrorException: Undefined property: App\Controllers\Home::$lang
[Method: GET, Route: /]
in APPPATH/Controllers/Home.php on line 14.
 1 APPPATH/Controllers/Home.php(14): CodeIgniter\Debug\Exceptions->errorHandler(2, 'Undefined property: App\\Controllers\\Home::$lang', '/Users/ayurifanny/Desktop/zjlawfirm/zoejustitia/app/Controllers/Home.php', 14)
 2 SYSTEMPATH/CodeIgniter.php(933): App\Controllers\Home->index()
 3 SYSTEMPATH/CodeIgniter.php(509): CodeIgniter\CodeIgniter->runController(Object(App\Controllers\Home))
 4 SYSTEMPATH/CodeIgniter.php(355): CodeIgniter\CodeIgniter->handleRequest(null, Object(Config\Cache), false)
 5 SYSTEMPATH/Boot.php(312): CodeIgniter\CodeIgniter->run()
 6 SYSTEMPATH/Boot.php(67): CodeIgniter\Boot::runCodeIgniter(Object(CodeIgniter\CodeIgniter))
 7 FCPATH/index.php(56): CodeIgniter\Boot::bootWeb(Object(Config\Paths))
 8 SYSTEMPATH/Commands/Server/rewrite.php(49): require_once('/Users/ayurifanny/Desktop/zjlawfirm/zoejustitia/public/index.php')
CRITICAL - 2024-06-09 07:15:26 --> ErrorException: Undefined property: App\Controllers\Home::$lang
[Method: GET, Route: /]
in APPPATH/Controllers/Home.php on line 14.
 1 APPPATH/Controllers/Home.php(14): CodeIgniter\Debug\Exceptions->errorHandler(2, 'Undefined property: App\\Controllers\\Home::$lang', '/Users/ayurifanny/Desktop/zjlawfirm/zoejustitia/app/Controllers/Home.php', 14)
 2 SYSTEMPATH/CodeIgniter.php(933): App\Controllers\Home->index()
 3 SYSTEMPATH/CodeIgniter.php(509): CodeIgniter\CodeIgniter->runController(Object(App\Controllers\Home))
 4 SYSTEMPATH/CodeIgniter.php(355): CodeIgniter\CodeIgniter->handleRequest(null, Object(Config\Cache), false)
 5 SYSTEMPATH/Boot.php(312): CodeIgniter\CodeIgniter->run()
 6 SYSTEMPATH/Boot.php(67): CodeIgniter\Boot::runCodeIgniter(Object(CodeIgniter\CodeIgniter))
 7 FCPATH/index.php(56): CodeIgniter\Boot::bootWeb(Object(Config\Paths))
 8 SYSTEMPATH/Commands/Server/rewrite.php(49): require_once('/Users/ayurifanny/Desktop/zjlawfirm/zoejustitia/public/index.php')
CRITICAL - 2024-06-09 07:15:33 --> ErrorException: Undefined property: App\Controllers\Home::$lang
[Method: GET, Route: /]
in APPPATH/Controllers/Home.php on line 14.
 1 APPPATH/Controllers/Home.php(14): CodeIgniter\Debug\Exceptions->errorHandler(2, 'Undefined property: App\\Controllers\\Home::$lang', '/Users/ayurifanny/Desktop/zjlawfirm/zoejustitia/app/Controllers/Home.php', 14)
 2 SYSTEMPATH/CodeIgniter.php(933): App\Controllers\Home->index()
 3 SYSTEMPATH/CodeIgniter.php(509): CodeIgniter\CodeIgniter->runController(Object(App\Controllers\Home))
 4 SYSTEMPATH/CodeIgniter.php(355): CodeIgniter\CodeIgniter->handleRequest(null, Object(Config\Cache), false)
 5 SYSTEMPATH/Boot.php(312): CodeIgniter\CodeIgniter->run()
 6 SYSTEMPATH/Boot.php(67): CodeIgniter\Boot::runCodeIgniter(Object(CodeIgniter\CodeIgniter))
 7 FCPATH/index.php(56): CodeIgniter\Boot::bootWeb(Object(Config\Paths))
 8 SYSTEMPATH/Commands/Server/rewrite.php(49): require_once('/Users/ayurifanny/Desktop/zjlawfirm/zoejustitia/public/index.php')
CRITICAL - 2024-06-09 07:15:33 --> ErrorException: Undefined property: App\Controllers\Home::$lang
[Method: GET, Route: /]
in APPPATH/Controllers/Home.php on line 14.
 1 APPPATH/Controllers/Home.php(14): CodeIgniter\Debug\Exceptions->errorHandler(2, 'Undefined property: App\\Controllers\\Home::$lang', '/Users/ayurifanny/Desktop/zjlawfirm/zoejustitia/app/Controllers/Home.php', 14)
 2 SYSTEMPATH/CodeIgniter.php(933): App\Controllers\Home->index()
 3 SYSTEMPATH/CodeIgniter.php(509): CodeIgniter\CodeIgniter->runController(Object(App\Controllers\Home))
 4 SYSTEMPATH/CodeIgniter.php(355): CodeIgniter\CodeIgniter->handleRequest(null, Object(Config\Cache), false)
 5 SYSTEMPATH/Boot.php(312): CodeIgniter\CodeIgniter->run()
 6 SYSTEMPATH/Boot.php(67): CodeIgniter\Boot::runCodeIgniter(Object(CodeIgniter\CodeIgniter))
 7 FCPATH/index.php(56): CodeIgniter\Boot::bootWeb(Object(Config\Paths))
 8 SYSTEMPATH/Commands/Server/rewrite.php(49): require_once('/Users/ayurifanny/Desktop/zjlawfirm/zoejustitia/public/index.php')
CRITICAL - 2024-06-09 07:15:33 --> ErrorException: Undefined property: App\Controllers\Home::$lang
[Method: GET, Route: /]
in APPPATH/Controllers/Home.php on line 14.
 1 APPPATH/Controllers/Home.php(14): CodeIgniter\Debug\Exceptions->errorHandler(2, 'Undefined property: App\\Controllers\\Home::$lang', '/Users/ayurifanny/Desktop/zjlawfirm/zoejustitia/app/Controllers/Home.php', 14)
 2 SYSTEMPATH/CodeIgniter.php(933): App\Controllers\Home->index()
 3 SYSTEMPATH/CodeIgniter.php(509): CodeIgniter\CodeIgniter->runController(Object(App\Controllers\Home))
 4 SYSTEMPATH/CodeIgniter.php(355): CodeIgniter\CodeIgniter->handleRequest(null, Object(Config\Cache), false)
 5 SYSTEMPATH/Boot.php(312): CodeIgniter\CodeIgniter->run()
 6 SYSTEMPATH/Boot.php(67): CodeIgniter\Boot::runCodeIgniter(Object(CodeIgniter\CodeIgniter))
 7 FCPATH/index.php(56): CodeIgniter\Boot::bootWeb(Object(Config\Paths))
 8 SYSTEMPATH/Commands/Server/rewrite.php(49): require_once('/Users/ayurifanny/Desktop/zjlawfirm/zoejustitia/public/index.php')
CRITICAL - 2024-06-09 07:15:33 --> ErrorException: Undefined property: App\Controllers\Home::$lang
[Method: GET, Route: /]
in APPPATH/Controllers/Home.php on line 14.
 1 APPPATH/Controllers/Home.php(14): CodeIgniter\Debug\Exceptions->errorHandler(2, 'Undefined property: App\\Controllers\\Home::$lang', '/Users/ayurifanny/Desktop/zjlawfirm/zoejustitia/app/Controllers/Home.php', 14)
 2 SYSTEMPATH/CodeIgniter.php(933): App\Controllers\Home->index()
 3 SYSTEMPATH/CodeIgniter.php(509): CodeIgniter\CodeIgniter->runController(Object(App\Controllers\Home))
 4 SYSTEMPATH/CodeIgniter.php(355): CodeIgniter\CodeIgniter->handleRequest(null, Object(Config\Cache), false)
 5 SYSTEMPATH/Boot.php(312): CodeIgniter\CodeIgniter->run()
 6 SYSTEMPATH/Boot.php(67): CodeIgniter\Boot::runCodeIgniter(Object(CodeIgniter\CodeIgniter))
 7 FCPATH/index.php(56): CodeIgniter\Boot::bootWeb(Object(Config\Paths))
 8 SYSTEMPATH/Commands/Server/rewrite.php(49): require_once('/Users/ayurifanny/Desktop/zjlawfirm/zoejustitia/public/index.php')
CRITICAL - 2024-06-09 07:25:34 --> Error: Cannot call constructor
[Method: GET, Route: /]
in APPPATH/Controllers/Home.php on line 8.
 1 SYSTEMPATH/CodeIgniter.php(903): App\Controllers\Home->__construct()
 2 SYSTEMPATH/CodeIgniter.php(500): CodeIgniter\CodeIgniter->createController()
 3 SYSTEMPATH/CodeIgniter.php(355): CodeIgniter\CodeIgniter->handleRequest(null, Object(Config\Cache), false)
 4 SYSTEMPATH/Boot.php(312): CodeIgniter\CodeIgniter->run()
 5 SYSTEMPATH/Boot.php(67): CodeIgniter\Boot::runCodeIgniter(Object(CodeIgniter\CodeIgniter))
 6 FCPATH/index.php(56): CodeIgniter\Boot::bootWeb(Object(Config\Paths))
 7 SYSTEMPATH/Commands/Server/rewrite.php(49): require_once('/Users/ayurifanny/Desktop/zjlawfirm/zoejustitia/public/index.php')
CRITICAL - 2024-06-09 07:25:35 --> Error: Cannot call constructor
[Method: GET, Route: /]
in APPPATH/Controllers/Home.php on line 8.
 1 SYSTEMPATH/CodeIgniter.php(903): App\Controllers\Home->__construct()
 2 SYSTEMPATH/CodeIgniter.php(500): CodeIgniter\CodeIgniter->createController()
 3 SYSTEMPATH/CodeIgniter.php(355): CodeIgniter\CodeIgniter->handleRequest(null, Object(Config\Cache), false)
 4 SYSTEMPATH/Boot.php(312): CodeIgniter\CodeIgniter->run()
 5 SYSTEMPATH/Boot.php(67): CodeIgniter\Boot::runCodeIgniter(Object(CodeIgniter\CodeIgniter))
 6 FCPATH/index.php(56): CodeIgniter\Boot::bootWeb(Object(Config\Paths))
 7 SYSTEMPATH/Commands/Server/rewrite.php(49): require_once('/Users/ayurifanny/Desktop/zjlawfirm/zoejustitia/public/index.php')
CRITICAL - 2024-06-09 07:25:35 --> Error: Cannot call constructor
[Method: GET, Route: /]
in APPPATH/Controllers/Home.php on line 8.
 1 SYSTEMPATH/CodeIgniter.php(903): App\Controllers\Home->__construct()
 2 SYSTEMPATH/CodeIgniter.php(500): CodeIgniter\CodeIgniter->createController()
 3 SYSTEMPATH/CodeIgniter.php(355): CodeIgniter\CodeIgniter->handleRequest(null, Object(Config\Cache), false)
 4 SYSTEMPATH/Boot.php(312): CodeIgniter\CodeIgniter->run()
 5 SYSTEMPATH/Boot.php(67): CodeIgniter\Boot::runCodeIgniter(Object(CodeIgniter\CodeIgniter))
 6 FCPATH/index.php(56): CodeIgniter\Boot::bootWeb(Object(Config\Paths))
 7 SYSTEMPATH/Commands/Server/rewrite.php(49): require_once('/Users/ayurifanny/Desktop/zjlawfirm/zoejustitia/public/index.php')
CRITICAL - 2024-06-09 07:25:35 --> Error: Cannot call constructor
[Method: GET, Route: /]
in APPPATH/Controllers/Home.php on line 8.
 1 SYSTEMPATH/CodeIgniter.php(903): App\Controllers\Home->__construct()
 2 SYSTEMPATH/CodeIgniter.php(500): CodeIgniter\CodeIgniter->createController()
 3 SYSTEMPATH/CodeIgniter.php(355): CodeIgniter\CodeIgniter->handleRequest(null, Object(Config\Cache), false)
 4 SYSTEMPATH/Boot.php(312): CodeIgniter\CodeIgniter->run()
 5 SYSTEMPATH/Boot.php(67): CodeIgniter\Boot::runCodeIgniter(Object(CodeIgniter\CodeIgniter))
 6 FCPATH/index.php(56): CodeIgniter\Boot::bootWeb(Object(Config\Paths))
 7 SYSTEMPATH/Commands/Server/rewrite.php(49): require_once('/Users/ayurifanny/Desktop/zjlawfirm/zoejustitia/public/index.php')
CRITICAL - 2024-06-09 07:25:58 --> Error: Cannot call constructor
[Method: GET, Route: /]
in APPPATH/Controllers/Home.php on line 8.
 1 SYSTEMPATH/CodeIgniter.php(903): App\Controllers\Home->__construct()
 2 SYSTEMPATH/CodeIgniter.php(500): CodeIgniter\CodeIgniter->createController()
 3 SYSTEMPATH/CodeIgniter.php(355): CodeIgniter\CodeIgniter->handleRequest(null, Object(Config\Cache), false)
 4 SYSTEMPATH/Boot.php(312): CodeIgniter\CodeIgniter->run()
 5 SYSTEMPATH/Boot.php(67): CodeIgniter\Boot::runCodeIgniter(Object(CodeIgniter\CodeIgniter))
 6 FCPATH/index.php(56): CodeIgniter\Boot::bootWeb(Object(Config\Paths))
 7 SYSTEMPATH/Commands/Server/rewrite.php(49): require_once('/Users/ayurifanny/Desktop/zjlawfirm/zoejustitia/public/index.php')
CRITICAL - 2024-06-09 07:25:58 --> Error: Cannot call constructor
[Method: GET, Route: /]
in APPPATH/Controllers/Home.php on line 8.
 1 SYSTEMPATH/CodeIgniter.php(903): App\Controllers\Home->__construct()
 2 SYSTEMPATH/CodeIgniter.php(500): CodeIgniter\CodeIgniter->createController()
 3 SYSTEMPATH/CodeIgniter.php(355): CodeIgniter\CodeIgniter->handleRequest(null, Object(Config\Cache), false)
 4 SYSTEMPATH/Boot.php(312): CodeIgniter\CodeIgniter->run()
 5 SYSTEMPATH/Boot.php(67): CodeIgniter\Boot::runCodeIgniter(Object(CodeIgniter\CodeIgniter))
 6 FCPATH/index.php(56): CodeIgniter\Boot::bootWeb(Object(Config\Paths))
 7 SYSTEMPATH/Commands/Server/rewrite.php(49): require_once('/Users/ayurifanny/Desktop/zjlawfirm/zoejustitia/public/index.php')
CRITICAL - 2024-06-09 07:25:58 --> Error: Cannot call constructor
[Method: GET, Route: /]
in APPPATH/Controllers/Home.php on line 8.
 1 SYSTEMPATH/CodeIgniter.php(903): App\Controllers\Home->__construct()
 2 SYSTEMPATH/CodeIgniter.php(500): CodeIgniter\CodeIgniter->createController()
 3 SYSTEMPATH/CodeIgniter.php(355): CodeIgniter\CodeIgniter->handleRequest(null, Object(Config\Cache), false)
 4 SYSTEMPATH/Boot.php(312): CodeIgniter\CodeIgniter->run()
 5 SYSTEMPATH/Boot.php(67): CodeIgniter\Boot::runCodeIgniter(Object(CodeIgniter\CodeIgniter))
 6 FCPATH/index.php(56): CodeIgniter\Boot::bootWeb(Object(Config\Paths))
 7 SYSTEMPATH/Commands/Server/rewrite.php(49): require_once('/Users/ayurifanny/Desktop/zjlawfirm/zoejustitia/public/index.php')
CRITICAL - 2024-06-09 07:25:58 --> Error: Cannot call constructor
[Method: GET, Route: /]
in APPPATH/Controllers/Home.php on line 8.
 1 SYSTEMPATH/CodeIgniter.php(903): App\Controllers\Home->__construct()
 2 SYSTEMPATH/CodeIgniter.php(500): CodeIgniter\CodeIgniter->createController()
 3 SYSTEMPATH/CodeIgniter.php(355): CodeIgniter\CodeIgniter->handleRequest(null, Object(Config\Cache), false)
 4 SYSTEMPATH/Boot.php(312): CodeIgniter\CodeIgniter->run()
 5 SYSTEMPATH/Boot.php(67): CodeIgniter\Boot::runCodeIgniter(Object(CodeIgniter\CodeIgniter))
 6 FCPATH/index.php(56): CodeIgniter\Boot::bootWeb(Object(Config\Paths))
 7 SYSTEMPATH/Commands/Server/rewrite.php(49): require_once('/Users/ayurifanny/Desktop/zjlawfirm/zoejustitia/public/index.php')
CRITICAL - 2024-06-09 07:25:58 --> Error: Cannot call constructor
[Method: GET, Route: /]
in APPPATH/Controllers/Home.php on line 8.
 1 SYSTEMPATH/CodeIgniter.php(903): App\Controllers\Home->__construct()
 2 SYSTEMPATH/CodeIgniter.php(500): CodeIgniter\CodeIgniter->createController()
 3 SYSTEMPATH/CodeIgniter.php(355): CodeIgniter\CodeIgniter->handleRequest(null, Object(Config\Cache), false)
 4 SYSTEMPATH/Boot.php(312): CodeIgniter\CodeIgniter->run()
 5 SYSTEMPATH/Boot.php(67): CodeIgniter\Boot::runCodeIgniter(Object(CodeIgniter\CodeIgniter))
 6 FCPATH/index.php(56): CodeIgniter\Boot::bootWeb(Object(Config\Paths))
 7 SYSTEMPATH/Commands/Server/rewrite.php(49): require_once('/Users/ayurifanny/Desktop/zjlawfirm/zoejustitia/public/index.php')
CRITICAL - 2024-06-09 07:26:14 --> Error: Cannot call constructor
[Method: GET, Route: /]
in APPPATH/Controllers/Home.php on line 8.
 1 SYSTEMPATH/CodeIgniter.php(903): App\Controllers\Home->__construct()
 2 SYSTEMPATH/CodeIgniter.php(500): CodeIgniter\CodeIgniter->createController()
 3 SYSTEMPATH/CodeIgniter.php(355): CodeIgniter\CodeIgniter->handleRequest(null, Object(Config\Cache), false)
 4 SYSTEMPATH/Boot.php(312): CodeIgniter\CodeIgniter->run()
 5 SYSTEMPATH/Boot.php(67): CodeIgniter\Boot::runCodeIgniter(Object(CodeIgniter\CodeIgniter))
 6 FCPATH/index.php(56): CodeIgniter\Boot::bootWeb(Object(Config\Paths))
 7 SYSTEMPATH/Commands/Server/rewrite.php(49): require_once('/Users/ayurifanny/Desktop/zjlawfirm/zoejustitia/public/index.php')
CRITICAL - 2024-06-09 07:26:14 --> Error: Cannot call constructor
[Method: GET, Route: /]
in APPPATH/Controllers/Home.php on line 8.
 1 SYSTEMPATH/CodeIgniter.php(903): App\Controllers\Home->__construct()
 2 SYSTEMPATH/CodeIgniter.php(500): CodeIgniter\CodeIgniter->createController()
 3 SYSTEMPATH/CodeIgniter.php(355): CodeIgniter\CodeIgniter->handleRequest(null, Object(Config\Cache), false)
 4 SYSTEMPATH/Boot.php(312): CodeIgniter\CodeIgniter->run()
 5 SYSTEMPATH/Boot.php(67): CodeIgniter\Boot::runCodeIgniter(Object(CodeIgniter\CodeIgniter))
 6 FCPATH/index.php(56): CodeIgniter\Boot::bootWeb(Object(Config\Paths))
 7 SYSTEMPATH/Commands/Server/rewrite.php(49): require_once('/Users/ayurifanny/Desktop/zjlawfirm/zoejustitia/public/index.php')
CRITICAL - 2024-06-09 07:26:14 --> Error: Cannot call constructor
[Method: GET, Route: /]
in APPPATH/Controllers/Home.php on line 8.
 1 SYSTEMPATH/CodeIgniter.php(903): App\Controllers\Home->__construct()
 2 SYSTEMPATH/CodeIgniter.php(500): CodeIgniter\CodeIgniter->createController()
 3 SYSTEMPATH/CodeIgniter.php(355): CodeIgniter\CodeIgniter->handleRequest(null, Object(Config\Cache), false)
 4 SYSTEMPATH/Boot.php(312): CodeIgniter\CodeIgniter->run()
 5 SYSTEMPATH/Boot.php(67): CodeIgniter\Boot::runCodeIgniter(Object(CodeIgniter\CodeIgniter))
 6 FCPATH/index.php(56): CodeIgniter\Boot::bootWeb(Object(Config\Paths))
 7 SYSTEMPATH/Commands/Server/rewrite.php(49): require_once('/Users/ayurifanny/Desktop/zjlawfirm/zoejustitia/public/index.php')
CRITICAL - 2024-06-09 07:26:15 --> Error: Cannot call constructor
[Method: GET, Route: /]
in APPPATH/Controllers/Home.php on line 8.
 1 SYSTEMPATH/CodeIgniter.php(903): App\Controllers\Home->__construct()
 2 SYSTEMPATH/CodeIgniter.php(500): CodeIgniter\CodeIgniter->createController()
 3 SYSTEMPATH/CodeIgniter.php(355): CodeIgniter\CodeIgniter->handleRequest(null, Object(Config\Cache), false)
 4 SYSTEMPATH/Boot.php(312): CodeIgniter\CodeIgniter->run()
 5 SYSTEMPATH/Boot.php(67): CodeIgniter\Boot::runCodeIgniter(Object(CodeIgniter\CodeIgniter))
 6 FCPATH/index.php(56): CodeIgniter\Boot::bootWeb(Object(Config\Paths))
 7 SYSTEMPATH/Commands/Server/rewrite.php(49): require_once('/Users/ayurifanny/Desktop/zjlawfirm/zoejustitia/public/index.php')
CRITICAL - 2024-06-09 07:26:15 --> Error: Cannot call constructor
[Method: GET, Route: /]
in APPPATH/Controllers/Home.php on line 8.
 1 SYSTEMPATH/CodeIgniter.php(903): App\Controllers\Home->__construct()
 2 SYSTEMPATH/CodeIgniter.php(500): CodeIgniter\CodeIgniter->createController()
 3 SYSTEMPATH/CodeIgniter.php(355): CodeIgniter\CodeIgniter->handleRequest(null, Object(Config\Cache), false)
 4 SYSTEMPATH/Boot.php(312): CodeIgniter\CodeIgniter->run()
 5 SYSTEMPATH/Boot.php(67): CodeIgniter\Boot::runCodeIgniter(Object(CodeIgniter\CodeIgniter))
 6 FCPATH/index.php(56): CodeIgniter\Boot::bootWeb(Object(Config\Paths))
 7 SYSTEMPATH/Commands/Server/rewrite.php(49): require_once('/Users/ayurifanny/Desktop/zjlawfirm/zoejustitia/public/index.php')
CRITICAL - 2024-06-09 07:26:15 --> Error: Cannot call constructor
[Method: GET, Route: /]
in APPPATH/Controllers/Home.php on line 8.
 1 SYSTEMPATH/CodeIgniter.php(903): App\Controllers\Home->__construct()
 2 SYSTEMPATH/CodeIgniter.php(500): CodeIgniter\CodeIgniter->createController()
 3 SYSTEMPATH/CodeIgniter.php(355): CodeIgniter\CodeIgniter->handleRequest(null, Object(Config\Cache), false)
 4 SYSTEMPATH/Boot.php(312): CodeIgniter\CodeIgniter->run()
 5 SYSTEMPATH/Boot.php(67): CodeIgniter\Boot::runCodeIgniter(Object(CodeIgniter\CodeIgniter))
 6 FCPATH/index.php(56): CodeIgniter\Boot::bootWeb(Object(Config\Paths))
 7 SYSTEMPATH/Commands/Server/rewrite.php(49): require_once('/Users/ayurifanny/Desktop/zjlawfirm/zoejustitia/public/index.php')
CRITICAL - 2024-06-09 07:26:36 --> Error: Cannot call constructor
[Method: GET, Route: /]
in APPPATH/Controllers/Home.php on line 8.
 1 SYSTEMPATH/CodeIgniter.php(903): App\Controllers\Home->__construct()
 2 SYSTEMPATH/CodeIgniter.php(500): CodeIgniter\CodeIgniter->createController()
 3 SYSTEMPATH/CodeIgniter.php(355): CodeIgniter\CodeIgniter->handleRequest(null, Object(Config\Cache), false)
 4 SYSTEMPATH/Boot.php(312): CodeIgniter\CodeIgniter->run()
 5 SYSTEMPATH/Boot.php(67): CodeIgniter\Boot::runCodeIgniter(Object(CodeIgniter\CodeIgniter))
 6 FCPATH/index.php(56): CodeIgniter\Boot::bootWeb(Object(Config\Paths))
 7 SYSTEMPATH/Commands/Server/rewrite.php(49): require_once('/Users/ayurifanny/Desktop/zjlawfirm/zoejustitia/public/index.php')
CRITICAL - 2024-06-09 07:26:36 --> Error: Cannot call constructor
[Method: GET, Route: /]
in APPPATH/Controllers/Home.php on line 8.
 1 SYSTEMPATH/CodeIgniter.php(903): App\Controllers\Home->__construct()
 2 SYSTEMPATH/CodeIgniter.php(500): CodeIgniter\CodeIgniter->createController()
 3 SYSTEMPATH/CodeIgniter.php(355): CodeIgniter\CodeIgniter->handleRequest(null, Object(Config\Cache), false)
 4 SYSTEMPATH/Boot.php(312): CodeIgniter\CodeIgniter->run()
 5 SYSTEMPATH/Boot.php(67): CodeIgniter\Boot::runCodeIgniter(Object(CodeIgniter\CodeIgniter))
 6 FCPATH/index.php(56): CodeIgniter\Boot::bootWeb(Object(Config\Paths))
 7 SYSTEMPATH/Commands/Server/rewrite.php(49): require_once('/Users/ayurifanny/Desktop/zjlawfirm/zoejustitia/public/index.php')
CRITICAL - 2024-06-09 07:26:37 --> Error: Cannot call constructor
[Method: GET, Route: /]
in APPPATH/Controllers/Home.php on line 8.
 1 SYSTEMPATH/CodeIgniter.php(903): App\Controllers\Home->__construct()
 2 SYSTEMPATH/CodeIgniter.php(500): CodeIgniter\CodeIgniter->createController()
 3 SYSTEMPATH/CodeIgniter.php(355): CodeIgniter\CodeIgniter->handleRequest(null, Object(Config\Cache), false)
 4 SYSTEMPATH/Boot.php(312): CodeIgniter\CodeIgniter->run()
 5 SYSTEMPATH/Boot.php(67): CodeIgniter\Boot::runCodeIgniter(Object(CodeIgniter\CodeIgniter))
 6 FCPATH/index.php(56): CodeIgniter\Boot::bootWeb(Object(Config\Paths))
 7 SYSTEMPATH/Commands/Server/rewrite.php(49): require_once('/Users/ayurifanny/Desktop/zjlawfirm/zoejustitia/public/index.php')
CRITICAL - 2024-06-09 07:26:37 --> Error: Cannot call constructor
[Method: GET, Route: /]
in APPPATH/Controllers/Home.php on line 8.
 1 SYSTEMPATH/CodeIgniter.php(903): App\Controllers\Home->__construct()
 2 SYSTEMPATH/CodeIgniter.php(500): CodeIgniter\CodeIgniter->createController()
 3 SYSTEMPATH/CodeIgniter.php(355): CodeIgniter\CodeIgniter->handleRequest(null, Object(Config\Cache), false)
 4 SYSTEMPATH/Boot.php(312): CodeIgniter\CodeIgniter->run()
 5 SYSTEMPATH/Boot.php(67): CodeIgniter\Boot::runCodeIgniter(Object(CodeIgniter\CodeIgniter))
 6 FCPATH/index.php(56): CodeIgniter\Boot::bootWeb(Object(Config\Paths))
 7 SYSTEMPATH/Commands/Server/rewrite.php(49): require_once('/Users/ayurifanny/Desktop/zjlawfirm/zoejustitia/public/index.php')
CRITICAL - 2024-06-09 07:26:37 --> Error: Cannot call constructor
[Method: GET, Route: /]
in APPPATH/Controllers/Home.php on line 8.
 1 SYSTEMPATH/CodeIgniter.php(903): App\Controllers\Home->__construct()
 2 SYSTEMPATH/CodeIgniter.php(500): CodeIgniter\CodeIgniter->createController()
 3 SYSTEMPATH/CodeIgniter.php(355): CodeIgniter\CodeIgniter->handleRequest(null, Object(Config\Cache), false)
 4 SYSTEMPATH/Boot.php(312): CodeIgniter\CodeIgniter->run()
 5 SYSTEMPATH/Boot.php(67): CodeIgniter\Boot::runCodeIgniter(Object(CodeIgniter\CodeIgniter))
 6 FCPATH/index.php(56): CodeIgniter\Boot::bootWeb(Object(Config\Paths))
 7 SYSTEMPATH/Commands/Server/rewrite.php(49): require_once('/Users/ayurifanny/Desktop/zjlawfirm/zoejustitia/public/index.php')
CRITICAL - 2024-06-09 07:28:20 --> ErrorException: Undefined property: App\Controllers\Home::$load
[Method: GET, Route: /]
in APPPATH/Controllers/BaseController.php on line 57.
 1 APPPATH/Controllers/BaseController.php(57): CodeIgniter\Debug\Exceptions->errorHandler(2, 'Undefined property: App\\Controllers\\Home::$load', '/Users/ayurifanny/Desktop/zjlawfirm/zoejustitia/app/Controllers/BaseController.php', 57)
 2 SYSTEMPATH/CodeIgniter.php(904): App\Controllers\BaseController->initController(Object(CodeIgniter\HTTP\IncomingRequest), Object(CodeIgniter\HTTP\Response), Object(CodeIgniter\Log\Logger))
 3 SYSTEMPATH/CodeIgniter.php(500): CodeIgniter\CodeIgniter->createController()
 4 SYSTEMPATH/CodeIgniter.php(355): CodeIgniter\CodeIgniter->handleRequest(null, Object(Config\Cache), false)
 5 SYSTEMPATH/Boot.php(312): CodeIgniter\CodeIgniter->run()
 6 SYSTEMPATH/Boot.php(67): CodeIgniter\Boot::runCodeIgniter(Object(CodeIgniter\CodeIgniter))
 7 FCPATH/index.php(56): CodeIgniter\Boot::bootWeb(Object(Config\Paths))
 8 SYSTEMPATH/Commands/Server/rewrite.php(49): require_once('/Users/ayurifanny/Desktop/zjlawfirm/zoejustitia/public/index.php')
CRITICAL - 2024-06-09 07:28:20 --> ErrorException: Undefined property: App\Controllers\Home::$load
[Method: GET, Route: /]
in APPPATH/Controllers/BaseController.php on line 57.
 1 APPPATH/Controllers/BaseController.php(57): CodeIgniter\Debug\Exceptions->errorHandler(2, 'Undefined property: App\\Controllers\\Home::$load', '/Users/ayurifanny/Desktop/zjlawfirm/zoejustitia/app/Controllers/BaseController.php', 57)
 2 SYSTEMPATH/CodeIgniter.php(904): App\Controllers\BaseController->initController(Object(CodeIgniter\HTTP\IncomingRequest), Object(CodeIgniter\HTTP\Response), Object(CodeIgniter\Log\Logger))
 3 SYSTEMPATH/CodeIgniter.php(500): CodeIgniter\CodeIgniter->createController()
 4 SYSTEMPATH/CodeIgniter.php(355): CodeIgniter\CodeIgniter->handleRequest(null, Object(Config\Cache), false)
 5 SYSTEMPATH/Boot.php(312): CodeIgniter\CodeIgniter->run()
 6 SYSTEMPATH/Boot.php(67): CodeIgniter\Boot::runCodeIgniter(Object(CodeIgniter\CodeIgniter))
 7 FCPATH/index.php(56): CodeIgniter\Boot::bootWeb(Object(Config\Paths))
 8 SYSTEMPATH/Commands/Server/rewrite.php(49): require_once('/Users/ayurifanny/Desktop/zjlawfirm/zoejustitia/public/index.php')
CRITICAL - 2024-06-09 07:28:21 --> ErrorException: Undefined property: App\Controllers\Home::$load
[Method: GET, Route: /]
in APPPATH/Controllers/BaseController.php on line 57.
 1 APPPATH/Controllers/BaseController.php(57): CodeIgniter\Debug\Exceptions->errorHandler(2, 'Undefined property: App\\Controllers\\Home::$load', '/Users/ayurifanny/Desktop/zjlawfirm/zoejustitia/app/Controllers/BaseController.php', 57)
 2 SYSTEMPATH/CodeIgniter.php(904): App\Controllers\BaseController->initController(Object(CodeIgniter\HTTP\IncomingRequest), Object(CodeIgniter\HTTP\Response), Object(CodeIgniter\Log\Logger))
 3 SYSTEMPATH/CodeIgniter.php(500): CodeIgniter\CodeIgniter->createController()
 4 SYSTEMPATH/CodeIgniter.php(355): CodeIgniter\CodeIgniter->handleRequest(null, Object(Config\Cache), false)
 5 SYSTEMPATH/Boot.php(312): CodeIgniter\CodeIgniter->run()
 6 SYSTEMPATH/Boot.php(67): CodeIgniter\Boot::runCodeIgniter(Object(CodeIgniter\CodeIgniter))
 7 FCPATH/index.php(56): CodeIgniter\Boot::bootWeb(Object(Config\Paths))
 8 SYSTEMPATH/Commands/Server/rewrite.php(49): require_once('/Users/ayurifanny/Desktop/zjlawfirm/zoejustitia/public/index.php')
CRITICAL - 2024-06-09 07:28:21 --> ErrorException: Undefined property: App\Controllers\Home::$load
[Method: GET, Route: /]
in APPPATH/Controllers/BaseController.php on line 57.
 1 APPPATH/Controllers/BaseController.php(57): CodeIgniter\Debug\Exceptions->errorHandler(2, 'Undefined property: App\\Controllers\\Home::$load', '/Users/ayurifanny/Desktop/zjlawfirm/zoejustitia/app/Controllers/BaseController.php', 57)
 2 SYSTEMPATH/CodeIgniter.php(904): App\Controllers\BaseController->initController(Object(CodeIgniter\HTTP\IncomingRequest), Object(CodeIgniter\HTTP\Response), Object(CodeIgniter\Log\Logger))
 3 SYSTEMPATH/CodeIgniter.php(500): CodeIgniter\CodeIgniter->createController()
 4 SYSTEMPATH/CodeIgniter.php(355): CodeIgniter\CodeIgniter->handleRequest(null, Object(Config\Cache), false)
 5 SYSTEMPATH/Boot.php(312): CodeIgniter\CodeIgniter->run()
 6 SYSTEMPATH/Boot.php(67): CodeIgniter\Boot::runCodeIgniter(Object(CodeIgniter\CodeIgniter))
 7 FCPATH/index.php(56): CodeIgniter\Boot::bootWeb(Object(Config\Paths))
 8 SYSTEMPATH/Commands/Server/rewrite.php(49): require_once('/Users/ayurifanny/Desktop/zjlawfirm/zoejustitia/public/index.php')
CRITICAL - 2024-06-09 07:28:21 --> ErrorException: Undefined property: App\Controllers\Home::$load
[Method: GET, Route: /]
in APPPATH/Controllers/BaseController.php on line 57.
 1 APPPATH/Controllers/BaseController.php(57): CodeIgniter\Debug\Exceptions->errorHandler(2, 'Undefined property: App\\Controllers\\Home::$load', '/Users/ayurifanny/Desktop/zjlawfirm/zoejustitia/app/Controllers/BaseController.php', 57)
 2 SYSTEMPATH/CodeIgniter.php(904): App\Controllers\BaseController->initController(Object(CodeIgniter\HTTP\IncomingRequest), Object(CodeIgniter\HTTP\Response), Object(CodeIgniter\Log\Logger))
 3 SYSTEMPATH/CodeIgniter.php(500): CodeIgniter\CodeIgniter->createController()
 4 SYSTEMPATH/CodeIgniter.php(355): CodeIgniter\CodeIgniter->handleRequest(null, Object(Config\Cache), false)
 5 SYSTEMPATH/Boot.php(312): CodeIgniter\CodeIgniter->run()
 6 SYSTEMPATH/Boot.php(67): CodeIgniter\Boot::runCodeIgniter(Object(CodeIgniter\CodeIgniter))
 7 FCPATH/index.php(56): CodeIgniter\Boot::bootWeb(Object(Config\Paths))
 8 SYSTEMPATH/Commands/Server/rewrite.php(49): require_once('/Users/ayurifanny/Desktop/zjlawfirm/zoejustitia/public/index.php')
CRITICAL - 2024-06-09 07:28:21 --> ErrorException: Undefined property: App\Controllers\Home::$load
[Method: GET, Route: /]
in APPPATH/Controllers/BaseController.php on line 57.
 1 APPPATH/Controllers/BaseController.php(57): CodeIgniter\Debug\Exceptions->errorHandler(2, 'Undefined property: App\\Controllers\\Home::$load', '/Users/ayurifanny/Desktop/zjlawfirm/zoejustitia/app/Controllers/BaseController.php', 57)
 2 SYSTEMPATH/CodeIgniter.php(904): App\Controllers\BaseController->initController(Object(CodeIgniter\HTTP\IncomingRequest), Object(CodeIgniter\HTTP\Response), Object(CodeIgniter\Log\Logger))
 3 SYSTEMPATH/CodeIgniter.php(500): CodeIgniter\CodeIgniter->createController()
 4 SYSTEMPATH/CodeIgniter.php(355): CodeIgniter\CodeIgniter->handleRequest(null, Object(Config\Cache), false)
 5 SYSTEMPATH/Boot.php(312): CodeIgniter\CodeIgniter->run()
 6 SYSTEMPATH/Boot.php(67): CodeIgniter\Boot::runCodeIgniter(Object(CodeIgniter\CodeIgniter))
 7 FCPATH/index.php(56): CodeIgniter\Boot::bootWeb(Object(Config\Paths))
 8 SYSTEMPATH/Commands/Server/rewrite.php(49): require_once('/Users/ayurifanny/Desktop/zjlawfirm/zoejustitia/public/index.php')
CRITICAL - 2024-06-09 07:28:48 --> ErrorException: Undefined property: App\Controllers\Home::$load
[Method: GET, Route: /]
in APPPATH/Controllers/BaseController.php on line 57.
 1 APPPATH/Controllers/BaseController.php(57): CodeIgniter\Debug\Exceptions->errorHandler(2, 'Undefined property: App\\Controllers\\Home::$load', '/Users/ayurifanny/Desktop/zjlawfirm/zoejustitia/app/Controllers/BaseController.php', 57)
 2 SYSTEMPATH/CodeIgniter.php(904): App\Controllers\BaseController->initController(Object(CodeIgniter\HTTP\IncomingRequest), Object(CodeIgniter\HTTP\Response), Object(CodeIgniter\Log\Logger))
 3 SYSTEMPATH/CodeIgniter.php(500): CodeIgniter\CodeIgniter->createController()
 4 SYSTEMPATH/CodeIgniter.php(355): CodeIgniter\CodeIgniter->handleRequest(null, Object(Config\Cache), false)
 5 SYSTEMPATH/Boot.php(312): CodeIgniter\CodeIgniter->run()
 6 SYSTEMPATH/Boot.php(67): CodeIgniter\Boot::runCodeIgniter(Object(CodeIgniter\CodeIgniter))
 7 FCPATH/index.php(56): CodeIgniter\Boot::bootWeb(Object(Config\Paths))
 8 SYSTEMPATH/Commands/Server/rewrite.php(49): require_once('/Users/ayurifanny/Desktop/zjlawfirm/zoejustitia/public/index.php')
CRITICAL - 2024-06-09 07:29:30 --> ErrorException: Undefined property: App\Controllers\Home::$lang
[Method: GET, Route: /]
in APPPATH/Controllers/BaseController.php on line 64.
 1 APPPATH/Controllers/BaseController.php(64): CodeIgniter\Debug\Exceptions->errorHandler(2, 'Undefined property: App\\Controllers\\Home::$lang', '/Users/ayurifanny/Desktop/zjlawfirm/zoejustitia/app/Controllers/BaseController.php', 64)
 2 SYSTEMPATH/CodeIgniter.php(904): App\Controllers\BaseController->initController(Object(CodeIgniter\HTTP\IncomingRequest), Object(CodeIgniter\HTTP\Response), Object(CodeIgniter\Log\Logger))
 3 SYSTEMPATH/CodeIgniter.php(500): CodeIgniter\CodeIgniter->createController()
 4 SYSTEMPATH/CodeIgniter.php(355): CodeIgniter\CodeIgniter->handleRequest(null, Object(Config\Cache), false)
 5 SYSTEMPATH/Boot.php(312): CodeIgniter\CodeIgniter->run()
 6 SYSTEMPATH/Boot.php(67): CodeIgniter\Boot::runCodeIgniter(Object(CodeIgniter\CodeIgniter))
 7 FCPATH/index.php(56): CodeIgniter\Boot::bootWeb(Object(Config\Paths))
 8 SYSTEMPATH/Commands/Server/rewrite.php(49): require_once('/Users/ayurifanny/Desktop/zjlawfirm/zoejustitia/public/index.php')
CRITICAL - 2024-06-09 07:29:30 --> ErrorException: Undefined property: App\Controllers\Home::$lang
[Method: GET, Route: /]
in APPPATH/Controllers/BaseController.php on line 64.
 1 APPPATH/Controllers/BaseController.php(64): CodeIgniter\Debug\Exceptions->errorHandler(2, 'Undefined property: App\\Controllers\\Home::$lang', '/Users/ayurifanny/Desktop/zjlawfirm/zoejustitia/app/Controllers/BaseController.php', 64)
 2 SYSTEMPATH/CodeIgniter.php(904): App\Controllers\BaseController->initController(Object(CodeIgniter\HTTP\IncomingRequest), Object(CodeIgniter\HTTP\Response), Object(CodeIgniter\Log\Logger))
 3 SYSTEMPATH/CodeIgniter.php(500): CodeIgniter\CodeIgniter->createController()
 4 SYSTEMPATH/CodeIgniter.php(355): CodeIgniter\CodeIgniter->handleRequest(null, Object(Config\Cache), false)
 5 SYSTEMPATH/Boot.php(312): CodeIgniter\CodeIgniter->run()
 6 SYSTEMPATH/Boot.php(67): CodeIgniter\Boot::runCodeIgniter(Object(CodeIgniter\CodeIgniter))
 7 FCPATH/index.php(56): CodeIgniter\Boot::bootWeb(Object(Config\Paths))
 8 SYSTEMPATH/Commands/Server/rewrite.php(49): require_once('/Users/ayurifanny/Desktop/zjlawfirm/zoejustitia/public/index.php')
CRITICAL - 2024-06-09 07:29:30 --> ErrorException: Undefined property: App\Controllers\Home::$lang
[Method: GET, Route: /]
in APPPATH/Controllers/BaseController.php on line 64.
 1 APPPATH/Controllers/BaseController.php(64): CodeIgniter\Debug\Exceptions->errorHandler(2, 'Undefined property: App\\Controllers\\Home::$lang', '/Users/ayurifanny/Desktop/zjlawfirm/zoejustitia/app/Controllers/BaseController.php', 64)
 2 SYSTEMPATH/CodeIgniter.php(904): App\Controllers\BaseController->initController(Object(CodeIgniter\HTTP\IncomingRequest), Object(CodeIgniter\HTTP\Response), Object(CodeIgniter\Log\Logger))
 3 SYSTEMPATH/CodeIgniter.php(500): CodeIgniter\CodeIgniter->createController()
 4 SYSTEMPATH/CodeIgniter.php(355): CodeIgniter\CodeIgniter->handleRequest(null, Object(Config\Cache), false)
 5 SYSTEMPATH/Boot.php(312): CodeIgniter\CodeIgniter->run()
 6 SYSTEMPATH/Boot.php(67): CodeIgniter\Boot::runCodeIgniter(Object(CodeIgniter\CodeIgniter))
 7 FCPATH/index.php(56): CodeIgniter\Boot::bootWeb(Object(Config\Paths))
 8 SYSTEMPATH/Commands/Server/rewrite.php(49): require_once('/Users/ayurifanny/Desktop/zjlawfirm/zoejustitia/public/index.php')
CRITICAL - 2024-06-09 07:29:31 --> ErrorException: Undefined property: App\Controllers\Home::$lang
[Method: GET, Route: /]
in APPPATH/Controllers/BaseController.php on line 64.
 1 APPPATH/Controllers/BaseController.php(64): CodeIgniter\Debug\Exceptions->errorHandler(2, 'Undefined property: App\\Controllers\\Home::$lang', '/Users/ayurifanny/Desktop/zjlawfirm/zoejustitia/app/Controllers/BaseController.php', 64)
 2 SYSTEMPATH/CodeIgniter.php(904): App\Controllers\BaseController->initController(Object(CodeIgniter\HTTP\IncomingRequest), Object(CodeIgniter\HTTP\Response), Object(CodeIgniter\Log\Logger))
 3 SYSTEMPATH/CodeIgniter.php(500): CodeIgniter\CodeIgniter->createController()
 4 SYSTEMPATH/CodeIgniter.php(355): CodeIgniter\CodeIgniter->handleRequest(null, Object(Config\Cache), false)
 5 SYSTEMPATH/Boot.php(312): CodeIgniter\CodeIgniter->run()
 6 SYSTEMPATH/Boot.php(67): CodeIgniter\Boot::runCodeIgniter(Object(CodeIgniter\CodeIgniter))
 7 FCPATH/index.php(56): CodeIgniter\Boot::bootWeb(Object(Config\Paths))
 8 SYSTEMPATH/Commands/Server/rewrite.php(49): require_once('/Users/ayurifanny/Desktop/zjlawfirm/zoejustitia/public/index.php')
CRITICAL - 2024-06-09 07:29:31 --> ErrorException: Undefined property: App\Controllers\Home::$lang
[Method: GET, Route: /]
in APPPATH/Controllers/BaseController.php on line 64.
 1 APPPATH/Controllers/BaseController.php(64): CodeIgniter\Debug\Exceptions->errorHandler(2, 'Undefined property: App\\Controllers\\Home::$lang', '/Users/ayurifanny/Desktop/zjlawfirm/zoejustitia/app/Controllers/BaseController.php', 64)
 2 SYSTEMPATH/CodeIgniter.php(904): App\Controllers\BaseController->initController(Object(CodeIgniter\HTTP\IncomingRequest), Object(CodeIgniter\HTTP\Response), Object(CodeIgniter\Log\Logger))
 3 SYSTEMPATH/CodeIgniter.php(500): CodeIgniter\CodeIgniter->createController()
 4 SYSTEMPATH/CodeIgniter.php(355): CodeIgniter\CodeIgniter->handleRequest(null, Object(Config\Cache), false)
 5 SYSTEMPATH/Boot.php(312): CodeIgniter\CodeIgniter->run()
 6 SYSTEMPATH/Boot.php(67): CodeIgniter\Boot::runCodeIgniter(Object(CodeIgniter\CodeIgniter))
 7 FCPATH/index.php(56): CodeIgniter\Boot::bootWeb(Object(Config\Paths))
 8 SYSTEMPATH/Commands/Server/rewrite.php(49): require_once('/Users/ayurifanny/Desktop/zjlawfirm/zoejustitia/public/index.php')
CRITICAL - 2024-06-09 07:29:31 --> ErrorException: Undefined property: App\Controllers\Home::$lang
[Method: GET, Route: /]
in APPPATH/Controllers/BaseController.php on line 64.
 1 APPPATH/Controllers/BaseController.php(64): CodeIgniter\Debug\Exceptions->errorHandler(2, 'Undefined property: App\\Controllers\\Home::$lang', '/Users/ayurifanny/Desktop/zjlawfirm/zoejustitia/app/Controllers/BaseController.php', 64)
 2 SYSTEMPATH/CodeIgniter.php(904): App\Controllers\BaseController->initController(Object(CodeIgniter\HTTP\IncomingRequest), Object(CodeIgniter\HTTP\Response), Object(CodeIgniter\Log\Logger))
 3 SYSTEMPATH/CodeIgniter.php(500): CodeIgniter\CodeIgniter->createController()
 4 SYSTEMPATH/CodeIgniter.php(355): CodeIgniter\CodeIgniter->handleRequest(null, Object(Config\Cache), false)
 5 SYSTEMPATH/Boot.php(312): CodeIgniter\CodeIgniter->run()
 6 SYSTEMPATH/Boot.php(67): CodeIgniter\Boot::runCodeIgniter(Object(CodeIgniter\CodeIgniter))
 7 FCPATH/index.php(56): CodeIgniter\Boot::bootWeb(Object(Config\Paths))
 8 SYSTEMPATH/Commands/Server/rewrite.php(49): require_once('/Users/ayurifanny/Desktop/zjlawfirm/zoejustitia/public/index.php')
CRITICAL - 2024-06-09 07:29:54 --> ErrorException: Undefined property: App\Controllers\Home::$lang
[Method: GET, Route: /]
in APPPATH/Controllers/BaseController.php on line 64.
 1 APPPATH/Controllers/BaseController.php(64): CodeIgniter\Debug\Exceptions->errorHandler(2, 'Undefined property: App\\Controllers\\Home::$lang', '/Users/ayurifanny/Desktop/zjlawfirm/zoejustitia/app/Controllers/BaseController.php', 64)
 2 SYSTEMPATH/CodeIgniter.php(904): App\Controllers\BaseController->initController(Object(CodeIgniter\HTTP\IncomingRequest), Object(CodeIgniter\HTTP\Response), Object(CodeIgniter\Log\Logger))
 3 SYSTEMPATH/CodeIgniter.php(500): CodeIgniter\CodeIgniter->createController()
 4 SYSTEMPATH/CodeIgniter.php(355): CodeIgniter\CodeIgniter->handleRequest(null, Object(Config\Cache), false)
 5 SYSTEMPATH/Boot.php(312): CodeIgniter\CodeIgniter->run()
 6 SYSTEMPATH/Boot.php(67): CodeIgniter\Boot::runCodeIgniter(Object(CodeIgniter\CodeIgniter))
 7 FCPATH/index.php(56): CodeIgniter\Boot::bootWeb(Object(Config\Paths))
 8 SYSTEMPATH/Commands/Server/rewrite.php(49): require_once('/Users/ayurifanny/Desktop/zjlawfirm/zoejustitia/public/index.php')
CRITICAL - 2024-06-09 07:29:55 --> ErrorException: Undefined property: App\Controllers\Home::$lang
[Method: GET, Route: /]
in APPPATH/Controllers/BaseController.php on line 64.
 1 APPPATH/Controllers/BaseController.php(64): CodeIgniter\Debug\Exceptions->errorHandler(2, 'Undefined property: App\\Controllers\\Home::$lang', '/Users/ayurifanny/Desktop/zjlawfirm/zoejustitia/app/Controllers/BaseController.php', 64)
 2 SYSTEMPATH/CodeIgniter.php(904): App\Controllers\BaseController->initController(Object(CodeIgniter\HTTP\IncomingRequest), Object(CodeIgniter\HTTP\Response), Object(CodeIgniter\Log\Logger))
 3 SYSTEMPATH/CodeIgniter.php(500): CodeIgniter\CodeIgniter->createController()
 4 SYSTEMPATH/CodeIgniter.php(355): CodeIgniter\CodeIgniter->handleRequest(null, Object(Config\Cache), false)
 5 SYSTEMPATH/Boot.php(312): CodeIgniter\CodeIgniter->run()
 6 SYSTEMPATH/Boot.php(67): CodeIgniter\Boot::runCodeIgniter(Object(CodeIgniter\CodeIgniter))
 7 FCPATH/index.php(56): CodeIgniter\Boot::bootWeb(Object(Config\Paths))
 8 SYSTEMPATH/Commands/Server/rewrite.php(49): require_once('/Users/ayurifanny/Desktop/zjlawfirm/zoejustitia/public/index.php')
CRITICAL - 2024-06-09 07:31:37 --> ErrorException: Undefined property: App\Controllers\Home::$input
[Method: POST, Route: locale]
in APPPATH/Controllers/Home.php on line 41.
 1 APPPATH/Controllers/Home.php(41): CodeIgniter\Debug\Exceptions->errorHandler(2, 'Undefined property: App\\Controllers\\Home::$input', '/Users/ayurifanny/Desktop/zjlawfirm/zoejustitia/app/Controllers/Home.php', 41)
 2 SYSTEMPATH/CodeIgniter.php(933): App\Controllers\Home->set_locale()
 3 SYSTEMPATH/CodeIgniter.php(509): CodeIgniter\CodeIgniter->runController(Object(App\Controllers\Home))
 4 SYSTEMPATH/CodeIgniter.php(355): CodeIgniter\CodeIgniter->handleRequest(null, Object(Config\Cache), false)
 5 SYSTEMPATH/Boot.php(312): CodeIgniter\CodeIgniter->run()
 6 SYSTEMPATH/Boot.php(67): CodeIgniter\Boot::runCodeIgniter(Object(CodeIgniter\CodeIgniter))
 7 FCPATH/index.php(56): CodeIgniter\Boot::bootWeb(Object(Config\Paths))
 8 SYSTEMPATH/Commands/Server/rewrite.php(49): require_once('/Users/ayurifanny/Desktop/zjlawfirm/zoejustitia/public/index.php')
CRITICAL - 2024-06-09 07:31:39 --> ErrorException: Undefined property: App\Controllers\Home::$input
[Method: POST, Route: locale]
in APPPATH/Controllers/Home.php on line 41.
 1 APPPATH/Controllers/Home.php(41): CodeIgniter\Debug\Exceptions->errorHandler(2, 'Undefined property: App\\Controllers\\Home::$input', '/Users/ayurifanny/Desktop/zjlawfirm/zoejustitia/app/Controllers/Home.php', 41)
 2 SYSTEMPATH/CodeIgniter.php(933): App\Controllers\Home->set_locale()
 3 SYSTEMPATH/CodeIgniter.php(509): CodeIgniter\CodeIgniter->runController(Object(App\Controllers\Home))
 4 SYSTEMPATH/CodeIgniter.php(355): CodeIgniter\CodeIgniter->handleRequest(null, Object(Config\Cache), false)
 5 SYSTEMPATH/Boot.php(312): CodeIgniter\CodeIgniter->run()
 6 SYSTEMPATH/Boot.php(67): CodeIgniter\Boot::runCodeIgniter(Object(CodeIgniter\CodeIgniter))
 7 FCPATH/index.php(56): CodeIgniter\Boot::bootWeb(Object(Config\Paths))
 8 SYSTEMPATH/Commands/Server/rewrite.php(49): require_once('/Users/ayurifanny/Desktop/zjlawfirm/zoejustitia/public/index.php')
CRITICAL - 2024-06-09 07:32:03 --> ErrorException: Undefined property: App\Controllers\Home::$input
[Method: POST, Route: locale]
in APPPATH/Controllers/Home.php on line 41.
 1 APPPATH/Controllers/Home.php(41): CodeIgniter\Debug\Exceptions->errorHandler(2, 'Undefined property: App\\Controllers\\Home::$input', '/Users/ayurifanny/Desktop/zjlawfirm/zoejustitia/app/Controllers/Home.php', 41)
 2 SYSTEMPATH/CodeIgniter.php(933): App\Controllers\Home->set_locale()
 3 SYSTEMPATH/CodeIgniter.php(509): CodeIgniter\CodeIgniter->runController(Object(App\Controllers\Home))
 4 SYSTEMPATH/CodeIgniter.php(355): CodeIgniter\CodeIgniter->handleRequest(null, Object(Config\Cache), false)
 5 SYSTEMPATH/Boot.php(312): CodeIgniter\CodeIgniter->run()
 6 SYSTEMPATH/Boot.php(67): CodeIgniter\Boot::runCodeIgniter(Object(CodeIgniter\CodeIgniter))
 7 FCPATH/index.php(56): CodeIgniter\Boot::bootWeb(Object(Config\Paths))
 8 SYSTEMPATH/Commands/Server/rewrite.php(49): require_once('/Users/ayurifanny/Desktop/zjlawfirm/zoejustitia/public/index.php')
CRITICAL - 2024-06-09 11:19:42 --> ErrorException: Undefined property: App\Controllers\Home::$input
[Method: POST, Route: locale]
in APPPATH/Controllers/Home.php on line 41.
 1 APPPATH/Controllers/Home.php(41): CodeIgniter\Debug\Exceptions->errorHandler(2, 'Undefined property: App\\Controllers\\Home::$input', '/Users/ayurifanny/Desktop/zjlawfirm/zoejustitia/app/Controllers/Home.php', 41)
 2 SYSTEMPATH/CodeIgniter.php(933): App\Controllers\Home->set_locale()
 3 SYSTEMPATH/CodeIgniter.php(509): CodeIgniter\CodeIgniter->runController(Object(App\Controllers\Home))
 4 SYSTEMPATH/CodeIgniter.php(355): CodeIgniter\CodeIgniter->handleRequest(null, Object(Config\Cache), false)
 5 SYSTEMPATH/Boot.php(312): CodeIgniter\CodeIgniter->run()
 6 SYSTEMPATH/Boot.php(67): CodeIgniter\Boot::runCodeIgniter(Object(CodeIgniter\CodeIgniter))
 7 FCPATH/index.php(56): CodeIgniter\Boot::bootWeb(Object(Config\Paths))
 8 SYSTEMPATH/Commands/Server/rewrite.php(49): require_once('/Users/ayurifanny/Desktop/zjlawfirm/zoejustitia/public/index.php')
CRITICAL - 2024-06-09 11:20:49 --> ErrorException: Undefined property: App\Controllers\Home::$input
[Method: POST, Route: locale]
in APPPATH/Controllers/Home.php on line 41.
 1 APPPATH/Controllers/Home.php(41): CodeIgniter\Debug\Exceptions->errorHandler(2, 'Undefined property: App\\Controllers\\Home::$input', '/Users/ayurifanny/Desktop/zjlawfirm/zoejustitia/app/Controllers/Home.php', 41)
 2 SYSTEMPATH/CodeIgniter.php(933): App\Controllers\Home->setlocale()
 3 SYSTEMPATH/CodeIgniter.php(509): CodeIgniter\CodeIgniter->runController(Object(App\Controllers\Home))
 4 SYSTEMPATH/CodeIgniter.php(355): CodeIgniter\CodeIgniter->handleRequest(null, Object(Config\Cache), false)
 5 SYSTEMPATH/Boot.php(312): CodeIgniter\CodeIgniter->run()
 6 SYSTEMPATH/Boot.php(67): CodeIgniter\Boot::runCodeIgniter(Object(CodeIgniter\CodeIgniter))
 7 FCPATH/index.php(56): CodeIgniter\Boot::bootWeb(Object(Config\Paths))
 8 SYSTEMPATH/Commands/Server/rewrite.php(49): require_once('/Users/ayurifanny/Desktop/zjlawfirm/zoejustitia/public/index.php')
CRITICAL - 2024-06-09 11:23:53 --> ErrorException: Undefined property: App\Controllers\Home::$input
[Method: POST, Route: locale]
in APPPATH/Controllers/Home.php on line 42.
 1 APPPATH/Controllers/Home.php(42): CodeIgniter\Debug\Exceptions->errorHandler(2, 'Undefined property: App\\Controllers\\Home::$input', '/Users/ayurifanny/Desktop/zjlawfirm/zoejustitia/app/Controllers/Home.php', 42)
 2 SYSTEMPATH/CodeIgniter.php(933): App\Controllers\Home->setlocale()
 3 SYSTEMPATH/CodeIgniter.php(509): CodeIgniter\CodeIgniter->runController(Object(App\Controllers\Home))
 4 SYSTEMPATH/CodeIgniter.php(355): CodeIgniter\CodeIgniter->handleRequest(null, Object(Config\Cache), false)
 5 SYSTEMPATH/Boot.php(312): CodeIgniter\CodeIgniter->run()
 6 SYSTEMPATH/Boot.php(67): CodeIgniter\Boot::runCodeIgniter(Object(CodeIgniter\CodeIgniter))
 7 FCPATH/index.php(56): CodeIgniter\Boot::bootWeb(Object(Config\Paths))
 8 SYSTEMPATH/Commands/Server/rewrite.php(49): require_once('/Users/ayurifanny/Desktop/zjlawfirm/zoejustitia/public/index.php')
CRITICAL - 2024-06-09 11:26:54 --> ErrorException: Undefined property: CodeIgniter\View\View::$session
[Method: GET, Route: /]
in APPPATH/Views/template/navbar.php on line 13.
 1 APPPATH/Views/template/navbar.php(13): CodeIgniter\Debug\Exceptions->errorHandler(2, 'Undefined property: CodeIgniter\\View\\View::$session', '/Users/ayurifanny/Desktop/zjlawfirm/zoejustitia/app/Views/template/navbar.php', 13)
 2 SYSTEMPATH/View/View.php(234): include('/Users/ayurifanny/Desktop/zjlawfirm/zoejustitia/app/Views/template/navbar.php')
 3 SYSTEMPATH/View/View.php(237): CodeIgniter\View\View->CodeIgniter\View\{closure}()
 4 SYSTEMPATH/View/View.php(484): CodeIgniter\View\View->render('template/navbar', null, true)
 5 APPPATH/Views/index.php(17): CodeIgniter\View\View->include('template/navbar')
 6 SYSTEMPATH/View/View.php(234): include('/Users/ayurifanny/Desktop/zjlawfirm/zoejustitia/app/Views/index.php')
 7 SYSTEMPATH/View/View.php(237): CodeIgniter\View\View->CodeIgniter\View\{closure}()
 8 SYSTEMPATH/Common.php(1171): CodeIgniter\View\View->render('index', [], true)
 9 APPPATH/Controllers/Home.php(17): view('index', [])
10 SYSTEMPATH/CodeIgniter.php(933): App\Controllers\Home->index()
11 SYSTEMPATH/CodeIgniter.php(509): CodeIgniter\CodeIgniter->runController(Object(App\Controllers\Home))
12 SYSTEMPATH/CodeIgniter.php(355): CodeIgniter\CodeIgniter->handleRequest(null, Object(Config\Cache), false)
13 SYSTEMPATH/Boot.php(312): CodeIgniter\CodeIgniter->run()
14 SYSTEMPATH/Boot.php(67): CodeIgniter\Boot::runCodeIgniter(Object(CodeIgniter\CodeIgniter))
15 FCPATH/index.php(56): CodeIgniter\Boot::bootWeb(Object(Config\Paths))
16 SYSTEMPATH/Commands/Server/rewrite.php(49): require_once('/Users/ayurifanny/Desktop/zjlawfirm/zoejustitia/public/index.php')
CRITICAL - 2024-06-09 11:26:55 --> ErrorException: Undefined property: CodeIgniter\View\View::$session
[Method: GET, Route: /]
in APPPATH/Views/template/navbar.php on line 13.
 1 APPPATH/Views/template/navbar.php(13): CodeIgniter\Debug\Exceptions->errorHandler(2, 'Undefined property: CodeIgniter\\View\\View::$session', '/Users/ayurifanny/Desktop/zjlawfirm/zoejustitia/app/Views/template/navbar.php', 13)
 2 SYSTEMPATH/View/View.php(234): include('/Users/ayurifanny/Desktop/zjlawfirm/zoejustitia/app/Views/template/navbar.php')
 3 SYSTEMPATH/View/View.php(237): CodeIgniter\View\View->CodeIgniter\View\{closure}()
 4 SYSTEMPATH/View/View.php(484): CodeIgniter\View\View->render('template/navbar', null, true)
 5 APPPATH/Views/index.php(17): CodeIgniter\View\View->include('template/navbar')
 6 SYSTEMPATH/View/View.php(234): include('/Users/ayurifanny/Desktop/zjlawfirm/zoejustitia/app/Views/index.php')
 7 SYSTEMPATH/View/View.php(237): CodeIgniter\View\View->CodeIgniter\View\{closure}()
 8 SYSTEMPATH/Common.php(1171): CodeIgniter\View\View->render('index', [], true)
 9 APPPATH/Controllers/Home.php(17): view('index', [])
10 SYSTEMPATH/CodeIgniter.php(933): App\Controllers\Home->index()
11 SYSTEMPATH/CodeIgniter.php(509): CodeIgniter\CodeIgniter->runController(Object(App\Controllers\Home))
12 SYSTEMPATH/CodeIgniter.php(355): CodeIgniter\CodeIgniter->handleRequest(null, Object(Config\Cache), false)
13 SYSTEMPATH/Boot.php(312): CodeIgniter\CodeIgniter->run()
14 SYSTEMPATH/Boot.php(67): CodeIgniter\Boot::runCodeIgniter(Object(CodeIgniter\CodeIgniter))
15 FCPATH/index.php(56): CodeIgniter\Boot::bootWeb(Object(Config\Paths))
16 SYSTEMPATH/Commands/Server/rewrite.php(49): require_once('/Users/ayurifanny/Desktop/zjlawfirm/zoejustitia/public/index.php')
CRITICAL - 2024-06-09 11:53:37 --> TypeError: Unsupported operand types: string + string
[Method: GET, Route: member]
in APPPATH/Controllers/Home.php on line 23.
 1 SYSTEMPATH/CodeIgniter.php(933): App\Controllers\Home->member()
 2 SYSTEMPATH/CodeIgniter.php(509): CodeIgniter\CodeIgniter->runController(Object(App\Controllers\Home))
 3 SYSTEMPATH/CodeIgniter.php(355): CodeIgniter\CodeIgniter->handleRequest(null, Object(Config\Cache), false)
 4 SYSTEMPATH/Boot.php(312): CodeIgniter\CodeIgniter->run()
 5 SYSTEMPATH/Boot.php(67): CodeIgniter\Boot::runCodeIgniter(Object(CodeIgniter\CodeIgniter))
 6 FCPATH/index.php(56): CodeIgniter\Boot::bootWeb(Object(Config\Paths))
 7 SYSTEMPATH/Commands/Server/rewrite.php(49): require_once('/Users/ayurifanny/Desktop/zjlawfirm/zoejustitia/public/index.php')
CRITICAL - 2024-06-09 11:55:28 --> TypeError: Unsupported operand types: string + string
[Method: GET, Route: member]
in APPPATH/Controllers/Home.php on line 23.
 1 SYSTEMPATH/CodeIgniter.php(933): App\Controllers\Home->member()
 2 SYSTEMPATH/CodeIgniter.php(509): CodeIgniter\CodeIgniter->runController(Object(App\Controllers\Home))
 3 SYSTEMPATH/CodeIgniter.php(355): CodeIgniter\CodeIgniter->handleRequest(null, Object(Config\Cache), false)
 4 SYSTEMPATH/Boot.php(312): CodeIgniter\CodeIgniter->run()
 5 SYSTEMPATH/Boot.php(67): CodeIgniter\Boot::runCodeIgniter(Object(CodeIgniter\CodeIgniter))
 6 FCPATH/index.php(56): CodeIgniter\Boot::bootWeb(Object(Config\Paths))
 7 SYSTEMPATH/Commands/Server/rewrite.php(49): require_once('/Users/ayurifanny/Desktop/zjlawfirm/zoejustitia/public/index.php')
CRITICAL - 2024-06-09 11:57:13 --> TypeError: Unsupported operand types: string + string
[Method: GET, Route: member]
in APPPATH/Controllers/Home.php on line 23.
 1 SYSTEMPATH/CodeIgniter.php(933): App\Controllers\Home->member()
 2 SYSTEMPATH/CodeIgniter.php(509): CodeIgniter\CodeIgniter->runController(Object(App\Controllers\Home))
 3 SYSTEMPATH/CodeIgniter.php(355): CodeIgniter\CodeIgniter->handleRequest(null, Object(Config\Cache), false)
 4 SYSTEMPATH/Boot.php(312): CodeIgniter\CodeIgniter->run()
 5 SYSTEMPATH/Boot.php(67): CodeIgniter\Boot::runCodeIgniter(Object(CodeIgniter\CodeIgniter))
 6 FCPATH/index.php(56): CodeIgniter\Boot::bootWeb(Object(Config\Paths))
 7 SYSTEMPATH/Commands/Server/rewrite.php(49): require_once('/Users/ayurifanny/Desktop/zjlawfirm/zoejustitia/public/index.php')
CRITICAL - 2024-06-09 12:40:34 --> CodeIgniter\View\Exceptions\ViewException: Invalid file: "members/mangantar.php"
[Method: GET, Route: member]
in SYSTEMPATH/Exceptions/FrameworkException.php on line 41.
 1 SYSTEMPATH/View/View.php(222): CodeIgniter\Exceptions\FrameworkException::forInvalidFile('members/mangantar.php')
 2 SYSTEMPATH/Common.php(1171): CodeIgniter\View\View->render('members/mangantar', [], true)
 3 APPPATH/Controllers/Home.php(23): view('members/mangantar', [...])
 4 SYSTEMPATH/CodeIgniter.php(933): App\Controllers\Home->member()
 5 SYSTEMPATH/CodeIgniter.php(509): CodeIgniter\CodeIgniter->runController(Object(App\Controllers\Home))
 6 SYSTEMPATH/CodeIgniter.php(355): CodeIgniter\CodeIgniter->handleRequest(null, Object(Config\Cache), false)
 7 SYSTEMPATH/Boot.php(312): CodeIgniter\CodeIgniter->run()
 8 SYSTEMPATH/Boot.php(67): CodeIgniter\Boot::runCodeIgniter(Object(CodeIgniter\CodeIgniter))
 9 FCPATH/index.php(56): CodeIgniter\Boot::bootWeb(Object(Config\Paths))
10 SYSTEMPATH/Commands/Server/rewrite.php(49): require_once('/Users/ayurifanny/Desktop/zjlawfirm/zoejustitia/public/index.php')
CRITICAL - 2024-06-09 17:11:18 --> ErrorException: Array to string conversion
[Method: GET, Route: about]
in APPPATH/Views/about.php on line 22.
 1 APPPATH/Views/about.php(22): CodeIgniter\Debug\Exceptions->errorHandler(2, 'Array to string conversion', '/Users/ayurifanny/Desktop/zjlawfirm/zoejustitia/app/Views/about.php', 22)
 2 SYSTEMPATH/View/View.php(234): include('/Users/ayurifanny/Desktop/zjlawfirm/zoejustitia/app/Views/about.php')
 3 SYSTEMPATH/View/View.php(237): CodeIgniter\View\View->CodeIgniter\View\{closure}()
 4 SYSTEMPATH/Common.php(1171): CodeIgniter\View\View->render('about', [], true)
 5 APPPATH/Controllers/Home.php(16): view('about', [...])
 6 SYSTEMPATH/CodeIgniter.php(933): App\Controllers\Home->about()
 7 SYSTEMPATH/CodeIgniter.php(509): CodeIgniter\CodeIgniter->runController(Object(App\Controllers\Home))
 8 SYSTEMPATH/CodeIgniter.php(355): CodeIgniter\CodeIgniter->handleRequest(null, Object(Config\Cache), false)
 9 SYSTEMPATH/Boot.php(312): CodeIgniter\CodeIgniter->run()
10 SYSTEMPATH/Boot.php(67): CodeIgniter\Boot::runCodeIgniter(Object(CodeIgniter\CodeIgniter))
11 FCPATH/index.php(56): CodeIgniter\Boot::bootWeb(Object(Config\Paths))
12 SYSTEMPATH/Commands/Server/rewrite.php(49): require_once('/Users/ayurifanny/Desktop/zjlawfirm/zoejustitia/public/index.php')
CRITICAL - 2024-06-09 17:11:30 --> ErrorException: Array to string conversion
[Method: GET, Route: about]
in APPPATH/Views/about.php on line 22.
 1 APPPATH/Views/about.php(22): CodeIgniter\Debug\Exceptions->errorHandler(2, 'Array to string conversion', '/Users/ayurifanny/Desktop/zjlawfirm/zoejustitia/app/Views/about.php', 22)
 2 SYSTEMPATH/View/View.php(234): include('/Users/ayurifanny/Desktop/zjlawfirm/zoejustitia/app/Views/about.php')
 3 SYSTEMPATH/View/View.php(237): CodeIgniter\View\View->CodeIgniter\View\{closure}()
 4 SYSTEMPATH/Common.php(1171): CodeIgniter\View\View->render('about', [], true)
 5 APPPATH/Controllers/Home.php(16): view('about', [...])
 6 SYSTEMPATH/CodeIgniter.php(933): App\Controllers\Home->about()
 7 SYSTEMPATH/CodeIgniter.php(509): CodeIgniter\CodeIgniter->runController(Object(App\Controllers\Home))
 8 SYSTEMPATH/CodeIgniter.php(355): CodeIgniter\CodeIgniter->handleRequest(null, Object(Config\Cache), false)
 9 SYSTEMPATH/Boot.php(312): CodeIgniter\CodeIgniter->run()
10 SYSTEMPATH/Boot.php(67): CodeIgniter\Boot::runCodeIgniter(Object(CodeIgniter\CodeIgniter))
11 FCPATH/index.php(56): CodeIgniter\Boot::bootWeb(Object(Config\Paths))
12 SYSTEMPATH/Commands/Server/rewrite.php(49): require_once('/Users/ayurifanny/Desktop/zjlawfirm/zoejustitia/public/index.php')
CRITICAL - 2024-06-09 17:11:54 --> ErrorException: Array to string conversion
[Method: GET, Route: about]
in APPPATH/Views/about.php on line 22.
 1 APPPATH/Views/about.php(22): CodeIgniter\Debug\Exceptions->errorHandler(2, 'Array to string conversion', '/Users/ayurifanny/Desktop/zjlawfirm/zoejustitia/app/Views/about.php', 22)
 2 SYSTEMPATH/View/View.php(234): include('/Users/ayurifanny/Desktop/zjlawfirm/zoejustitia/app/Views/about.php')
 3 SYSTEMPATH/View/View.php(237): CodeIgniter\View\View->CodeIgniter\View\{closure}()
 4 SYSTEMPATH/Common.php(1171): CodeIgniter\View\View->render('about', [], true)
 5 APPPATH/Controllers/Home.php(16): view('about', [...])
 6 SYSTEMPATH/CodeIgniter.php(933): App\Controllers\Home->about()
 7 SYSTEMPATH/CodeIgniter.php(509): CodeIgniter\CodeIgniter->runController(Object(App\Controllers\Home))
 8 SYSTEMPATH/CodeIgniter.php(355): CodeIgniter\CodeIgniter->handleRequest(null, Object(Config\Cache), false)
 9 SYSTEMPATH/Boot.php(312): CodeIgniter\CodeIgniter->run()
10 SYSTEMPATH/Boot.php(67): CodeIgniter\Boot::runCodeIgniter(Object(CodeIgniter\CodeIgniter))
11 FCPATH/index.php(56): CodeIgniter\Boot::bootWeb(Object(Config\Paths))
12 SYSTEMPATH/Commands/Server/rewrite.php(49): require_once('/Users/ayurifanny/Desktop/zjlawfirm/zoejustitia/public/index.php')
CRITICAL - 2024-06-09 17:11:54 --> ErrorException: Array to string conversion
[Method: GET, Route: about]
in APPPATH/Views/about.php on line 22.
 1 APPPATH/Views/about.php(22): CodeIgniter\Debug\Exceptions->errorHandler(2, 'Array to string conversion', '/Users/ayurifanny/Desktop/zjlawfirm/zoejustitia/app/Views/about.php', 22)
 2 SYSTEMPATH/View/View.php(234): include('/Users/ayurifanny/Desktop/zjlawfirm/zoejustitia/app/Views/about.php')
 3 SYSTEMPATH/View/View.php(237): CodeIgniter\View\View->CodeIgniter\View\{closure}()
 4 SYSTEMPATH/Common.php(1171): CodeIgniter\View\View->render('about', [], true)
 5 APPPATH/Controllers/Home.php(16): view('about', [...])
 6 SYSTEMPATH/CodeIgniter.php(933): App\Controllers\Home->about()
 7 SYSTEMPATH/CodeIgniter.php(509): CodeIgniter\CodeIgniter->runController(Object(App\Controllers\Home))
 8 SYSTEMPATH/CodeIgniter.php(355): CodeIgniter\CodeIgniter->handleRequest(null, Object(Config\Cache), false)
 9 SYSTEMPATH/Boot.php(312): CodeIgniter\CodeIgniter->run()
10 SYSTEMPATH/Boot.php(67): CodeIgniter\Boot::runCodeIgniter(Object(CodeIgniter\CodeIgniter))
11 FCPATH/index.php(56): CodeIgniter\Boot::bootWeb(Object(Config\Paths))
12 SYSTEMPATH/Commands/Server/rewrite.php(49): require_once('/Users/ayurifanny/Desktop/zjlawfirm/zoejustitia/public/index.php')
CRITICAL - 2024-06-09 17:11:59 --> ErrorException: Array to string conversion
[Method: GET, Route: about]
in APPPATH/Views/about.php on line 22.
 1 APPPATH/Views/about.php(22): CodeIgniter\Debug\Exceptions->errorHandler(2, 'Array to string conversion', '/Users/ayurifanny/Desktop/zjlawfirm/zoejustitia/app/Views/about.php', 22)
 2 SYSTEMPATH/View/View.php(234): include('/Users/ayurifanny/Desktop/zjlawfirm/zoejustitia/app/Views/about.php')
 3 SYSTEMPATH/View/View.php(237): CodeIgniter\View\View->CodeIgniter\View\{closure}()
 4 SYSTEMPATH/Common.php(1171): CodeIgniter\View\View->render('about', [], true)
 5 APPPATH/Controllers/Home.php(16): view('about', [...])
 6 SYSTEMPATH/CodeIgniter.php(933): App\Controllers\Home->about()
 7 SYSTEMPATH/CodeIgniter.php(509): CodeIgniter\CodeIgniter->runController(Object(App\Controllers\Home))
 8 SYSTEMPATH/CodeIgniter.php(355): CodeIgniter\CodeIgniter->handleRequest(null, Object(Config\Cache), false)
 9 SYSTEMPATH/Boot.php(312): CodeIgniter\CodeIgniter->run()
10 SYSTEMPATH/Boot.php(67): CodeIgniter\Boot::runCodeIgniter(Object(CodeIgniter\CodeIgniter))
11 FCPATH/index.php(56): CodeIgniter\Boot::bootWeb(Object(Config\Paths))
12 SYSTEMPATH/Commands/Server/rewrite.php(49): require_once('/Users/ayurifanny/Desktop/zjlawfirm/zoejustitia/public/index.php')
CRITICAL - 2024-06-09 17:18:59 --> ErrorException: Array to string conversion
[Method: GET, Route: service]
in APPPATH/Views/template/navbar.php on line 17.
 1 APPPATH/Views/template/navbar.php(17): CodeIgniter\Debug\Exceptions->errorHandler(2, 'Array to string conversion', '/Users/ayurifanny/Desktop/zjlawfirm/zoejustitia/app/Views/template/navbar.php', 17)
 2 SYSTEMPATH/View/View.php(234): include('/Users/ayurifanny/Desktop/zjlawfirm/zoejustitia/app/Views/template/navbar.php')
 3 SYSTEMPATH/View/View.php(237): CodeIgniter\View\View->CodeIgniter\View\{closure}()
 4 SYSTEMPATH/View/View.php(484): CodeIgniter\View\View->render('template/navbar', null, true)
 5 APPPATH/Views/service.php(17): CodeIgniter\View\View->include('template/navbar')
 6 SYSTEMPATH/View/View.php(234): include('/Users/ayurifanny/Desktop/zjlawfirm/zoejustitia/app/Views/service.php')
 7 SYSTEMPATH/View/View.php(237): CodeIgniter\View\View->CodeIgniter\View\{closure}()
 8 SYSTEMPATH/Common.php(1171): CodeIgniter\View\View->render('service', [], true)
 9 APPPATH/Controllers/Home.php(29): view('service', [...])
10 SYSTEMPATH/CodeIgniter.php(933): App\Controllers\Home->service()
11 SYSTEMPATH/CodeIgniter.php(509): CodeIgniter\CodeIgniter->runController(Object(App\Controllers\Home))
12 SYSTEMPATH/CodeIgniter.php(355): CodeIgniter\CodeIgniter->handleRequest(null, Object(Config\Cache), false)
13 SYSTEMPATH/Boot.php(312): CodeIgniter\CodeIgniter->run()
14 SYSTEMPATH/Boot.php(67): CodeIgniter\Boot::runCodeIgniter(Object(CodeIgniter\CodeIgniter))
15 FCPATH/index.php(56): CodeIgniter\Boot::bootWeb(Object(Config\Paths))
16 SYSTEMPATH/Commands/Server/rewrite.php(49): require_once('/Users/ayurifanny/Desktop/zjlawfirm/zoejustitia/public/index.php')
ERROR - 2024-06-09 19:21:32 --> Email: sendWithSmtp throwed ErrorException: fsockopen(): Peer certificate CN=`iix1007.idcloudhost.com' did not match expected CN=`mail.cacisicaci.masuk.web.id' in /Users/ayurifanny/Desktop/zjlawfirm/zoejustitia/vendor/codeigniter4/framework/system/Email/Email.php:1896
Stack trace:
#0 [internal function]: CodeIgniter\Debug\Exceptions->errorHandler(2, 'fsockopen(): Pe...', '/Users/ayurifan...', 1896)
#1 /Users/ayurifanny/Desktop/zjlawfirm/zoejustitia/vendor/codeigniter4/framework/system/Email/Email.php(1896): fsockopen('tls://mail.caci...', 465, NULL, NULL, 5)
#2 /Users/ayurifanny/Desktop/zjlawfirm/zoejustitia/vendor/codeigniter4/framework/system/Email/Email.php(1809): CodeIgniter\Email\Email->SMTPConnect()
#3 /Users/ayurifanny/Desktop/zjlawfirm/zoejustitia/vendor/codeigniter4/framework/system/Email/Email.php(1694): CodeIgniter\Email\Email->sendWithSmtp()
#4 /Users/ayurifanny/Desktop/zjlawfirm/zoejustitia/vendor/codeigniter4/framework/system/Email/Email.php(1589): CodeIgniter\Email\Email->spoolEmail()
#5 /Users/ayurifanny/Desktop/zjlawfirm/zoejustitia/app/Controllers/Home.php(54): CodeIgniter\Email\Email->send()
#6 /Users/ayurifanny/Desktop/zjlawfirm/zoejustitia/vendor/codeigniter4/framework/system/CodeIgniter.php(933): App\Controllers\Home->setlocale()
#7 /Users/ayurifanny/Desktop/zjlawfirm/zoejustitia/vendor/codeigniter4/framework/system/CodeIgniter.php(509): CodeIgniter\CodeIgniter->runController(Object(App\Controllers\Home))
#8 /Users/ayurifanny/Desktop/zjlawfirm/zoejustitia/vendor/codeigniter4/framework/system/CodeIgniter.php(355): CodeIgniter\CodeIgniter->handleRequest(NULL, Object(Config\Cache), false)
#9 /Users/ayurifanny/Desktop/zjlawfirm/zoejustitia/vendor/codeigniter4/framework/system/Boot.php(312): CodeIgniter\CodeIgniter->run()
#10 /Users/ayurifanny/Desktop/zjlawfirm/zoejustitia/vendor/codeigniter4/framework/system/Boot.php(67): CodeIgniter\Boot::runCodeIgniter(Object(CodeIgniter\CodeIgniter))
#11 /Users/ayurifanny/Desktop/zjlawfirm/zoejustitia/public/index.php(56): CodeIgniter\Boot::bootWeb(Object(Config\Paths))
#12 /Users/ayurifanny/Desktop/zjlawfirm/zoejustitia/vendor/codeigniter4/framework/system/Commands/Server/rewrite.php(49): require_once('/Users/ayurifan...')
#13 {main}
ERROR - 2024-06-09 19:21:32 --> Email: Unable to send email using SMTP. Your server might not be configured to send mail using this method.
ERROR - 2024-06-09 19:21:32 --> 
ERROR - 2024-06-09 19:21:50 --> Email: sendWithSmtp throwed ErrorException: fsockopen(): Peer certificate CN=`iix1007.idcloudhost.com' did not match expected CN=`mail.cacisicaci.masuk.web.id' in /Users/ayurifanny/Desktop/zjlawfirm/zoejustitia/vendor/codeigniter4/framework/system/Email/Email.php:1896
Stack trace:
#0 [internal function]: CodeIgniter\Debug\Exceptions->errorHandler(2, 'fsockopen(): Pe...', '/Users/ayurifan...', 1896)
#1 /Users/ayurifanny/Desktop/zjlawfirm/zoejustitia/vendor/codeigniter4/framework/system/Email/Email.php(1896): fsockopen('tls://mail.caci...', 465, NULL, NULL, 5)
#2 /Users/ayurifanny/Desktop/zjlawfirm/zoejustitia/vendor/codeigniter4/framework/system/Email/Email.php(1809): CodeIgniter\Email\Email->SMTPConnect()
#3 /Users/ayurifanny/Desktop/zjlawfirm/zoejustitia/vendor/codeigniter4/framework/system/Email/Email.php(1694): CodeIgniter\Email\Email->sendWithSmtp()
#4 /Users/ayurifanny/Desktop/zjlawfirm/zoejustitia/vendor/codeigniter4/framework/system/Email/Email.php(1589): CodeIgniter\Email\Email->spoolEmail()
#5 /Users/ayurifanny/Desktop/zjlawfirm/zoejustitia/app/Controllers/Home.php(54): CodeIgniter\Email\Email->send()
#6 /Users/ayurifanny/Desktop/zjlawfirm/zoejustitia/vendor/codeigniter4/framework/system/CodeIgniter.php(933): App\Controllers\Home->setlocale()
#7 /Users/ayurifanny/Desktop/zjlawfirm/zoejustitia/vendor/codeigniter4/framework/system/CodeIgniter.php(509): CodeIgniter\CodeIgniter->runController(Object(App\Controllers\Home))
#8 /Users/ayurifanny/Desktop/zjlawfirm/zoejustitia/vendor/codeigniter4/framework/system/CodeIgniter.php(355): CodeIgniter\CodeIgniter->handleRequest(NULL, Object(Config\Cache), false)
#9 /Users/ayurifanny/Desktop/zjlawfirm/zoejustitia/vendor/codeigniter4/framework/system/Boot.php(312): CodeIgniter\CodeIgniter->run()
#10 /Users/ayurifanny/Desktop/zjlawfirm/zoejustitia/vendor/codeigniter4/framework/system/Boot.php(67): CodeIgniter\Boot::runCodeIgniter(Object(CodeIgniter\CodeIgniter))
#11 /Users/ayurifanny/Desktop/zjlawfirm/zoejustitia/public/index.php(56): CodeIgniter\Boot::bootWeb(Object(Config\Paths))
#12 /Users/ayurifanny/Desktop/zjlawfirm/zoejustitia/vendor/codeigniter4/framework/system/Commands/Server/rewrite.php(49): require_once('/Users/ayurifan...')
#13 {main}
ERROR - 2024-06-09 19:21:50 --> Email: Unable to send email using SMTP. Your server might not be configured to send mail using this method.
ERROR - 2024-06-09 19:21:50 --> 
ERROR - 2024-06-09 19:39:11 --> Email: sendWithSmtp throwed ErrorException: fsockopen(): Peer certificate CN=`iix1007.idcloudhost.com' did not match expected CN=`mail.cacisicaci.masuk.web.id' in /Users/ayurifanny/Desktop/zjlawfirm/zoejustitia/vendor/codeigniter4/framework/system/Email/Email.php:1896
Stack trace:
#0 [internal function]: CodeIgniter\Debug\Exceptions->errorHandler(2, 'fsockopen(): Pe...', '/Users/ayurifan...', 1896)
#1 /Users/ayurifanny/Desktop/zjlawfirm/zoejustitia/vendor/codeigniter4/framework/system/Email/Email.php(1896): fsockopen('ssl://mail.caci...', 465, NULL, NULL, 5)
#2 /Users/ayurifanny/Desktop/zjlawfirm/zoejustitia/vendor/codeigniter4/framework/system/Email/Email.php(1809): CodeIgniter\Email\Email->SMTPConnect()
#3 /Users/ayurifanny/Desktop/zjlawfirm/zoejustitia/vendor/codeigniter4/framework/system/Email/Email.php(1694): CodeIgniter\Email\Email->sendWithSmtp()
#4 /Users/ayurifanny/Desktop/zjlawfirm/zoejustitia/vendor/codeigniter4/framework/system/Email/Email.php(1589): CodeIgniter\Email\Email->spoolEmail()
#5 /Users/ayurifanny/Desktop/zjlawfirm/zoejustitia/app/Controllers/Home.php(68): CodeIgniter\Email\Email->send()
#6 /Users/ayurifanny/Desktop/zjlawfirm/zoejustitia/vendor/codeigniter4/framework/system/CodeIgniter.php(933): App\Controllers\Home->setlocale()
#7 /Users/ayurifanny/Desktop/zjlawfirm/zoejustitia/vendor/codeigniter4/framework/system/CodeIgniter.php(509): CodeIgniter\CodeIgniter->runController(Object(App\Controllers\Home))
#8 /Users/ayurifanny/Desktop/zjlawfirm/zoejustitia/vendor/codeigniter4/framework/system/CodeIgniter.php(355): CodeIgniter\CodeIgniter->handleRequest(NULL, Object(Config\Cache), false)
#9 /Users/ayurifanny/Desktop/zjlawfirm/zoejustitia/vendor/codeigniter4/framework/system/Boot.php(312): CodeIgniter\CodeIgniter->run()
#10 /Users/ayurifanny/Desktop/zjlawfirm/zoejustitia/vendor/codeigniter4/framework/system/Boot.php(67): CodeIgniter\Boot::runCodeIgniter(Object(CodeIgniter\CodeIgniter))
#11 /Users/ayurifanny/Desktop/zjlawfirm/zoejustitia/public/index.php(56): CodeIgniter\Boot::bootWeb(Object(Config\Paths))
#12 /Users/ayurifanny/Desktop/zjlawfirm/zoejustitia/vendor/codeigniter4/framework/system/Commands/Server/rewrite.php(49): require_once('/Users/ayurifan...')
#13 {main}
ERROR - 2024-06-09 19:39:11 --> Email: Unable to send email using SMTP. Your server might not be configured to send mail using this method.
ERROR - 2024-06-09 19:39:11 --> 
ERROR - 2024-06-09 19:39:23 --> Email: sendWithSmtp throwed ErrorException: fsockopen(): Peer certificate CN=`iix1007.idcloudhost.com' did not match expected CN=`mail.cacisicaci.masuk.web.id' in /Users/ayurifanny/Desktop/zjlawfirm/zoejustitia/vendor/codeigniter4/framework/system/Email/Email.php:1896
Stack trace:
#0 [internal function]: CodeIgniter\Debug\Exceptions->errorHandler(2, 'fsockopen(): Pe...', '/Users/ayurifan...', 1896)
#1 /Users/ayurifanny/Desktop/zjlawfirm/zoejustitia/vendor/codeigniter4/framework/system/Email/Email.php(1896): fsockopen('ssl://mail.caci...', 465, NULL, NULL, 5)
#2 /Users/ayurifanny/Desktop/zjlawfirm/zoejustitia/vendor/codeigniter4/framework/system/Email/Email.php(1809): CodeIgniter\Email\Email->SMTPConnect()
#3 /Users/ayurifanny/Desktop/zjlawfirm/zoejustitia/vendor/codeigniter4/framework/system/Email/Email.php(1694): CodeIgniter\Email\Email->sendWithSmtp()
#4 /Users/ayurifanny/Desktop/zjlawfirm/zoejustitia/vendor/codeigniter4/framework/system/Email/Email.php(1589): CodeIgniter\Email\Email->spoolEmail()
#5 /Users/ayurifanny/Desktop/zjlawfirm/zoejustitia/app/Controllers/Home.php(68): CodeIgniter\Email\Email->send()
#6 /Users/ayurifanny/Desktop/zjlawfirm/zoejustitia/vendor/codeigniter4/framework/system/CodeIgniter.php(933): App\Controllers\Home->setlocale()
#7 /Users/ayurifanny/Desktop/zjlawfirm/zoejustitia/vendor/codeigniter4/framework/system/CodeIgniter.php(509): CodeIgniter\CodeIgniter->runController(Object(App\Controllers\Home))
#8 /Users/ayurifanny/Desktop/zjlawfirm/zoejustitia/vendor/codeigniter4/framework/system/CodeIgniter.php(355): CodeIgniter\CodeIgniter->handleRequest(NULL, Object(Config\Cache), false)
#9 /Users/ayurifanny/Desktop/zjlawfirm/zoejustitia/vendor/codeigniter4/framework/system/Boot.php(312): CodeIgniter\CodeIgniter->run()
#10 /Users/ayurifanny/Desktop/zjlawfirm/zoejustitia/vendor/codeigniter4/framework/system/Boot.php(67): CodeIgniter\Boot::runCodeIgniter(Object(CodeIgniter\CodeIgniter))
#11 /Users/ayurifanny/Desktop/zjlawfirm/zoejustitia/public/index.php(56): CodeIgniter\Boot::bootWeb(Object(Config\Paths))
#12 /Users/ayurifanny/Desktop/zjlawfirm/zoejustitia/vendor/codeigniter4/framework/system/Commands/Server/rewrite.php(49): require_once('/Users/ayurifan...')
#13 {main}
ERROR - 2024-06-09 19:39:23 --> Email: Unable to send email using SMTP. Your server might not be configured to send mail using this method.
ERROR - 2024-06-09 19:39:23 --> 
CRITICAL - 2024-06-09 19:52:56 --> TypeError: preg_match(): Argument #2 ($subject) must be of type string, null given
[Method: POST, Route: consultation]
in SYSTEMPATH/Email/Email.php on line 481.
 1 SYSTEMPATH/Email/Email.php(481): preg_match('/\\<(.*)\\>/', null, null)
 2 APPPATH/Controllers/Home.php(71): CodeIgniter\Email\Email->setFrom(null, null)
 3 SYSTEMPATH/CodeIgniter.php(933): App\Controllers\Home->sendemail()
 4 SYSTEMPATH/CodeIgniter.php(509): CodeIgniter\CodeIgniter->runController(Object(App\Controllers\Home))
 5 SYSTEMPATH/CodeIgniter.php(355): CodeIgniter\CodeIgniter->handleRequest(null, Object(Config\Cache), false)
 6 SYSTEMPATH/Boot.php(312): CodeIgniter\CodeIgniter->run()
 7 SYSTEMPATH/Boot.php(67): CodeIgniter\Boot::runCodeIgniter(Object(CodeIgniter\CodeIgniter))
 8 FCPATH/index.php(56): CodeIgniter\Boot::bootWeb(Object(Config\Paths))
 9 SYSTEMPATH/Commands/Server/rewrite.php(49): require_once('/Users/ayurifanny/Desktop/zjlawfirm/zoejustitia/public/index.php')
CRITICAL - 2024-06-09 19:53:14 --> TypeError: preg_match(): Argument #2 ($subject) must be of type string, null given
[Method: POST, Route: consultation]
in SYSTEMPATH/Email/Email.php on line 481.
 1 SYSTEMPATH/Email/Email.php(481): preg_match('/\\<(.*)\\>/', null, null)
 2 APPPATH/Controllers/Home.php(71): CodeIgniter\Email\Email->setFrom(null, null)
 3 SYSTEMPATH/CodeIgniter.php(933): App\Controllers\Home->sendemail()
 4 SYSTEMPATH/CodeIgniter.php(509): CodeIgniter\CodeIgniter->runController(Object(App\Controllers\Home))
 5 SYSTEMPATH/CodeIgniter.php(355): CodeIgniter\CodeIgniter->handleRequest(null, Object(Config\Cache), false)
 6 SYSTEMPATH/Boot.php(312): CodeIgniter\CodeIgniter->run()
 7 SYSTEMPATH/Boot.php(67): CodeIgniter\Boot::runCodeIgniter(Object(CodeIgniter\CodeIgniter))
 8 FCPATH/index.php(56): CodeIgniter\Boot::bootWeb(Object(Config\Paths))
 9 SYSTEMPATH/Commands/Server/rewrite.php(49): require_once('/Users/ayurifanny/Desktop/zjlawfirm/zoejustitia/public/index.php')
CRITICAL - 2024-06-09 19:53:30 --> TypeError: preg_match(): Argument #2 ($subject) must be of type string, null given
[Method: POST, Route: consultation]
in SYSTEMPATH/Email/Email.php on line 481.
 1 SYSTEMPATH/Email/Email.php(481): preg_match('/\\<(.*)\\>/', null, null)
 2 APPPATH/Controllers/Home.php(71): CodeIgniter\Email\Email->setFrom(null, null)
 3 SYSTEMPATH/CodeIgniter.php(933): App\Controllers\Home->sendemail()
 4 SYSTEMPATH/CodeIgniter.php(509): CodeIgniter\CodeIgniter->runController(Object(App\Controllers\Home))
 5 SYSTEMPATH/CodeIgniter.php(355): CodeIgniter\CodeIgniter->handleRequest(null, Object(Config\Cache), false)
 6 SYSTEMPATH/Boot.php(312): CodeIgniter\CodeIgniter->run()
 7 SYSTEMPATH/Boot.php(67): CodeIgniter\Boot::runCodeIgniter(Object(CodeIgniter\CodeIgniter))
 8 FCPATH/index.php(56): CodeIgniter\Boot::bootWeb(Object(Config\Paths))
 9 SYSTEMPATH/Commands/Server/rewrite.php(49): require_once('/Users/ayurifanny/Desktop/zjlawfirm/zoejustitia/public/index.php')
CRITICAL - 2024-06-09 19:54:01 --> TypeError: preg_match(): Argument #2 ($subject) must be of type string, null given
[Method: POST, Route: consultation]
in SYSTEMPATH/Email/Email.php on line 481.
 1 SYSTEMPATH/Email/Email.php(481): preg_match('/\\<(.*)\\>/', null, null)
 2 APPPATH/Controllers/Home.php(71): CodeIgniter\Email\Email->setFrom(null, null)
 3 SYSTEMPATH/CodeIgniter.php(933): App\Controllers\Home->sendemail()
 4 SYSTEMPATH/CodeIgniter.php(509): CodeIgniter\CodeIgniter->runController(Object(App\Controllers\Home))
 5 SYSTEMPATH/CodeIgniter.php(355): CodeIgniter\CodeIgniter->handleRequest(null, Object(Config\Cache), false)
 6 SYSTEMPATH/Boot.php(312): CodeIgniter\CodeIgniter->run()
 7 SYSTEMPATH/Boot.php(67): CodeIgniter\Boot::runCodeIgniter(Object(CodeIgniter\CodeIgniter))
 8 FCPATH/index.php(56): CodeIgniter\Boot::bootWeb(Object(Config\Paths))
 9 SYSTEMPATH/Commands/Server/rewrite.php(49): require_once('/Users/ayurifanny/Desktop/zjlawfirm/zoejustitia/public/index.php')
CRITICAL - 2024-06-09 19:54:09 --> TypeError: preg_match(): Argument #2 ($subject) must be of type string, null given
[Method: POST, Route: consultation]
in SYSTEMPATH/Email/Email.php on line 481.
 1 SYSTEMPATH/Email/Email.php(481): preg_match('/\\<(.*)\\>/', null, null)
 2 APPPATH/Controllers/Home.php(71): CodeIgniter\Email\Email->setFrom(null, null)
 3 SYSTEMPATH/CodeIgniter.php(933): App\Controllers\Home->sendemail()
 4 SYSTEMPATH/CodeIgniter.php(509): CodeIgniter\CodeIgniter->runController(Object(App\Controllers\Home))
 5 SYSTEMPATH/CodeIgniter.php(355): CodeIgniter\CodeIgniter->handleRequest(null, Object(Config\Cache), false)
 6 SYSTEMPATH/Boot.php(312): CodeIgniter\CodeIgniter->run()
 7 SYSTEMPATH/Boot.php(67): CodeIgniter\Boot::runCodeIgniter(Object(CodeIgniter\CodeIgniter))
 8 FCPATH/index.php(56): CodeIgniter\Boot::bootWeb(Object(Config\Paths))
 9 SYSTEMPATH/Commands/Server/rewrite.php(49): require_once('/Users/ayurifanny/Desktop/zjlawfirm/zoejustitia/public/index.php')
CRITICAL - 2024-06-09 19:58:54 --> TypeError: preg_match(): Argument #2 ($subject) must be of type string, null given
[Method: POST, Route: consultation]
in SYSTEMPATH/Email/Email.php on line 481.
 1 SYSTEMPATH/Email/Email.php(481): preg_match('/\\<(.*)\\>/', null, null)
 2 APPPATH/Controllers/Home.php(71): CodeIgniter\Email\Email->setFrom(null, null)
 3 SYSTEMPATH/CodeIgniter.php(933): App\Controllers\Home->sendemail()
 4 SYSTEMPATH/CodeIgniter.php(509): CodeIgniter\CodeIgniter->runController(Object(App\Controllers\Home))
 5 SYSTEMPATH/CodeIgniter.php(355): CodeIgniter\CodeIgniter->handleRequest(null, Object(Config\Cache), false)
 6 SYSTEMPATH/Boot.php(312): CodeIgniter\CodeIgniter->run()
 7 SYSTEMPATH/Boot.php(67): CodeIgniter\Boot::runCodeIgniter(Object(CodeIgniter\CodeIgniter))
 8 FCPATH/index.php(56): CodeIgniter\Boot::bootWeb(Object(Config\Paths))
 9 SYSTEMPATH/Commands/Server/rewrite.php(49): require_once('/Users/ayurifanny/Desktop/zjlawfirm/zoejustitia/public/index.php')
CRITICAL - 2024-06-09 19:59:47 --> TypeError: preg_match(): Argument #2 ($subject) must be of type string, null given
[Method: POST, Route: consultation]
in SYSTEMPATH/Email/Email.php on line 481.
 1 SYSTEMPATH/Email/Email.php(481): preg_match('/\\<(.*)\\>/', null, null)
 2 APPPATH/Controllers/Home.php(71): CodeIgniter\Email\Email->setFrom(null, null)
 3 SYSTEMPATH/CodeIgniter.php(933): App\Controllers\Home->sendemail()
 4 SYSTEMPATH/CodeIgniter.php(509): CodeIgniter\CodeIgniter->runController(Object(App\Controllers\Home))
 5 SYSTEMPATH/CodeIgniter.php(355): CodeIgniter\CodeIgniter->handleRequest(null, Object(Config\Cache), false)
 6 SYSTEMPATH/Boot.php(312): CodeIgniter\CodeIgniter->run()
 7 SYSTEMPATH/Boot.php(67): CodeIgniter\Boot::runCodeIgniter(Object(CodeIgniter\CodeIgniter))
 8 FCPATH/index.php(56): CodeIgniter\Boot::bootWeb(Object(Config\Paths))
 9 SYSTEMPATH/Commands/Server/rewrite.php(49): require_once('/Users/ayurifanny/Desktop/zjlawfirm/zoejustitia/public/index.php')
CRITICAL - 2024-06-09 20:00:02 --> TypeError: preg_match(): Argument #2 ($subject) must be of type string, null given
[Method: POST, Route: consultation]
in SYSTEMPATH/Email/Email.php on line 481.
 1 SYSTEMPATH/Email/Email.php(481): preg_match('/\\<(.*)\\>/', null, null)
 2 APPPATH/Controllers/Home.php(71): CodeIgniter\Email\Email->setFrom(null, null)
 3 SYSTEMPATH/CodeIgniter.php(933): App\Controllers\Home->sendemail()
 4 SYSTEMPATH/CodeIgniter.php(509): CodeIgniter\CodeIgniter->runController(Object(App\Controllers\Home))
 5 SYSTEMPATH/CodeIgniter.php(355): CodeIgniter\CodeIgniter->handleRequest(null, Object(Config\Cache), false)
 6 SYSTEMPATH/Boot.php(312): CodeIgniter\CodeIgniter->run()
 7 SYSTEMPATH/Boot.php(67): CodeIgniter\Boot::runCodeIgniter(Object(CodeIgniter\CodeIgniter))
 8 FCPATH/index.php(56): CodeIgniter\Boot::bootWeb(Object(Config\Paths))
 9 SYSTEMPATH/Commands/Server/rewrite.php(49): require_once('/Users/ayurifanny/Desktop/zjlawfirm/zoejustitia/public/index.php')
