CRITICAL - 2024-06-08 18:31:41 --> ErrorException: Undefined property: CodeIgniter\View\View::$load
[Method: GET, Route: /]
in APPPATH/Views/index.php on line 42.
 1 APPPATH/Views/index.php(42): CodeIgniter\Debug\Exceptions->errorHandler(2, 'Undefined property: CodeIgniter\\View\\View::$load', '/Users/ayurifanny/Desktop/zjlawfirm/zoejustitia/app/Views/index.php', 42)
 2 SYSTEMPATH/View/View.php(234): include('/Users/ayurifanny/Desktop/zjlawfirm/zoejustitia/app/Views/index.php')
 3 SYSTEMPATH/View/View.php(237): CodeIgniter\View\View->CodeIgniter\View\{closure}()
 4 SYSTEMPATH/Common.php(1171): CodeIgniter\View\View->render('index', [], true)
 5 APPPATH/Controllers/Home.php(9): view('index')
 6 SYSTEMPATH/CodeIgniter.php(933): App\Controllers\Home->index()
 7 SYSTEMPATH/CodeIgniter.php(509): CodeIgniter\CodeIgniter->runController(Object(App\Controllers\Home))
 8 SYSTEMPATH/CodeIgniter.php(355): CodeIgniter\CodeIgniter->handleRequest(null, Object(Config\Cache), false)
 9 SYSTEMPATH/Boot.php(312): CodeIgniter\CodeIgniter->run()
10 SYSTEMPATH/Boot.php(67): CodeIgniter\Boot::runCodeIgniter(Object(CodeIgniter\CodeIgniter))
11 FCPATH/index.php(56): CodeIgniter\Boot::bootWeb(Object(Config\Paths))
12 SYSTEMPATH/Commands/Server/rewrite.php(49): require_once('/Users/ayurifanny/Desktop/zjlawfirm/zoejustitia/public/index.php')
CRITICAL - 2024-06-08 18:32:24 --> ErrorException: Undefined property: CodeIgniter\View\View::$load
[Method: GET, Route: /]
in APPPATH/Views/index.php on line 42.
 1 APPPATH/Views/index.php(42): CodeIgniter\Debug\Exceptions->errorHandler(2, 'Undefined property: CodeIgniter\\View\\View::$load', '/Users/ayurifanny/Desktop/zjlawfirm/zoejustitia/app/Views/index.php', 42)
 2 SYSTEMPATH/View/View.php(234): include('/Users/ayurifanny/Desktop/zjlawfirm/zoejustitia/app/Views/index.php')
 3 SYSTEMPATH/View/View.php(237): CodeIgniter\View\View->CodeIgniter\View\{closure}()
 4 SYSTEMPATH/Common.php(1171): CodeIgniter\View\View->render('index', [], true)
 5 APPPATH/Controllers/Home.php(9): view('index')
 6 SYSTEMPATH/CodeIgniter.php(933): App\Controllers\Home->index()
 7 SYSTEMPATH/CodeIgniter.php(509): CodeIgniter\CodeIgniter->runController(Object(App\Controllers\Home))
 8 SYSTEMPATH/CodeIgniter.php(355): CodeIgniter\CodeIgniter->handleRequest(null, Object(Config\Cache), false)
 9 SYSTEMPATH/Boot.php(312): CodeIgniter\CodeIgniter->run()
10 SYSTEMPATH/Boot.php(67): CodeIgniter\Boot::runCodeIgniter(Object(CodeIgniter\CodeIgniter))
11 FCPATH/index.php(56): CodeIgniter\Boot::bootWeb(Object(Config\Paths))
12 SYSTEMPATH/Commands/Server/rewrite.php(49): require_once('/Users/ayurifanny/Desktop/zjlawfirm/zoejustitia/public/index.php')
CRITICAL - 2024-06-08 18:32:25 --> ErrorException: Undefined property: CodeIgniter\View\View::$load
[Method: GET, Route: /]
in APPPATH/Views/index.php on line 42.
 1 APPPATH/Views/index.php(42): CodeIgniter\Debug\Exceptions->errorHandler(2, 'Undefined property: CodeIgniter\\View\\View::$load', '/Users/ayurifanny/Desktop/zjlawfirm/zoejustitia/app/Views/index.php', 42)
 2 SYSTEMPATH/View/View.php(234): include('/Users/ayurifanny/Desktop/zjlawfirm/zoejustitia/app/Views/index.php')
 3 SYSTEMPATH/View/View.php(237): CodeIgniter\View\View->CodeIgniter\View\{closure}()
 4 SYSTEMPATH/Common.php(1171): CodeIgniter\View\View->render('index', [], true)
 5 APPPATH/Controllers/Home.php(9): view('index')
 6 SYSTEMPATH/CodeIgniter.php(933): App\Controllers\Home->index()
 7 SYSTEMPATH/CodeIgniter.php(509): CodeIgniter\CodeIgniter->runController(Object(App\Controllers\Home))
 8 SYSTEMPATH/CodeIgniter.php(355): CodeIgniter\CodeIgniter->handleRequest(null, Object(Config\Cache), false)
 9 SYSTEMPATH/Boot.php(312): CodeIgniter\CodeIgniter->run()
10 SYSTEMPATH/Boot.php(67): CodeIgniter\Boot::runCodeIgniter(Object(CodeIgniter\CodeIgniter))
11 FCPATH/index.php(56): CodeIgniter\Boot::bootWeb(Object(Config\Paths))
12 SYSTEMPATH/Commands/Server/rewrite.php(49): require_once('/Users/ayurifanny/Desktop/zjlawfirm/zoejustitia/public/index.php')
CRITICAL - 2024-06-08 18:32:26 --> ErrorException: Undefined property: CodeIgniter\View\View::$load
[Method: GET, Route: /]
in APPPATH/Views/index.php on line 42.
 1 APPPATH/Views/index.php(42): CodeIgniter\Debug\Exceptions->errorHandler(2, 'Undefined property: CodeIgniter\\View\\View::$load', '/Users/ayurifanny/Desktop/zjlawfirm/zoejustitia/app/Views/index.php', 42)
 2 SYSTEMPATH/View/View.php(234): include('/Users/ayurifanny/Desktop/zjlawfirm/zoejustitia/app/Views/index.php')
 3 SYSTEMPATH/View/View.php(237): CodeIgniter\View\View->CodeIgniter\View\{closure}()
 4 SYSTEMPATH/Common.php(1171): CodeIgniter\View\View->render('index', [], true)
 5 APPPATH/Controllers/Home.php(9): view('index')
 6 SYSTEMPATH/CodeIgniter.php(933): App\Controllers\Home->index()
 7 SYSTEMPATH/CodeIgniter.php(509): CodeIgniter\CodeIgniter->runController(Object(App\Controllers\Home))
 8 SYSTEMPATH/CodeIgniter.php(355): CodeIgniter\CodeIgniter->handleRequest(null, Object(Config\Cache), false)
 9 SYSTEMPATH/Boot.php(312): CodeIgniter\CodeIgniter->run()
10 SYSTEMPATH/Boot.php(67): CodeIgniter\Boot::runCodeIgniter(Object(CodeIgniter\CodeIgniter))
11 FCPATH/index.php(56): CodeIgniter\Boot::bootWeb(Object(Config\Paths))
12 SYSTEMPATH/Commands/Server/rewrite.php(49): require_once('/Users/ayurifanny/Desktop/zjlawfirm/zoejustitia/public/index.php')
CRITICAL - 2024-06-08 18:32:26 --> ErrorException: Undefined property: CodeIgniter\View\View::$load
[Method: GET, Route: /]
in APPPATH/Views/index.php on line 42.
 1 APPPATH/Views/index.php(42): CodeIgniter\Debug\Exceptions->errorHandler(2, 'Undefined property: CodeIgniter\\View\\View::$load', '/Users/ayurifanny/Desktop/zjlawfirm/zoejustitia/app/Views/index.php', 42)
 2 SYSTEMPATH/View/View.php(234): include('/Users/ayurifanny/Desktop/zjlawfirm/zoejustitia/app/Views/index.php')
 3 SYSTEMPATH/View/View.php(237): CodeIgniter\View\View->CodeIgniter\View\{closure}()
 4 SYSTEMPATH/Common.php(1171): CodeIgniter\View\View->render('index', [], true)
 5 APPPATH/Controllers/Home.php(9): view('index')
 6 SYSTEMPATH/CodeIgniter.php(933): App\Controllers\Home->index()
 7 SYSTEMPATH/CodeIgniter.php(509): CodeIgniter\CodeIgniter->runController(Object(App\Controllers\Home))
 8 SYSTEMPATH/CodeIgniter.php(355): CodeIgniter\CodeIgniter->handleRequest(null, Object(Config\Cache), false)
 9 SYSTEMPATH/Boot.php(312): CodeIgniter\CodeIgniter->run()
10 SYSTEMPATH/Boot.php(67): CodeIgniter\Boot::runCodeIgniter(Object(CodeIgniter\CodeIgniter))
11 FCPATH/index.php(56): CodeIgniter\Boot::bootWeb(Object(Config\Paths))
12 SYSTEMPATH/Commands/Server/rewrite.php(49): require_once('/Users/ayurifanny/Desktop/zjlawfirm/zoejustitia/public/index.php')
CRITICAL - 2024-06-08 18:32:26 --> ErrorException: Undefined property: CodeIgniter\View\View::$load
[Method: GET, Route: /]
in APPPATH/Views/index.php on line 42.
 1 APPPATH/Views/index.php(42): CodeIgniter\Debug\Exceptions->errorHandler(2, 'Undefined property: CodeIgniter\\View\\View::$load', '/Users/ayurifanny/Desktop/zjlawfirm/zoejustitia/app/Views/index.php', 42)
 2 SYSTEMPATH/View/View.php(234): include('/Users/ayurifanny/Desktop/zjlawfirm/zoejustitia/app/Views/index.php')
 3 SYSTEMPATH/View/View.php(237): CodeIgniter\View\View->CodeIgniter\View\{closure}()
 4 SYSTEMPATH/Common.php(1171): CodeIgniter\View\View->render('index', [], true)
 5 APPPATH/Controllers/Home.php(9): view('index')
 6 SYSTEMPATH/CodeIgniter.php(933): App\Controllers\Home->index()
 7 SYSTEMPATH/CodeIgniter.php(509): CodeIgniter\CodeIgniter->runController(Object(App\Controllers\Home))
 8 SYSTEMPATH/CodeIgniter.php(355): CodeIgniter\CodeIgniter->handleRequest(null, Object(Config\Cache), false)
 9 SYSTEMPATH/Boot.php(312): CodeIgniter\CodeIgniter->run()
10 SYSTEMPATH/Boot.php(67): CodeIgniter\Boot::runCodeIgniter(Object(CodeIgniter\CodeIgniter))
11 FCPATH/index.php(56): CodeIgniter\Boot::bootWeb(Object(Config\Paths))
12 SYSTEMPATH/Commands/Server/rewrite.php(49): require_once('/Users/ayurifanny/Desktop/zjlawfirm/zoejustitia/public/index.php')
CRITICAL - 2024-06-08 18:32:34 --> ErrorException: Undefined property: CodeIgniter\View\View::$load
[Method: GET, Route: /]
in APPPATH/Views/index.php on line 42.
 1 APPPATH/Views/index.php(42): CodeIgniter\Debug\Exceptions->errorHandler(2, 'Undefined property: CodeIgniter\\View\\View::$load', '/Users/ayurifanny/Desktop/zjlawfirm/zoejustitia/app/Views/index.php', 42)
 2 SYSTEMPATH/View/View.php(234): include('/Users/ayurifanny/Desktop/zjlawfirm/zoejustitia/app/Views/index.php')
 3 SYSTEMPATH/View/View.php(237): CodeIgniter\View\View->CodeIgniter\View\{closure}()
 4 SYSTEMPATH/Common.php(1171): CodeIgniter\View\View->render('index', [], true)
 5 APPPATH/Controllers/Home.php(9): view('index')
 6 SYSTEMPATH/CodeIgniter.php(933): App\Controllers\Home->index()
 7 SYSTEMPATH/CodeIgniter.php(509): CodeIgniter\CodeIgniter->runController(Object(App\Controllers\Home))
 8 SYSTEMPATH/CodeIgniter.php(355): CodeIgniter\CodeIgniter->handleRequest(null, Object(Config\Cache), false)
 9 SYSTEMPATH/Boot.php(312): CodeIgniter\CodeIgniter->run()
10 SYSTEMPATH/Boot.php(67): CodeIgniter\Boot::runCodeIgniter(Object(CodeIgniter\CodeIgniter))
11 FCPATH/index.php(56): CodeIgniter\Boot::bootWeb(Object(Config\Paths))
12 SYSTEMPATH/Commands/Server/rewrite.php(49): require_once('/Users/ayurifanny/Desktop/zjlawfirm/zoejustitia/public/index.php')
CRITICAL - 2024-06-08 18:32:34 --> ErrorException: Undefined property: CodeIgniter\View\View::$load
[Method: GET, Route: /]
in APPPATH/Views/index.php on line 42.
 1 APPPATH/Views/index.php(42): CodeIgniter\Debug\Exceptions->errorHandler(2, 'Undefined property: CodeIgniter\\View\\View::$load', '/Users/ayurifanny/Desktop/zjlawfirm/zoejustitia/app/Views/index.php', 42)
 2 SYSTEMPATH/View/View.php(234): include('/Users/ayurifanny/Desktop/zjlawfirm/zoejustitia/app/Views/index.php')
 3 SYSTEMPATH/View/View.php(237): CodeIgniter\View\View->CodeIgniter\View\{closure}()
 4 SYSTEMPATH/Common.php(1171): CodeIgniter\View\View->render('index', [], true)
 5 APPPATH/Controllers/Home.php(9): view('index')
 6 SYSTEMPATH/CodeIgniter.php(933): App\Controllers\Home->index()
 7 SYSTEMPATH/CodeIgniter.php(509): CodeIgniter\CodeIgniter->runController(Object(App\Controllers\Home))
 8 SYSTEMPATH/CodeIgniter.php(355): CodeIgniter\CodeIgniter->handleRequest(null, Object(Config\Cache), false)
 9 SYSTEMPATH/Boot.php(312): CodeIgniter\CodeIgniter->run()
10 SYSTEMPATH/Boot.php(67): CodeIgniter\Boot::runCodeIgniter(Object(CodeIgniter\CodeIgniter))
11 FCPATH/index.php(56): CodeIgniter\Boot::bootWeb(Object(Config\Paths))
12 SYSTEMPATH/Commands/Server/rewrite.php(49): require_once('/Users/ayurifanny/Desktop/zjlawfirm/zoejustitia/public/index.php')
CRITICAL - 2024-06-08 18:32:35 --> ErrorException: Undefined property: CodeIgniter\View\View::$load
[Method: GET, Route: /]
in APPPATH/Views/index.php on line 42.
 1 APPPATH/Views/index.php(42): CodeIgniter\Debug\Exceptions->errorHandler(2, 'Undefined property: CodeIgniter\\View\\View::$load', '/Users/ayurifanny/Desktop/zjlawfirm/zoejustitia/app/Views/index.php', 42)
 2 SYSTEMPATH/View/View.php(234): include('/Users/ayurifanny/Desktop/zjlawfirm/zoejustitia/app/Views/index.php')
 3 SYSTEMPATH/View/View.php(237): CodeIgniter\View\View->CodeIgniter\View\{closure}()
 4 SYSTEMPATH/Common.php(1171): CodeIgniter\View\View->render('index', [], true)
 5 APPPATH/Controllers/Home.php(9): view('index')
 6 SYSTEMPATH/CodeIgniter.php(933): App\Controllers\Home->index()
 7 SYSTEMPATH/CodeIgniter.php(509): CodeIgniter\CodeIgniter->runController(Object(App\Controllers\Home))
 8 SYSTEMPATH/CodeIgniter.php(355): CodeIgniter\CodeIgniter->handleRequest(null, Object(Config\Cache), false)
 9 SYSTEMPATH/Boot.php(312): CodeIgniter\CodeIgniter->run()
10 SYSTEMPATH/Boot.php(67): CodeIgniter\Boot::runCodeIgniter(Object(CodeIgniter\CodeIgniter))
11 FCPATH/index.php(56): CodeIgniter\Boot::bootWeb(Object(Config\Paths))
12 SYSTEMPATH/Commands/Server/rewrite.php(49): require_once('/Users/ayurifanny/Desktop/zjlawfirm/zoejustitia/public/index.php')
CRITICAL - 2024-06-08 18:32:35 --> ErrorException: Undefined property: CodeIgniter\View\View::$load
[Method: GET, Route: /]
in APPPATH/Views/index.php on line 42.
 1 APPPATH/Views/index.php(42): CodeIgniter\Debug\Exceptions->errorHandler(2, 'Undefined property: CodeIgniter\\View\\View::$load', '/Users/ayurifanny/Desktop/zjlawfirm/zoejustitia/app/Views/index.php', 42)
 2 SYSTEMPATH/View/View.php(234): include('/Users/ayurifanny/Desktop/zjlawfirm/zoejustitia/app/Views/index.php')
 3 SYSTEMPATH/View/View.php(237): CodeIgniter\View\View->CodeIgniter\View\{closure}()
 4 SYSTEMPATH/Common.php(1171): CodeIgniter\View\View->render('index', [], true)
 5 APPPATH/Controllers/Home.php(9): view('index')
 6 SYSTEMPATH/CodeIgniter.php(933): App\Controllers\Home->index()
 7 SYSTEMPATH/CodeIgniter.php(509): CodeIgniter\CodeIgniter->runController(Object(App\Controllers\Home))
 8 SYSTEMPATH/CodeIgniter.php(355): CodeIgniter\CodeIgniter->handleRequest(null, Object(Config\Cache), false)
 9 SYSTEMPATH/Boot.php(312): CodeIgniter\CodeIgniter->run()
10 SYSTEMPATH/Boot.php(67): CodeIgniter\Boot::runCodeIgniter(Object(CodeIgniter\CodeIgniter))
11 FCPATH/index.php(56): CodeIgniter\Boot::bootWeb(Object(Config\Paths))
12 SYSTEMPATH/Commands/Server/rewrite.php(49): require_once('/Users/ayurifanny/Desktop/zjlawfirm/zoejustitia/public/index.php')
CRITICAL - 2024-06-08 18:32:35 --> ErrorException: Undefined property: CodeIgniter\View\View::$load
[Method: GET, Route: /]
in APPPATH/Views/index.php on line 42.
 1 APPPATH/Views/index.php(42): CodeIgniter\Debug\Exceptions->errorHandler(2, 'Undefined property: CodeIgniter\\View\\View::$load', '/Users/ayurifanny/Desktop/zjlawfirm/zoejustitia/app/Views/index.php', 42)
 2 SYSTEMPATH/View/View.php(234): include('/Users/ayurifanny/Desktop/zjlawfirm/zoejustitia/app/Views/index.php')
 3 SYSTEMPATH/View/View.php(237): CodeIgniter\View\View->CodeIgniter\View\{closure}()
 4 SYSTEMPATH/Common.php(1171): CodeIgniter\View\View->render('index', [], true)
 5 APPPATH/Controllers/Home.php(9): view('index')
 6 SYSTEMPATH/CodeIgniter.php(933): App\Controllers\Home->index()
 7 SYSTEMPATH/CodeIgniter.php(509): CodeIgniter\CodeIgniter->runController(Object(App\Controllers\Home))
 8 SYSTEMPATH/CodeIgniter.php(355): CodeIgniter\CodeIgniter->handleRequest(null, Object(Config\Cache), false)
 9 SYSTEMPATH/Boot.php(312): CodeIgniter\CodeIgniter->run()
10 SYSTEMPATH/Boot.php(67): CodeIgniter\Boot::runCodeIgniter(Object(CodeIgniter\CodeIgniter))
11 FCPATH/index.php(56): CodeIgniter\Boot::bootWeb(Object(Config\Paths))
12 SYSTEMPATH/Commands/Server/rewrite.php(49): require_once('/Users/ayurifanny/Desktop/zjlawfirm/zoejustitia/public/index.php')
CRITICAL - 2024-06-08 18:32:38 --> ErrorException: Undefined property: CodeIgniter\View\View::$load
[Method: GET, Route: /]
in APPPATH/Views/index.php on line 42.
 1 APPPATH/Views/index.php(42): CodeIgniter\Debug\Exceptions->errorHandler(2, 'Undefined property: CodeIgniter\\View\\View::$load', '/Users/ayurifanny/Desktop/zjlawfirm/zoejustitia/app/Views/index.php', 42)
 2 SYSTEMPATH/View/View.php(234): include('/Users/ayurifanny/Desktop/zjlawfirm/zoejustitia/app/Views/index.php')
 3 SYSTEMPATH/View/View.php(237): CodeIgniter\View\View->CodeIgniter\View\{closure}()
 4 SYSTEMPATH/Common.php(1171): CodeIgniter\View\View->render('index', [], true)
 5 APPPATH/Controllers/Home.php(9): view('index')
 6 SYSTEMPATH/CodeIgniter.php(933): App\Controllers\Home->index()
 7 SYSTEMPATH/CodeIgniter.php(509): CodeIgniter\CodeIgniter->runController(Object(App\Controllers\Home))
 8 SYSTEMPATH/CodeIgniter.php(355): CodeIgniter\CodeIgniter->handleRequest(null, Object(Config\Cache), false)
 9 SYSTEMPATH/Boot.php(312): CodeIgniter\CodeIgniter->run()
10 SYSTEMPATH/Boot.php(67): CodeIgniter\Boot::runCodeIgniter(Object(CodeIgniter\CodeIgniter))
11 FCPATH/index.php(56): CodeIgniter\Boot::bootWeb(Object(Config\Paths))
12 SYSTEMPATH/Commands/Server/rewrite.php(49): require_once('/Users/ayurifanny/Desktop/zjlawfirm/zoejustitia/public/index.php')
CRITICAL - 2024-06-08 18:33:00 --> ErrorException: Undefined property: CodeIgniter\View\View::$load
[Method: GET, Route: /]
in APPPATH/Views/index.php on line 42.
 1 APPPATH/Views/index.php(42): CodeIgniter\Debug\Exceptions->errorHandler(2, 'Undefined property: CodeIgniter\\View\\View::$load', '/Users/ayurifanny/Desktop/zjlawfirm/zoejustitia/app/Views/index.php', 42)
 2 SYSTEMPATH/View/View.php(234): include('/Users/ayurifanny/Desktop/zjlawfirm/zoejustitia/app/Views/index.php')
 3 SYSTEMPATH/View/View.php(237): CodeIgniter\View\View->CodeIgniter\View\{closure}()
 4 SYSTEMPATH/Common.php(1171): CodeIgniter\View\View->render('index', [], true)
 5 APPPATH/Controllers/Home.php(9): view('index')
 6 SYSTEMPATH/CodeIgniter.php(933): App\Controllers\Home->index()
 7 SYSTEMPATH/CodeIgniter.php(509): CodeIgniter\CodeIgniter->runController(Object(App\Controllers\Home))
 8 SYSTEMPATH/CodeIgniter.php(355): CodeIgniter\CodeIgniter->handleRequest(null, Object(Config\Cache), false)
 9 SYSTEMPATH/Boot.php(312): CodeIgniter\CodeIgniter->run()
10 SYSTEMPATH/Boot.php(67): CodeIgniter\Boot::runCodeIgniter(Object(CodeIgniter\CodeIgniter))
11 FCPATH/index.php(56): CodeIgniter\Boot::bootWeb(Object(Config\Paths))
12 SYSTEMPATH/Commands/Server/rewrite.php(49): require_once('/Users/ayurifanny/Desktop/zjlawfirm/zoejustitia/public/index.php')
CRITICAL - 2024-06-08 18:33:00 --> ErrorException: Undefined property: CodeIgniter\View\View::$load
[Method: GET, Route: /]
in APPPATH/Views/index.php on line 42.
 1 APPPATH/Views/index.php(42): CodeIgniter\Debug\Exceptions->errorHandler(2, 'Undefined property: CodeIgniter\\View\\View::$load', '/Users/ayurifanny/Desktop/zjlawfirm/zoejustitia/app/Views/index.php', 42)
 2 SYSTEMPATH/View/View.php(234): include('/Users/ayurifanny/Desktop/zjlawfirm/zoejustitia/app/Views/index.php')
 3 SYSTEMPATH/View/View.php(237): CodeIgniter\View\View->CodeIgniter\View\{closure}()
 4 SYSTEMPATH/Common.php(1171): CodeIgniter\View\View->render('index', [], true)
 5 APPPATH/Controllers/Home.php(9): view('index')
 6 SYSTEMPATH/CodeIgniter.php(933): App\Controllers\Home->index()
 7 SYSTEMPATH/CodeIgniter.php(509): CodeIgniter\CodeIgniter->runController(Object(App\Controllers\Home))
 8 SYSTEMPATH/CodeIgniter.php(355): CodeIgniter\CodeIgniter->handleRequest(null, Object(Config\Cache), false)
 9 SYSTEMPATH/Boot.php(312): CodeIgniter\CodeIgniter->run()
10 SYSTEMPATH/Boot.php(67): CodeIgniter\Boot::runCodeIgniter(Object(CodeIgniter\CodeIgniter))
11 FCPATH/index.php(56): CodeIgniter\Boot::bootWeb(Object(Config\Paths))
12 SYSTEMPATH/Commands/Server/rewrite.php(49): require_once('/Users/ayurifanny/Desktop/zjlawfirm/zoejustitia/public/index.php')
CRITICAL - 2024-06-08 18:33:00 --> ErrorException: Undefined property: CodeIgniter\View\View::$load
[Method: GET, Route: /]
in APPPATH/Views/index.php on line 42.
 1 APPPATH/Views/index.php(42): CodeIgniter\Debug\Exceptions->errorHandler(2, 'Undefined property: CodeIgniter\\View\\View::$load', '/Users/ayurifanny/Desktop/zjlawfirm/zoejustitia/app/Views/index.php', 42)
 2 SYSTEMPATH/View/View.php(234): include('/Users/ayurifanny/Desktop/zjlawfirm/zoejustitia/app/Views/index.php')
 3 SYSTEMPATH/View/View.php(237): CodeIgniter\View\View->CodeIgniter\View\{closure}()
 4 SYSTEMPATH/Common.php(1171): CodeIgniter\View\View->render('index', [], true)
 5 APPPATH/Controllers/Home.php(9): view('index')
 6 SYSTEMPATH/CodeIgniter.php(933): App\Controllers\Home->index()
 7 SYSTEMPATH/CodeIgniter.php(509): CodeIgniter\CodeIgniter->runController(Object(App\Controllers\Home))
 8 SYSTEMPATH/CodeIgniter.php(355): CodeIgniter\CodeIgniter->handleRequest(null, Object(Config\Cache), false)
 9 SYSTEMPATH/Boot.php(312): CodeIgniter\CodeIgniter->run()
10 SYSTEMPATH/Boot.php(67): CodeIgniter\Boot::runCodeIgniter(Object(CodeIgniter\CodeIgniter))
11 FCPATH/index.php(56): CodeIgniter\Boot::bootWeb(Object(Config\Paths))
12 SYSTEMPATH/Commands/Server/rewrite.php(49): require_once('/Users/ayurifanny/Desktop/zjlawfirm/zoejustitia/public/index.php')
CRITICAL - 2024-06-08 18:33:59 --> ErrorException: Undefined property: App\Controllers\Home::$load
[Method: GET, Route: /]
in APPPATH/Controllers/Home.php on line 9.
 1 APPPATH/Controllers/Home.php(9): CodeIgniter\Debug\Exceptions->errorHandler(2, 'Undefined property: App\\Controllers\\Home::$load', '/Users/ayurifanny/Desktop/zjlawfirm/zoejustitia/app/Controllers/Home.php', 9)
 2 SYSTEMPATH/CodeIgniter.php(933): App\Controllers\Home->index()
 3 SYSTEMPATH/CodeIgniter.php(509): CodeIgniter\CodeIgniter->runController(Object(App\Controllers\Home))
 4 SYSTEMPATH/CodeIgniter.php(355): CodeIgniter\CodeIgniter->handleRequest(null, Object(Config\Cache), false)
 5 SYSTEMPATH/Boot.php(312): CodeIgniter\CodeIgniter->run()
 6 SYSTEMPATH/Boot.php(67): CodeIgniter\Boot::runCodeIgniter(Object(CodeIgniter\CodeIgniter))
 7 FCPATH/index.php(56): CodeIgniter\Boot::bootWeb(Object(Config\Paths))
 8 SYSTEMPATH/Commands/Server/rewrite.php(49): require_once('/Users/ayurifanny/Desktop/zjlawfirm/zoejustitia/public/index.php')
CRITICAL - 2024-06-08 18:34:00 --> ErrorException: Undefined property: App\Controllers\Home::$load
[Method: GET, Route: /]
in APPPATH/Controllers/Home.php on line 9.
 1 APPPATH/Controllers/Home.php(9): CodeIgniter\Debug\Exceptions->errorHandler(2, 'Undefined property: App\\Controllers\\Home::$load', '/Users/ayurifanny/Desktop/zjlawfirm/zoejustitia/app/Controllers/Home.php', 9)
 2 SYSTEMPATH/CodeIgniter.php(933): App\Controllers\Home->index()
 3 SYSTEMPATH/CodeIgniter.php(509): CodeIgniter\CodeIgniter->runController(Object(App\Controllers\Home))
 4 SYSTEMPATH/CodeIgniter.php(355): CodeIgniter\CodeIgniter->handleRequest(null, Object(Config\Cache), false)
 5 SYSTEMPATH/Boot.php(312): CodeIgniter\CodeIgniter->run()
 6 SYSTEMPATH/Boot.php(67): CodeIgniter\Boot::runCodeIgniter(Object(CodeIgniter\CodeIgniter))
 7 FCPATH/index.php(56): CodeIgniter\Boot::bootWeb(Object(Config\Paths))
 8 SYSTEMPATH/Commands/Server/rewrite.php(49): require_once('/Users/ayurifanny/Desktop/zjlawfirm/zoejustitia/public/index.php')
CRITICAL - 2024-06-08 18:34:00 --> ErrorException: Undefined property: App\Controllers\Home::$load
[Method: GET, Route: /]
in APPPATH/Controllers/Home.php on line 9.
 1 APPPATH/Controllers/Home.php(9): CodeIgniter\Debug\Exceptions->errorHandler(2, 'Undefined property: App\\Controllers\\Home::$load', '/Users/ayurifanny/Desktop/zjlawfirm/zoejustitia/app/Controllers/Home.php', 9)
 2 SYSTEMPATH/CodeIgniter.php(933): App\Controllers\Home->index()
 3 SYSTEMPATH/CodeIgniter.php(509): CodeIgniter\CodeIgniter->runController(Object(App\Controllers\Home))
 4 SYSTEMPATH/CodeIgniter.php(355): CodeIgniter\CodeIgniter->handleRequest(null, Object(Config\Cache), false)
 5 SYSTEMPATH/Boot.php(312): CodeIgniter\CodeIgniter->run()
 6 SYSTEMPATH/Boot.php(67): CodeIgniter\Boot::runCodeIgniter(Object(CodeIgniter\CodeIgniter))
 7 FCPATH/index.php(56): CodeIgniter\Boot::bootWeb(Object(Config\Paths))
 8 SYSTEMPATH/Commands/Server/rewrite.php(49): require_once('/Users/ayurifanny/Desktop/zjlawfirm/zoejustitia/public/index.php')
CRITICAL - 2024-06-08 18:34:00 --> ErrorException: Undefined property: App\Controllers\Home::$load
[Method: GET, Route: /]
in APPPATH/Controllers/Home.php on line 9.
 1 APPPATH/Controllers/Home.php(9): CodeIgniter\Debug\Exceptions->errorHandler(2, 'Undefined property: App\\Controllers\\Home::$load', '/Users/ayurifanny/Desktop/zjlawfirm/zoejustitia/app/Controllers/Home.php', 9)
 2 SYSTEMPATH/CodeIgniter.php(933): App\Controllers\Home->index()
 3 SYSTEMPATH/CodeIgniter.php(509): CodeIgniter\CodeIgniter->runController(Object(App\Controllers\Home))
 4 SYSTEMPATH/CodeIgniter.php(355): CodeIgniter\CodeIgniter->handleRequest(null, Object(Config\Cache), false)
 5 SYSTEMPATH/Boot.php(312): CodeIgniter\CodeIgniter->run()
 6 SYSTEMPATH/Boot.php(67): CodeIgniter\Boot::runCodeIgniter(Object(CodeIgniter\CodeIgniter))
 7 FCPATH/index.php(56): CodeIgniter\Boot::bootWeb(Object(Config\Paths))
 8 SYSTEMPATH/Commands/Server/rewrite.php(49): require_once('/Users/ayurifanny/Desktop/zjlawfirm/zoejustitia/public/index.php')
CRITICAL - 2024-06-08 18:35:47 --> ErrorException: Undefined property: CodeIgniter\View\View::$load
[Method: GET, Route: /]
in APPPATH/Views/index.php on line 42.
 1 APPPATH/Views/index.php(42): CodeIgniter\Debug\Exceptions->errorHandler(2, 'Undefined property: CodeIgniter\\View\\View::$load', '/Users/ayurifanny/Desktop/zjlawfirm/zoejustitia/app/Views/index.php', 42)
 2 SYSTEMPATH/View/View.php(234): include('/Users/ayurifanny/Desktop/zjlawfirm/zoejustitia/app/Views/index.php')
 3 SYSTEMPATH/View/View.php(237): CodeIgniter\View\View->CodeIgniter\View\{closure}()
 4 SYSTEMPATH/Common.php(1171): CodeIgniter\View\View->render('index', [], true)
 5 APPPATH/Controllers/Home.php(9): view('index')
 6 SYSTEMPATH/CodeIgniter.php(933): App\Controllers\Home->index()
 7 SYSTEMPATH/CodeIgniter.php(509): CodeIgniter\CodeIgniter->runController(Object(App\Controllers\Home))
 8 SYSTEMPATH/CodeIgniter.php(355): CodeIgniter\CodeIgniter->handleRequest(null, Object(Config\Cache), false)
 9 SYSTEMPATH/Boot.php(312): CodeIgniter\CodeIgniter->run()
10 SYSTEMPATH/Boot.php(67): CodeIgniter\Boot::runCodeIgniter(Object(CodeIgniter\CodeIgniter))
11 FCPATH/index.php(56): CodeIgniter\Boot::bootWeb(Object(Config\Paths))
12 SYSTEMPATH/Commands/Server/rewrite.php(49): require_once('/Users/ayurifanny/Desktop/zjlawfirm/zoejustitia/public/index.php')
CRITICAL - 2024-06-08 18:35:48 --> ErrorException: Undefined property: CodeIgniter\View\View::$load
[Method: GET, Route: /]
in APPPATH/Views/index.php on line 42.
 1 APPPATH/Views/index.php(42): CodeIgniter\Debug\Exceptions->errorHandler(2, 'Undefined property: CodeIgniter\\View\\View::$load', '/Users/ayurifanny/Desktop/zjlawfirm/zoejustitia/app/Views/index.php', 42)
 2 SYSTEMPATH/View/View.php(234): include('/Users/ayurifanny/Desktop/zjlawfirm/zoejustitia/app/Views/index.php')
 3 SYSTEMPATH/View/View.php(237): CodeIgniter\View\View->CodeIgniter\View\{closure}()
 4 SYSTEMPATH/Common.php(1171): CodeIgniter\View\View->render('index', [], true)
 5 APPPATH/Controllers/Home.php(9): view('index')
 6 SYSTEMPATH/CodeIgniter.php(933): App\Controllers\Home->index()
 7 SYSTEMPATH/CodeIgniter.php(509): CodeIgniter\CodeIgniter->runController(Object(App\Controllers\Home))
 8 SYSTEMPATH/CodeIgniter.php(355): CodeIgniter\CodeIgniter->handleRequest(null, Object(Config\Cache), false)
 9 SYSTEMPATH/Boot.php(312): CodeIgniter\CodeIgniter->run()
10 SYSTEMPATH/Boot.php(67): CodeIgniter\Boot::runCodeIgniter(Object(CodeIgniter\CodeIgniter))
11 FCPATH/index.php(56): CodeIgniter\Boot::bootWeb(Object(Config\Paths))
12 SYSTEMPATH/Commands/Server/rewrite.php(49): require_once('/Users/ayurifanny/Desktop/zjlawfirm/zoejustitia/public/index.php')
CRITICAL - 2024-06-08 18:35:48 --> ErrorException: Undefined property: CodeIgniter\View\View::$load
[Method: GET, Route: /]
in APPPATH/Views/index.php on line 42.
 1 APPPATH/Views/index.php(42): CodeIgniter\Debug\Exceptions->errorHandler(2, 'Undefined property: CodeIgniter\\View\\View::$load', '/Users/ayurifanny/Desktop/zjlawfirm/zoejustitia/app/Views/index.php', 42)
 2 SYSTEMPATH/View/View.php(234): include('/Users/ayurifanny/Desktop/zjlawfirm/zoejustitia/app/Views/index.php')
 3 SYSTEMPATH/View/View.php(237): CodeIgniter\View\View->CodeIgniter\View\{closure}()
 4 SYSTEMPATH/Common.php(1171): CodeIgniter\View\View->render('index', [], true)
 5 APPPATH/Controllers/Home.php(9): view('index')
 6 SYSTEMPATH/CodeIgniter.php(933): App\Controllers\Home->index()
 7 SYSTEMPATH/CodeIgniter.php(509): CodeIgniter\CodeIgniter->runController(Object(App\Controllers\Home))
 8 SYSTEMPATH/CodeIgniter.php(355): CodeIgniter\CodeIgniter->handleRequest(null, Object(Config\Cache), false)
 9 SYSTEMPATH/Boot.php(312): CodeIgniter\CodeIgniter->run()
10 SYSTEMPATH/Boot.php(67): CodeIgniter\Boot::runCodeIgniter(Object(CodeIgniter\CodeIgniter))
11 FCPATH/index.php(56): CodeIgniter\Boot::bootWeb(Object(Config\Paths))
12 SYSTEMPATH/Commands/Server/rewrite.php(49): require_once('/Users/ayurifanny/Desktop/zjlawfirm/zoejustitia/public/index.php')
CRITICAL - 2024-06-08 18:35:48 --> ErrorException: Undefined property: CodeIgniter\View\View::$load
[Method: GET, Route: /]
in APPPATH/Views/index.php on line 42.
 1 APPPATH/Views/index.php(42): CodeIgniter\Debug\Exceptions->errorHandler(2, 'Undefined property: CodeIgniter\\View\\View::$load', '/Users/ayurifanny/Desktop/zjlawfirm/zoejustitia/app/Views/index.php', 42)
 2 SYSTEMPATH/View/View.php(234): include('/Users/ayurifanny/Desktop/zjlawfirm/zoejustitia/app/Views/index.php')
 3 SYSTEMPATH/View/View.php(237): CodeIgniter\View\View->CodeIgniter\View\{closure}()
 4 SYSTEMPATH/Common.php(1171): CodeIgniter\View\View->render('index', [], true)
 5 APPPATH/Controllers/Home.php(9): view('index')
 6 SYSTEMPATH/CodeIgniter.php(933): App\Controllers\Home->index()
 7 SYSTEMPATH/CodeIgniter.php(509): CodeIgniter\CodeIgniter->runController(Object(App\Controllers\Home))
 8 SYSTEMPATH/CodeIgniter.php(355): CodeIgniter\CodeIgniter->handleRequest(null, Object(Config\Cache), false)
 9 SYSTEMPATH/Boot.php(312): CodeIgniter\CodeIgniter->run()
10 SYSTEMPATH/Boot.php(67): CodeIgniter\Boot::runCodeIgniter(Object(CodeIgniter\CodeIgniter))
11 FCPATH/index.php(56): CodeIgniter\Boot::bootWeb(Object(Config\Paths))
12 SYSTEMPATH/Commands/Server/rewrite.php(49): require_once('/Users/ayurifanny/Desktop/zjlawfirm/zoejustitia/public/index.php')
CRITICAL - 2024-06-08 18:48:55 --> ErrorException: Undefined variable $route
[Method: GET, Route: /]
in APPPATH/Config/Routes.php on line 9.
 1 APPPATH/Config/Routes.php(9): CodeIgniter\Debug\Exceptions->errorHandler(2, 'Undefined variable $route', '/Users/ayurifanny/Desktop/zjlawfirm/zoejustitia/app/Config/Routes.php', 9)
 2 SYSTEMPATH/Router/RouteCollection.php(340): require('/Users/ayurifanny/Desktop/zjlawfirm/zoejustitia/app/Config/Routes.php')
 3 SYSTEMPATH/CodeIgniter.php(823): CodeIgniter\Router\RouteCollection->loadRoutes()
 4 SYSTEMPATH/CodeIgniter.php(457): CodeIgniter\CodeIgniter->tryToRouteIt(null)
 5 SYSTEMPATH/CodeIgniter.php(355): CodeIgniter\CodeIgniter->handleRequest(null, Object(Config\Cache), false)
 6 SYSTEMPATH/Boot.php(312): CodeIgniter\CodeIgniter->run()
 7 SYSTEMPATH/Boot.php(67): CodeIgniter\Boot::runCodeIgniter(Object(CodeIgniter\CodeIgniter))
 8 FCPATH/index.php(56): CodeIgniter\Boot::bootWeb(Object(Config\Paths))
 9 SYSTEMPATH/Commands/Server/rewrite.php(49): require_once('/Users/ayurifanny/Desktop/zjlawfirm/zoejustitia/public/index.php')
CRITICAL - 2024-06-08 18:48:56 --> ErrorException: Undefined variable $route
[Method: GET, Route: /]
in APPPATH/Config/Routes.php on line 9.
 1 APPPATH/Config/Routes.php(9): CodeIgniter\Debug\Exceptions->errorHandler(2, 'Undefined variable $route', '/Users/ayurifanny/Desktop/zjlawfirm/zoejustitia/app/Config/Routes.php', 9)
 2 SYSTEMPATH/Router/RouteCollection.php(340): require('/Users/ayurifanny/Desktop/zjlawfirm/zoejustitia/app/Config/Routes.php')
 3 SYSTEMPATH/CodeIgniter.php(823): CodeIgniter\Router\RouteCollection->loadRoutes()
 4 SYSTEMPATH/CodeIgniter.php(457): CodeIgniter\CodeIgniter->tryToRouteIt(null)
 5 SYSTEMPATH/CodeIgniter.php(355): CodeIgniter\CodeIgniter->handleRequest(null, Object(Config\Cache), false)
 6 SYSTEMPATH/Boot.php(312): CodeIgniter\CodeIgniter->run()
 7 SYSTEMPATH/Boot.php(67): CodeIgniter\Boot::runCodeIgniter(Object(CodeIgniter\CodeIgniter))
 8 FCPATH/index.php(56): CodeIgniter\Boot::bootWeb(Object(Config\Paths))
 9 SYSTEMPATH/Commands/Server/rewrite.php(49): require_once('/Users/ayurifanny/Desktop/zjlawfirm/zoejustitia/public/index.php')
CRITICAL - 2024-06-08 18:48:58 --> ErrorException: Undefined variable $route
[Method: GET, Route: /]
in APPPATH/Config/Routes.php on line 9.
 1 APPPATH/Config/Routes.php(9): CodeIgniter\Debug\Exceptions->errorHandler(2, 'Undefined variable $route', '/Users/ayurifanny/Desktop/zjlawfirm/zoejustitia/app/Config/Routes.php', 9)
 2 SYSTEMPATH/Router/RouteCollection.php(340): require('/Users/ayurifanny/Desktop/zjlawfirm/zoejustitia/app/Config/Routes.php')
 3 SYSTEMPATH/CodeIgniter.php(823): CodeIgniter\Router\RouteCollection->loadRoutes()
 4 SYSTEMPATH/CodeIgniter.php(457): CodeIgniter\CodeIgniter->tryToRouteIt(null)
 5 SYSTEMPATH/CodeIgniter.php(355): CodeIgniter\CodeIgniter->handleRequest(null, Object(Config\Cache), false)
 6 SYSTEMPATH/Boot.php(312): CodeIgniter\CodeIgniter->run()
 7 SYSTEMPATH/Boot.php(67): CodeIgniter\Boot::runCodeIgniter(Object(CodeIgniter\CodeIgniter))
 8 FCPATH/index.php(56): CodeIgniter\Boot::bootWeb(Object(Config\Paths))
 9 SYSTEMPATH/Commands/Server/rewrite.php(49): require_once('/Users/ayurifanny/Desktop/zjlawfirm/zoejustitia/public/index.php')
CRITICAL - 2024-06-08 18:49:19 --> ErrorException: Undefined variable $route
[Method: GET, Route: /]
in APPPATH/Config/Routes.php on line 9.
 1 APPPATH/Config/Routes.php(9): CodeIgniter\Debug\Exceptions->errorHandler(2, 'Undefined variable $route', '/Users/ayurifanny/Desktop/zjlawfirm/zoejustitia/app/Config/Routes.php', 9)
 2 SYSTEMPATH/Router/RouteCollection.php(340): require('/Users/ayurifanny/Desktop/zjlawfirm/zoejustitia/app/Config/Routes.php')
 3 SYSTEMPATH/CodeIgniter.php(823): CodeIgniter\Router\RouteCollection->loadRoutes()
 4 SYSTEMPATH/CodeIgniter.php(457): CodeIgniter\CodeIgniter->tryToRouteIt(null)
 5 SYSTEMPATH/CodeIgniter.php(355): CodeIgniter\CodeIgniter->handleRequest(null, Object(Config\Cache), false)
 6 SYSTEMPATH/Boot.php(312): CodeIgniter\CodeIgniter->run()
 7 SYSTEMPATH/Boot.php(67): CodeIgniter\Boot::runCodeIgniter(Object(CodeIgniter\CodeIgniter))
 8 FCPATH/index.php(56): CodeIgniter\Boot::bootWeb(Object(Config\Paths))
 9 SYSTEMPATH/Commands/Server/rewrite.php(49): require_once('/Users/ayurifanny/Desktop/zjlawfirm/zoejustitia/public/index.php')
CRITICAL - 2024-06-08 18:49:30 --> ErrorException: Undefined variable $route
[Method: GET, Route: /]
in APPPATH/Config/Routes.php on line 9.
 1 APPPATH/Config/Routes.php(9): CodeIgniter\Debug\Exceptions->errorHandler(2, 'Undefined variable $route', '/Users/ayurifanny/Desktop/zjlawfirm/zoejustitia/app/Config/Routes.php', 9)
 2 SYSTEMPATH/Router/RouteCollection.php(340): require('/Users/ayurifanny/Desktop/zjlawfirm/zoejustitia/app/Config/Routes.php')
 3 SYSTEMPATH/CodeIgniter.php(823): CodeIgniter\Router\RouteCollection->loadRoutes()
 4 SYSTEMPATH/CodeIgniter.php(457): CodeIgniter\CodeIgniter->tryToRouteIt(null)
 5 SYSTEMPATH/CodeIgniter.php(355): CodeIgniter\CodeIgniter->handleRequest(null, Object(Config\Cache), false)
 6 SYSTEMPATH/Boot.php(312): CodeIgniter\CodeIgniter->run()
 7 SYSTEMPATH/Boot.php(67): CodeIgniter\Boot::runCodeIgniter(Object(CodeIgniter\CodeIgniter))
 8 FCPATH/index.php(56): CodeIgniter\Boot::bootWeb(Object(Config\Paths))
 9 SYSTEMPATH/Commands/Server/rewrite.php(49): require_once('/Users/ayurifanny/Desktop/zjlawfirm/zoejustitia/public/index.php')
CRITICAL - 2024-06-08 18:49:30 --> ErrorException: Undefined variable $route
[Method: GET, Route: /]
in APPPATH/Config/Routes.php on line 9.
 1 APPPATH/Config/Routes.php(9): CodeIgniter\Debug\Exceptions->errorHandler(2, 'Undefined variable $route', '/Users/ayurifanny/Desktop/zjlawfirm/zoejustitia/app/Config/Routes.php', 9)
 2 SYSTEMPATH/Router/RouteCollection.php(340): require('/Users/ayurifanny/Desktop/zjlawfirm/zoejustitia/app/Config/Routes.php')
 3 SYSTEMPATH/CodeIgniter.php(823): CodeIgniter\Router\RouteCollection->loadRoutes()
 4 SYSTEMPATH/CodeIgniter.php(457): CodeIgniter\CodeIgniter->tryToRouteIt(null)
 5 SYSTEMPATH/CodeIgniter.php(355): CodeIgniter\CodeIgniter->handleRequest(null, Object(Config\Cache), false)
 6 SYSTEMPATH/Boot.php(312): CodeIgniter\CodeIgniter->run()
 7 SYSTEMPATH/Boot.php(67): CodeIgniter\Boot::runCodeIgniter(Object(CodeIgniter\CodeIgniter))
 8 FCPATH/index.php(56): CodeIgniter\Boot::bootWeb(Object(Config\Paths))
 9 SYSTEMPATH/Commands/Server/rewrite.php(49): require_once('/Users/ayurifanny/Desktop/zjlawfirm/zoejustitia/public/index.php')
CRITICAL - 2024-06-08 18:49:30 --> ErrorException: Undefined variable $route
[Method: GET, Route: /]
in APPPATH/Config/Routes.php on line 9.
 1 APPPATH/Config/Routes.php(9): CodeIgniter\Debug\Exceptions->errorHandler(2, 'Undefined variable $route', '/Users/ayurifanny/Desktop/zjlawfirm/zoejustitia/app/Config/Routes.php', 9)
 2 SYSTEMPATH/Router/RouteCollection.php(340): require('/Users/ayurifanny/Desktop/zjlawfirm/zoejustitia/app/Config/Routes.php')
 3 SYSTEMPATH/CodeIgniter.php(823): CodeIgniter\Router\RouteCollection->loadRoutes()
 4 SYSTEMPATH/CodeIgniter.php(457): CodeIgniter\CodeIgniter->tryToRouteIt(null)
 5 SYSTEMPATH/CodeIgniter.php(355): CodeIgniter\CodeIgniter->handleRequest(null, Object(Config\Cache), false)
 6 SYSTEMPATH/Boot.php(312): CodeIgniter\CodeIgniter->run()
 7 SYSTEMPATH/Boot.php(67): CodeIgniter\Boot::runCodeIgniter(Object(CodeIgniter\CodeIgniter))
 8 FCPATH/index.php(56): CodeIgniter\Boot::bootWeb(Object(Config\Paths))
 9 SYSTEMPATH/Commands/Server/rewrite.php(49): require_once('/Users/ayurifanny/Desktop/zjlawfirm/zoejustitia/public/index.php')
CRITICAL - 2024-06-08 19:03:25 --> Error: Call to undefined function is_page()
[Method: GET, Route: about]
in APPPATH/Views/template/navbar.php on line 11.
 1 SYSTEMPATH/View/View.php(234): include()
 2 SYSTEMPATH/View/View.php(237): CodeIgniter\View\View->CodeIgniter\View\{closure}()
 3 SYSTEMPATH/View/View.php(484): CodeIgniter\View\View->render('template/navbar', null, true)
 4 APPPATH/Views/about.php(17): CodeIgniter\View\View->include('template/navbar')
 5 SYSTEMPATH/View/View.php(234): include('/Users/ayurifanny/Desktop/zjlawfirm/zoejustitia/app/Views/about.php')
 6 SYSTEMPATH/View/View.php(237): CodeIgniter\View\View->CodeIgniter\View\{closure}()
 7 SYSTEMPATH/Common.php(1171): CodeIgniter\View\View->render('about', [], true)
 8 APPPATH/Controllers/Home.php(14): view('about')
 9 SYSTEMPATH/CodeIgniter.php(933): App\Controllers\Home->about()
10 SYSTEMPATH/CodeIgniter.php(509): CodeIgniter\CodeIgniter->runController(Object(App\Controllers\Home))
11 SYSTEMPATH/CodeIgniter.php(355): CodeIgniter\CodeIgniter->handleRequest(null, Object(Config\Cache), false)
12 SYSTEMPATH/Boot.php(312): CodeIgniter\CodeIgniter->run()
13 SYSTEMPATH/Boot.php(67): CodeIgniter\Boot::runCodeIgniter(Object(CodeIgniter\CodeIgniter))
14 FCPATH/index.php(56): CodeIgniter\Boot::bootWeb(Object(Config\Paths))
15 SYSTEMPATH/Commands/Server/rewrite.php(49): require_once('/Users/ayurifanny/Desktop/zjlawfirm/zoejustitia/public/index.php')
CRITICAL - 2024-06-08 19:03:26 --> Error: Call to undefined function is_page()
[Method: GET, Route: about]
in APPPATH/Views/template/navbar.php on line 11.
 1 SYSTEMPATH/View/View.php(234): include()
 2 SYSTEMPATH/View/View.php(237): CodeIgniter\View\View->CodeIgniter\View\{closure}()
 3 SYSTEMPATH/View/View.php(484): CodeIgniter\View\View->render('template/navbar', null, true)
 4 APPPATH/Views/about.php(17): CodeIgniter\View\View->include('template/navbar')
 5 SYSTEMPATH/View/View.php(234): include('/Users/ayurifanny/Desktop/zjlawfirm/zoejustitia/app/Views/about.php')
 6 SYSTEMPATH/View/View.php(237): CodeIgniter\View\View->CodeIgniter\View\{closure}()
 7 SYSTEMPATH/Common.php(1171): CodeIgniter\View\View->render('about', [], true)
 8 APPPATH/Controllers/Home.php(14): view('about')
 9 SYSTEMPATH/CodeIgniter.php(933): App\Controllers\Home->about()
10 SYSTEMPATH/CodeIgniter.php(509): CodeIgniter\CodeIgniter->runController(Object(App\Controllers\Home))
11 SYSTEMPATH/CodeIgniter.php(355): CodeIgniter\CodeIgniter->handleRequest(null, Object(Config\Cache), false)
12 SYSTEMPATH/Boot.php(312): CodeIgniter\CodeIgniter->run()
13 SYSTEMPATH/Boot.php(67): CodeIgniter\Boot::runCodeIgniter(Object(CodeIgniter\CodeIgniter))
14 FCPATH/index.php(56): CodeIgniter\Boot::bootWeb(Object(Config\Paths))
15 SYSTEMPATH/Commands/Server/rewrite.php(49): require_once('/Users/ayurifanny/Desktop/zjlawfirm/zoejustitia/public/index.php')
CRITICAL - 2024-06-08 19:03:26 --> Error: Call to undefined function is_page()
[Method: GET, Route: about]
in APPPATH/Views/template/navbar.php on line 11.
 1 SYSTEMPATH/View/View.php(234): include()
 2 SYSTEMPATH/View/View.php(237): CodeIgniter\View\View->CodeIgniter\View\{closure}()
 3 SYSTEMPATH/View/View.php(484): CodeIgniter\View\View->render('template/navbar', null, true)
 4 APPPATH/Views/about.php(17): CodeIgniter\View\View->include('template/navbar')
 5 SYSTEMPATH/View/View.php(234): include('/Users/ayurifanny/Desktop/zjlawfirm/zoejustitia/app/Views/about.php')
 6 SYSTEMPATH/View/View.php(237): CodeIgniter\View\View->CodeIgniter\View\{closure}()
 7 SYSTEMPATH/Common.php(1171): CodeIgniter\View\View->render('about', [], true)
 8 APPPATH/Controllers/Home.php(14): view('about')
 9 SYSTEMPATH/CodeIgniter.php(933): App\Controllers\Home->about()
10 SYSTEMPATH/CodeIgniter.php(509): CodeIgniter\CodeIgniter->runController(Object(App\Controllers\Home))
11 SYSTEMPATH/CodeIgniter.php(355): CodeIgniter\CodeIgniter->handleRequest(null, Object(Config\Cache), false)
12 SYSTEMPATH/Boot.php(312): CodeIgniter\CodeIgniter->run()
13 SYSTEMPATH/Boot.php(67): CodeIgniter\Boot::runCodeIgniter(Object(CodeIgniter\CodeIgniter))
14 FCPATH/index.php(56): CodeIgniter\Boot::bootWeb(Object(Config\Paths))
15 SYSTEMPATH/Commands/Server/rewrite.php(49): require_once('/Users/ayurifanny/Desktop/zjlawfirm/zoejustitia/public/index.php')
CRITICAL - 2024-06-08 19:03:26 --> Error: Call to undefined function is_page()
[Method: GET, Route: about]
in APPPATH/Views/template/navbar.php on line 11.
 1 SYSTEMPATH/View/View.php(234): include()
 2 SYSTEMPATH/View/View.php(237): CodeIgniter\View\View->CodeIgniter\View\{closure}()
 3 SYSTEMPATH/View/View.php(484): CodeIgniter\View\View->render('template/navbar', null, true)
 4 APPPATH/Views/about.php(17): CodeIgniter\View\View->include('template/navbar')
 5 SYSTEMPATH/View/View.php(234): include('/Users/ayurifanny/Desktop/zjlawfirm/zoejustitia/app/Views/about.php')
 6 SYSTEMPATH/View/View.php(237): CodeIgniter\View\View->CodeIgniter\View\{closure}()
 7 SYSTEMPATH/Common.php(1171): CodeIgniter\View\View->render('about', [], true)
 8 APPPATH/Controllers/Home.php(14): view('about')
 9 SYSTEMPATH/CodeIgniter.php(933): App\Controllers\Home->about()
10 SYSTEMPATH/CodeIgniter.php(509): CodeIgniter\CodeIgniter->runController(Object(App\Controllers\Home))
11 SYSTEMPATH/CodeIgniter.php(355): CodeIgniter\CodeIgniter->handleRequest(null, Object(Config\Cache), false)
12 SYSTEMPATH/Boot.php(312): CodeIgniter\CodeIgniter->run()
13 SYSTEMPATH/Boot.php(67): CodeIgniter\Boot::runCodeIgniter(Object(CodeIgniter\CodeIgniter))
14 FCPATH/index.php(56): CodeIgniter\Boot::bootWeb(Object(Config\Paths))
15 SYSTEMPATH/Commands/Server/rewrite.php(49): require_once('/Users/ayurifanny/Desktop/zjlawfirm/zoejustitia/public/index.php')
CRITICAL - 2024-06-08 19:03:32 --> Error: Call to undefined function is_page()
[Method: GET, Route: about]
in APPPATH/Views/template/navbar.php on line 11.
 1 SYSTEMPATH/View/View.php(234): include()
 2 SYSTEMPATH/View/View.php(237): CodeIgniter\View\View->CodeIgniter\View\{closure}()
 3 SYSTEMPATH/View/View.php(484): CodeIgniter\View\View->render('template/navbar', null, true)
 4 APPPATH/Views/about.php(17): CodeIgniter\View\View->include('template/navbar')
 5 SYSTEMPATH/View/View.php(234): include('/Users/ayurifanny/Desktop/zjlawfirm/zoejustitia/app/Views/about.php')
 6 SYSTEMPATH/View/View.php(237): CodeIgniter\View\View->CodeIgniter\View\{closure}()
 7 SYSTEMPATH/Common.php(1171): CodeIgniter\View\View->render('about', [], true)
 8 APPPATH/Controllers/Home.php(14): view('about')
 9 SYSTEMPATH/CodeIgniter.php(933): App\Controllers\Home->about()
10 SYSTEMPATH/CodeIgniter.php(509): CodeIgniter\CodeIgniter->runController(Object(App\Controllers\Home))
11 SYSTEMPATH/CodeIgniter.php(355): CodeIgniter\CodeIgniter->handleRequest(null, Object(Config\Cache), false)
12 SYSTEMPATH/Boot.php(312): CodeIgniter\CodeIgniter->run()
13 SYSTEMPATH/Boot.php(67): CodeIgniter\Boot::runCodeIgniter(Object(CodeIgniter\CodeIgniter))
14 FCPATH/index.php(56): CodeIgniter\Boot::bootWeb(Object(Config\Paths))
15 SYSTEMPATH/Commands/Server/rewrite.php(49): require_once('/Users/ayurifanny/Desktop/zjlawfirm/zoejustitia/public/index.php')
CRITICAL - 2024-06-08 19:03:32 --> Error: Call to undefined function is_page()
[Method: GET, Route: about]
in APPPATH/Views/template/navbar.php on line 11.
 1 SYSTEMPATH/View/View.php(234): include()
 2 SYSTEMPATH/View/View.php(237): CodeIgniter\View\View->CodeIgniter\View\{closure}()
 3 SYSTEMPATH/View/View.php(484): CodeIgniter\View\View->render('template/navbar', null, true)
 4 APPPATH/Views/about.php(17): CodeIgniter\View\View->include('template/navbar')
 5 SYSTEMPATH/View/View.php(234): include('/Users/ayurifanny/Desktop/zjlawfirm/zoejustitia/app/Views/about.php')
 6 SYSTEMPATH/View/View.php(237): CodeIgniter\View\View->CodeIgniter\View\{closure}()
 7 SYSTEMPATH/Common.php(1171): CodeIgniter\View\View->render('about', [], true)
 8 APPPATH/Controllers/Home.php(14): view('about')
 9 SYSTEMPATH/CodeIgniter.php(933): App\Controllers\Home->about()
10 SYSTEMPATH/CodeIgniter.php(509): CodeIgniter\CodeIgniter->runController(Object(App\Controllers\Home))
11 SYSTEMPATH/CodeIgniter.php(355): CodeIgniter\CodeIgniter->handleRequest(null, Object(Config\Cache), false)
12 SYSTEMPATH/Boot.php(312): CodeIgniter\CodeIgniter->run()
13 SYSTEMPATH/Boot.php(67): CodeIgniter\Boot::runCodeIgniter(Object(CodeIgniter\CodeIgniter))
14 FCPATH/index.php(56): CodeIgniter\Boot::bootWeb(Object(Config\Paths))
15 SYSTEMPATH/Commands/Server/rewrite.php(49): require_once('/Users/ayurifanny/Desktop/zjlawfirm/zoejustitia/public/index.php')
CRITICAL - 2024-06-08 19:03:32 --> Error: Call to undefined function is_page()
[Method: GET, Route: about]
in APPPATH/Views/template/navbar.php on line 11.
 1 SYSTEMPATH/View/View.php(234): include()
 2 SYSTEMPATH/View/View.php(237): CodeIgniter\View\View->CodeIgniter\View\{closure}()
 3 SYSTEMPATH/View/View.php(484): CodeIgniter\View\View->render('template/navbar', null, true)
 4 APPPATH/Views/about.php(17): CodeIgniter\View\View->include('template/navbar')
 5 SYSTEMPATH/View/View.php(234): include('/Users/ayurifanny/Desktop/zjlawfirm/zoejustitia/app/Views/about.php')
 6 SYSTEMPATH/View/View.php(237): CodeIgniter\View\View->CodeIgniter\View\{closure}()
 7 SYSTEMPATH/Common.php(1171): CodeIgniter\View\View->render('about', [], true)
 8 APPPATH/Controllers/Home.php(14): view('about')
 9 SYSTEMPATH/CodeIgniter.php(933): App\Controllers\Home->about()
10 SYSTEMPATH/CodeIgniter.php(509): CodeIgniter\CodeIgniter->runController(Object(App\Controllers\Home))
11 SYSTEMPATH/CodeIgniter.php(355): CodeIgniter\CodeIgniter->handleRequest(null, Object(Config\Cache), false)
12 SYSTEMPATH/Boot.php(312): CodeIgniter\CodeIgniter->run()
13 SYSTEMPATH/Boot.php(67): CodeIgniter\Boot::runCodeIgniter(Object(CodeIgniter\CodeIgniter))
14 FCPATH/index.php(56): CodeIgniter\Boot::bootWeb(Object(Config\Paths))
15 SYSTEMPATH/Commands/Server/rewrite.php(49): require_once('/Users/ayurifanny/Desktop/zjlawfirm/zoejustitia/public/index.php')
CRITICAL - 2024-06-08 19:03:36 --> Error: Call to undefined function is_page()
[Method: GET, Route: /]
in APPPATH/Views/template/navbar.php on line 11.
 1 SYSTEMPATH/View/View.php(234): include()
 2 SYSTEMPATH/View/View.php(237): CodeIgniter\View\View->CodeIgniter\View\{closure}()
 3 SYSTEMPATH/View/View.php(484): CodeIgniter\View\View->render('template/navbar', null, true)
 4 APPPATH/Views/index.php(17): CodeIgniter\View\View->include('template/navbar')
 5 SYSTEMPATH/View/View.php(234): include('/Users/ayurifanny/Desktop/zjlawfirm/zoejustitia/app/Views/index.php')
 6 SYSTEMPATH/View/View.php(237): CodeIgniter\View\View->CodeIgniter\View\{closure}()
 7 SYSTEMPATH/Common.php(1171): CodeIgniter\View\View->render('index', [], true)
 8 APPPATH/Controllers/Home.php(9): view('index')
 9 SYSTEMPATH/CodeIgniter.php(933): App\Controllers\Home->index()
10 SYSTEMPATH/CodeIgniter.php(509): CodeIgniter\CodeIgniter->runController(Object(App\Controllers\Home))
11 SYSTEMPATH/CodeIgniter.php(355): CodeIgniter\CodeIgniter->handleRequest(null, Object(Config\Cache), false)
12 SYSTEMPATH/Boot.php(312): CodeIgniter\CodeIgniter->run()
13 SYSTEMPATH/Boot.php(67): CodeIgniter\Boot::runCodeIgniter(Object(CodeIgniter\CodeIgniter))
14 FCPATH/index.php(56): CodeIgniter\Boot::bootWeb(Object(Config\Paths))
15 SYSTEMPATH/Commands/Server/rewrite.php(49): require_once('/Users/ayurifanny/Desktop/zjlawfirm/zoejustitia/public/index.php')
CRITICAL - 2024-06-08 19:03:37 --> Error: Call to undefined function is_page()
[Method: GET, Route: /]
in APPPATH/Views/template/navbar.php on line 11.
 1 SYSTEMPATH/View/View.php(234): include()
 2 SYSTEMPATH/View/View.php(237): CodeIgniter\View\View->CodeIgniter\View\{closure}()
 3 SYSTEMPATH/View/View.php(484): CodeIgniter\View\View->render('template/navbar', null, true)
 4 APPPATH/Views/index.php(17): CodeIgniter\View\View->include('template/navbar')
 5 SYSTEMPATH/View/View.php(234): include('/Users/ayurifanny/Desktop/zjlawfirm/zoejustitia/app/Views/index.php')
 6 SYSTEMPATH/View/View.php(237): CodeIgniter\View\View->CodeIgniter\View\{closure}()
 7 SYSTEMPATH/Common.php(1171): CodeIgniter\View\View->render('index', [], true)
 8 APPPATH/Controllers/Home.php(9): view('index')
 9 SYSTEMPATH/CodeIgniter.php(933): App\Controllers\Home->index()
10 SYSTEMPATH/CodeIgniter.php(509): CodeIgniter\CodeIgniter->runController(Object(App\Controllers\Home))
11 SYSTEMPATH/CodeIgniter.php(355): CodeIgniter\CodeIgniter->handleRequest(null, Object(Config\Cache), false)
12 SYSTEMPATH/Boot.php(312): CodeIgniter\CodeIgniter->run()
13 SYSTEMPATH/Boot.php(67): CodeIgniter\Boot::runCodeIgniter(Object(CodeIgniter\CodeIgniter))
14 FCPATH/index.php(56): CodeIgniter\Boot::bootWeb(Object(Config\Paths))
15 SYSTEMPATH/Commands/Server/rewrite.php(49): require_once('/Users/ayurifanny/Desktop/zjlawfirm/zoejustitia/public/index.php')
CRITICAL - 2024-06-08 19:03:51 --> Error: Call to undefined function is_page()
[Method: GET, Route: /]
in APPPATH/Views/template/navbar.php on line 11.
 1 SYSTEMPATH/View/View.php(234): include()
 2 SYSTEMPATH/View/View.php(237): CodeIgniter\View\View->CodeIgniter\View\{closure}()
 3 SYSTEMPATH/View/View.php(484): CodeIgniter\View\View->render('template/navbar', null, true)
 4 APPPATH/Views/index.php(17): CodeIgniter\View\View->include('template/navbar')
 5 SYSTEMPATH/View/View.php(234): include('/Users/ayurifanny/Desktop/zjlawfirm/zoejustitia/app/Views/index.php')
 6 SYSTEMPATH/View/View.php(237): CodeIgniter\View\View->CodeIgniter\View\{closure}()
 7 SYSTEMPATH/Common.php(1171): CodeIgniter\View\View->render('index', [], true)
 8 APPPATH/Controllers/Home.php(9): view('index')
 9 SYSTEMPATH/CodeIgniter.php(933): App\Controllers\Home->index()
10 SYSTEMPATH/CodeIgniter.php(509): CodeIgniter\CodeIgniter->runController(Object(App\Controllers\Home))
11 SYSTEMPATH/CodeIgniter.php(355): CodeIgniter\CodeIgniter->handleRequest(null, Object(Config\Cache), false)
12 SYSTEMPATH/Boot.php(312): CodeIgniter\CodeIgniter->run()
13 SYSTEMPATH/Boot.php(67): CodeIgniter\Boot::runCodeIgniter(Object(CodeIgniter\CodeIgniter))
14 FCPATH/index.php(56): CodeIgniter\Boot::bootWeb(Object(Config\Paths))
15 SYSTEMPATH/Commands/Server/rewrite.php(49): require_once('/Users/ayurifanny/Desktop/zjlawfirm/zoejustitia/public/index.php')
CRITICAL - 2024-06-08 19:03:51 --> Error: Call to undefined function is_page()
[Method: GET, Route: /]
in APPPATH/Views/template/navbar.php on line 11.
 1 SYSTEMPATH/View/View.php(234): include()
 2 SYSTEMPATH/View/View.php(237): CodeIgniter\View\View->CodeIgniter\View\{closure}()
 3 SYSTEMPATH/View/View.php(484): CodeIgniter\View\View->render('template/navbar', null, true)
 4 APPPATH/Views/index.php(17): CodeIgniter\View\View->include('template/navbar')
 5 SYSTEMPATH/View/View.php(234): include('/Users/ayurifanny/Desktop/zjlawfirm/zoejustitia/app/Views/index.php')
 6 SYSTEMPATH/View/View.php(237): CodeIgniter\View\View->CodeIgniter\View\{closure}()
 7 SYSTEMPATH/Common.php(1171): CodeIgniter\View\View->render('index', [], true)
 8 APPPATH/Controllers/Home.php(9): view('index')
 9 SYSTEMPATH/CodeIgniter.php(933): App\Controllers\Home->index()
10 SYSTEMPATH/CodeIgniter.php(509): CodeIgniter\CodeIgniter->runController(Object(App\Controllers\Home))
11 SYSTEMPATH/CodeIgniter.php(355): CodeIgniter\CodeIgniter->handleRequest(null, Object(Config\Cache), false)
12 SYSTEMPATH/Boot.php(312): CodeIgniter\CodeIgniter->run()
13 SYSTEMPATH/Boot.php(67): CodeIgniter\Boot::runCodeIgniter(Object(CodeIgniter\CodeIgniter))
14 FCPATH/index.php(56): CodeIgniter\Boot::bootWeb(Object(Config\Paths))
15 SYSTEMPATH/Commands/Server/rewrite.php(49): require_once('/Users/ayurifanny/Desktop/zjlawfirm/zoejustitia/public/index.php')
CRITICAL - 2024-06-08 19:03:57 --> Error: Call to undefined function is_page()
[Method: GET, Route: /]
in APPPATH/Views/template/navbar.php on line 11.
 1 SYSTEMPATH/View/View.php(234): include()
 2 SYSTEMPATH/View/View.php(237): CodeIgniter\View\View->CodeIgniter\View\{closure}()
 3 SYSTEMPATH/View/View.php(484): CodeIgniter\View\View->render('template/navbar', null, true)
 4 APPPATH/Views/index.php(17): CodeIgniter\View\View->include('template/navbar')
 5 SYSTEMPATH/View/View.php(234): include('/Users/ayurifanny/Desktop/zjlawfirm/zoejustitia/app/Views/index.php')
 6 SYSTEMPATH/View/View.php(237): CodeIgniter\View\View->CodeIgniter\View\{closure}()
 7 SYSTEMPATH/Common.php(1171): CodeIgniter\View\View->render('index', [], true)
 8 APPPATH/Controllers/Home.php(9): view('index')
 9 SYSTEMPATH/CodeIgniter.php(933): App\Controllers\Home->index()
10 SYSTEMPATH/CodeIgniter.php(509): CodeIgniter\CodeIgniter->runController(Object(App\Controllers\Home))
11 SYSTEMPATH/CodeIgniter.php(355): CodeIgniter\CodeIgniter->handleRequest(null, Object(Config\Cache), false)
12 SYSTEMPATH/Boot.php(312): CodeIgniter\CodeIgniter->run()
13 SYSTEMPATH/Boot.php(67): CodeIgniter\Boot::runCodeIgniter(Object(CodeIgniter\CodeIgniter))
14 FCPATH/index.php(56): CodeIgniter\Boot::bootWeb(Object(Config\Paths))
15 SYSTEMPATH/Commands/Server/rewrite.php(49): require_once('/Users/ayurifanny/Desktop/zjlawfirm/zoejustitia/public/index.php')
CRITICAL - 2024-06-08 19:03:57 --> Error: Call to undefined function is_page()
[Method: GET, Route: /]
in APPPATH/Views/template/navbar.php on line 11.
 1 SYSTEMPATH/View/View.php(234): include()
 2 SYSTEMPATH/View/View.php(237): CodeIgniter\View\View->CodeIgniter\View\{closure}()
 3 SYSTEMPATH/View/View.php(484): CodeIgniter\View\View->render('template/navbar', null, true)
 4 APPPATH/Views/index.php(17): CodeIgniter\View\View->include('template/navbar')
 5 SYSTEMPATH/View/View.php(234): include('/Users/ayurifanny/Desktop/zjlawfirm/zoejustitia/app/Views/index.php')
 6 SYSTEMPATH/View/View.php(237): CodeIgniter\View\View->CodeIgniter\View\{closure}()
 7 SYSTEMPATH/Common.php(1171): CodeIgniter\View\View->render('index', [], true)
 8 APPPATH/Controllers/Home.php(9): view('index')
 9 SYSTEMPATH/CodeIgniter.php(933): App\Controllers\Home->index()
10 SYSTEMPATH/CodeIgniter.php(509): CodeIgniter\CodeIgniter->runController(Object(App\Controllers\Home))
11 SYSTEMPATH/CodeIgniter.php(355): CodeIgniter\CodeIgniter->handleRequest(null, Object(Config\Cache), false)
12 SYSTEMPATH/Boot.php(312): CodeIgniter\CodeIgniter->run()
13 SYSTEMPATH/Boot.php(67): CodeIgniter\Boot::runCodeIgniter(Object(CodeIgniter\CodeIgniter))
14 FCPATH/index.php(56): CodeIgniter\Boot::bootWeb(Object(Config\Paths))
15 SYSTEMPATH/Commands/Server/rewrite.php(49): require_once('/Users/ayurifanny/Desktop/zjlawfirm/zoejustitia/public/index.php')
CRITICAL - 2024-06-08 19:03:58 --> Error: Call to undefined function is_page()
[Method: GET, Route: /]
in APPPATH/Views/template/navbar.php on line 11.
 1 SYSTEMPATH/View/View.php(234): include()
 2 SYSTEMPATH/View/View.php(237): CodeIgniter\View\View->CodeIgniter\View\{closure}()
 3 SYSTEMPATH/View/View.php(484): CodeIgniter\View\View->render('template/navbar', null, true)
 4 APPPATH/Views/index.php(17): CodeIgniter\View\View->include('template/navbar')
 5 SYSTEMPATH/View/View.php(234): include('/Users/ayurifanny/Desktop/zjlawfirm/zoejustitia/app/Views/index.php')
 6 SYSTEMPATH/View/View.php(237): CodeIgniter\View\View->CodeIgniter\View\{closure}()
 7 SYSTEMPATH/Common.php(1171): CodeIgniter\View\View->render('index', [], true)
 8 APPPATH/Controllers/Home.php(9): view('index')
 9 SYSTEMPATH/CodeIgniter.php(933): App\Controllers\Home->index()
10 SYSTEMPATH/CodeIgniter.php(509): CodeIgniter\CodeIgniter->runController(Object(App\Controllers\Home))
11 SYSTEMPATH/CodeIgniter.php(355): CodeIgniter\CodeIgniter->handleRequest(null, Object(Config\Cache), false)
12 SYSTEMPATH/Boot.php(312): CodeIgniter\CodeIgniter->run()
13 SYSTEMPATH/Boot.php(67): CodeIgniter\Boot::runCodeIgniter(Object(CodeIgniter\CodeIgniter))
14 FCPATH/index.php(56): CodeIgniter\Boot::bootWeb(Object(Config\Paths))
15 SYSTEMPATH/Commands/Server/rewrite.php(49): require_once('/Users/ayurifanny/Desktop/zjlawfirm/zoejustitia/public/index.php')
CRITICAL - 2024-06-08 19:03:58 --> Error: Call to undefined function is_page()
[Method: GET, Route: /]
in APPPATH/Views/template/navbar.php on line 11.
 1 SYSTEMPATH/View/View.php(234): include()
 2 SYSTEMPATH/View/View.php(237): CodeIgniter\View\View->CodeIgniter\View\{closure}()
 3 SYSTEMPATH/View/View.php(484): CodeIgniter\View\View->render('template/navbar', null, true)
 4 APPPATH/Views/index.php(17): CodeIgniter\View\View->include('template/navbar')
 5 SYSTEMPATH/View/View.php(234): include('/Users/ayurifanny/Desktop/zjlawfirm/zoejustitia/app/Views/index.php')
 6 SYSTEMPATH/View/View.php(237): CodeIgniter\View\View->CodeIgniter\View\{closure}()
 7 SYSTEMPATH/Common.php(1171): CodeIgniter\View\View->render('index', [], true)
 8 APPPATH/Controllers/Home.php(9): view('index')
 9 SYSTEMPATH/CodeIgniter.php(933): App\Controllers\Home->index()
10 SYSTEMPATH/CodeIgniter.php(509): CodeIgniter\CodeIgniter->runController(Object(App\Controllers\Home))
11 SYSTEMPATH/CodeIgniter.php(355): CodeIgniter\CodeIgniter->handleRequest(null, Object(Config\Cache), false)
12 SYSTEMPATH/Boot.php(312): CodeIgniter\CodeIgniter->run()
13 SYSTEMPATH/Boot.php(67): CodeIgniter\Boot::runCodeIgniter(Object(CodeIgniter\CodeIgniter))
14 FCPATH/index.php(56): CodeIgniter\Boot::bootWeb(Object(Config\Paths))
15 SYSTEMPATH/Commands/Server/rewrite.php(49): require_once('/Users/ayurifanny/Desktop/zjlawfirm/zoejustitia/public/index.php')
CRITICAL - 2024-06-08 19:05:09 --> ErrorException: Undefined property: CodeIgniter\View\View::$uri
[Method: GET, Route: blog]
in APPPATH/Views/template/navbar.php on line 11.
 1 APPPATH/Views/template/navbar.php(11): CodeIgniter\Debug\Exceptions->errorHandler(2, 'Undefined property: CodeIgniter\\View\\View::$uri', '/Users/ayurifanny/Desktop/zjlawfirm/zoejustitia/app/Views/template/navbar.php', 11)
 2 SYSTEMPATH/View/View.php(234): include('/Users/ayurifanny/Desktop/zjlawfirm/zoejustitia/app/Views/template/navbar.php')
 3 SYSTEMPATH/View/View.php(237): CodeIgniter\View\View->CodeIgniter\View\{closure}()
 4 SYSTEMPATH/View/View.php(484): CodeIgniter\View\View->render('template/navbar', null, true)
 5 APPPATH/Views/blog.php(17): CodeIgniter\View\View->include('template/navbar')
 6 SYSTEMPATH/View/View.php(234): include('/Users/ayurifanny/Desktop/zjlawfirm/zoejustitia/app/Views/blog.php')
 7 SYSTEMPATH/View/View.php(237): CodeIgniter\View\View->CodeIgniter\View\{closure}()
 8 SYSTEMPATH/Common.php(1171): CodeIgniter\View\View->render('blog', [], true)
 9 APPPATH/Controllers/Home.php(24): view('blog')
10 SYSTEMPATH/CodeIgniter.php(933): App\Controllers\Home->blog()
11 SYSTEMPATH/CodeIgniter.php(509): CodeIgniter\CodeIgniter->runController(Object(App\Controllers\Home))
12 SYSTEMPATH/CodeIgniter.php(355): CodeIgniter\CodeIgniter->handleRequest(null, Object(Config\Cache), false)
13 SYSTEMPATH/Boot.php(312): CodeIgniter\CodeIgniter->run()
14 SYSTEMPATH/Boot.php(67): CodeIgniter\Boot::runCodeIgniter(Object(CodeIgniter\CodeIgniter))
15 FCPATH/index.php(56): CodeIgniter\Boot::bootWeb(Object(Config\Paths))
16 SYSTEMPATH/Commands/Server/rewrite.php(49): require_once('/Users/ayurifanny/Desktop/zjlawfirm/zoejustitia/public/index.php')
CRITICAL - 2024-06-08 19:05:09 --> ErrorException: Undefined property: CodeIgniter\View\View::$uri
[Method: GET, Route: blog]
in APPPATH/Views/template/navbar.php on line 11.
 1 APPPATH/Views/template/navbar.php(11): CodeIgniter\Debug\Exceptions->errorHandler(2, 'Undefined property: CodeIgniter\\View\\View::$uri', '/Users/ayurifanny/Desktop/zjlawfirm/zoejustitia/app/Views/template/navbar.php', 11)
 2 SYSTEMPATH/View/View.php(234): include('/Users/ayurifanny/Desktop/zjlawfirm/zoejustitia/app/Views/template/navbar.php')
 3 SYSTEMPATH/View/View.php(237): CodeIgniter\View\View->CodeIgniter\View\{closure}()
 4 SYSTEMPATH/View/View.php(484): CodeIgniter\View\View->render('template/navbar', null, true)
 5 APPPATH/Views/blog.php(17): CodeIgniter\View\View->include('template/navbar')
 6 SYSTEMPATH/View/View.php(234): include('/Users/ayurifanny/Desktop/zjlawfirm/zoejustitia/app/Views/blog.php')
 7 SYSTEMPATH/View/View.php(237): CodeIgniter\View\View->CodeIgniter\View\{closure}()
 8 SYSTEMPATH/Common.php(1171): CodeIgniter\View\View->render('blog', [], true)
 9 APPPATH/Controllers/Home.php(24): view('blog')
10 SYSTEMPATH/CodeIgniter.php(933): App\Controllers\Home->blog()
11 SYSTEMPATH/CodeIgniter.php(509): CodeIgniter\CodeIgniter->runController(Object(App\Controllers\Home))
12 SYSTEMPATH/CodeIgniter.php(355): CodeIgniter\CodeIgniter->handleRequest(null, Object(Config\Cache), false)
13 SYSTEMPATH/Boot.php(312): CodeIgniter\CodeIgniter->run()
14 SYSTEMPATH/Boot.php(67): CodeIgniter\Boot::runCodeIgniter(Object(CodeIgniter\CodeIgniter))
15 FCPATH/index.php(56): CodeIgniter\Boot::bootWeb(Object(Config\Paths))
16 SYSTEMPATH/Commands/Server/rewrite.php(49): require_once('/Users/ayurifanny/Desktop/zjlawfirm/zoejustitia/public/index.php')
CRITICAL - 2024-06-08 19:05:09 --> ErrorException: Undefined property: CodeIgniter\View\View::$uri
[Method: GET, Route: blog]
in APPPATH/Views/template/navbar.php on line 11.
 1 APPPATH/Views/template/navbar.php(11): CodeIgniter\Debug\Exceptions->errorHandler(2, 'Undefined property: CodeIgniter\\View\\View::$uri', '/Users/ayurifanny/Desktop/zjlawfirm/zoejustitia/app/Views/template/navbar.php', 11)
 2 SYSTEMPATH/View/View.php(234): include('/Users/ayurifanny/Desktop/zjlawfirm/zoejustitia/app/Views/template/navbar.php')
 3 SYSTEMPATH/View/View.php(237): CodeIgniter\View\View->CodeIgniter\View\{closure}()
 4 SYSTEMPATH/View/View.php(484): CodeIgniter\View\View->render('template/navbar', null, true)
 5 APPPATH/Views/blog.php(17): CodeIgniter\View\View->include('template/navbar')
 6 SYSTEMPATH/View/View.php(234): include('/Users/ayurifanny/Desktop/zjlawfirm/zoejustitia/app/Views/blog.php')
 7 SYSTEMPATH/View/View.php(237): CodeIgniter\View\View->CodeIgniter\View\{closure}()
 8 SYSTEMPATH/Common.php(1171): CodeIgniter\View\View->render('blog', [], true)
 9 APPPATH/Controllers/Home.php(24): view('blog')
10 SYSTEMPATH/CodeIgniter.php(933): App\Controllers\Home->blog()
11 SYSTEMPATH/CodeIgniter.php(509): CodeIgniter\CodeIgniter->runController(Object(App\Controllers\Home))
12 SYSTEMPATH/CodeIgniter.php(355): CodeIgniter\CodeIgniter->handleRequest(null, Object(Config\Cache), false)
13 SYSTEMPATH/Boot.php(312): CodeIgniter\CodeIgniter->run()
14 SYSTEMPATH/Boot.php(67): CodeIgniter\Boot::runCodeIgniter(Object(CodeIgniter\CodeIgniter))
15 FCPATH/index.php(56): CodeIgniter\Boot::bootWeb(Object(Config\Paths))
16 SYSTEMPATH/Commands/Server/rewrite.php(49): require_once('/Users/ayurifanny/Desktop/zjlawfirm/zoejustitia/public/index.php')
CRITICAL - 2024-06-08 19:05:09 --> ErrorException: Undefined property: CodeIgniter\View\View::$uri
[Method: GET, Route: blog]
in APPPATH/Views/template/navbar.php on line 11.
 1 APPPATH/Views/template/navbar.php(11): CodeIgniter\Debug\Exceptions->errorHandler(2, 'Undefined property: CodeIgniter\\View\\View::$uri', '/Users/ayurifanny/Desktop/zjlawfirm/zoejustitia/app/Views/template/navbar.php', 11)
 2 SYSTEMPATH/View/View.php(234): include('/Users/ayurifanny/Desktop/zjlawfirm/zoejustitia/app/Views/template/navbar.php')
 3 SYSTEMPATH/View/View.php(237): CodeIgniter\View\View->CodeIgniter\View\{closure}()
 4 SYSTEMPATH/View/View.php(484): CodeIgniter\View\View->render('template/navbar', null, true)
 5 APPPATH/Views/blog.php(17): CodeIgniter\View\View->include('template/navbar')
 6 SYSTEMPATH/View/View.php(234): include('/Users/ayurifanny/Desktop/zjlawfirm/zoejustitia/app/Views/blog.php')
 7 SYSTEMPATH/View/View.php(237): CodeIgniter\View\View->CodeIgniter\View\{closure}()
 8 SYSTEMPATH/Common.php(1171): CodeIgniter\View\View->render('blog', [], true)
 9 APPPATH/Controllers/Home.php(24): view('blog')
10 SYSTEMPATH/CodeIgniter.php(933): App\Controllers\Home->blog()
11 SYSTEMPATH/CodeIgniter.php(509): CodeIgniter\CodeIgniter->runController(Object(App\Controllers\Home))
12 SYSTEMPATH/CodeIgniter.php(355): CodeIgniter\CodeIgniter->handleRequest(null, Object(Config\Cache), false)
13 SYSTEMPATH/Boot.php(312): CodeIgniter\CodeIgniter->run()
14 SYSTEMPATH/Boot.php(67): CodeIgniter\Boot::runCodeIgniter(Object(CodeIgniter\CodeIgniter))
15 FCPATH/index.php(56): CodeIgniter\Boot::bootWeb(Object(Config\Paths))
16 SYSTEMPATH/Commands/Server/rewrite.php(49): require_once('/Users/ayurifanny/Desktop/zjlawfirm/zoejustitia/public/index.php')
CRITICAL - 2024-06-08 19:05:10 --> ErrorException: Undefined property: CodeIgniter\View\View::$uri
[Method: GET, Route: blog]
in APPPATH/Views/template/navbar.php on line 11.
 1 APPPATH/Views/template/navbar.php(11): CodeIgniter\Debug\Exceptions->errorHandler(2, 'Undefined property: CodeIgniter\\View\\View::$uri', '/Users/ayurifanny/Desktop/zjlawfirm/zoejustitia/app/Views/template/navbar.php', 11)
 2 SYSTEMPATH/View/View.php(234): include('/Users/ayurifanny/Desktop/zjlawfirm/zoejustitia/app/Views/template/navbar.php')
 3 SYSTEMPATH/View/View.php(237): CodeIgniter\View\View->CodeIgniter\View\{closure}()
 4 SYSTEMPATH/View/View.php(484): CodeIgniter\View\View->render('template/navbar', null, true)
 5 APPPATH/Views/blog.php(17): CodeIgniter\View\View->include('template/navbar')
 6 SYSTEMPATH/View/View.php(234): include('/Users/ayurifanny/Desktop/zjlawfirm/zoejustitia/app/Views/blog.php')
 7 SYSTEMPATH/View/View.php(237): CodeIgniter\View\View->CodeIgniter\View\{closure}()
 8 SYSTEMPATH/Common.php(1171): CodeIgniter\View\View->render('blog', [], true)
 9 APPPATH/Controllers/Home.php(24): view('blog')
10 SYSTEMPATH/CodeIgniter.php(933): App\Controllers\Home->blog()
11 SYSTEMPATH/CodeIgniter.php(509): CodeIgniter\CodeIgniter->runController(Object(App\Controllers\Home))
12 SYSTEMPATH/CodeIgniter.php(355): CodeIgniter\CodeIgniter->handleRequest(null, Object(Config\Cache), false)
13 SYSTEMPATH/Boot.php(312): CodeIgniter\CodeIgniter->run()
14 SYSTEMPATH/Boot.php(67): CodeIgniter\Boot::runCodeIgniter(Object(CodeIgniter\CodeIgniter))
15 FCPATH/index.php(56): CodeIgniter\Boot::bootWeb(Object(Config\Paths))
16 SYSTEMPATH/Commands/Server/rewrite.php(49): require_once('/Users/ayurifanny/Desktop/zjlawfirm/zoejustitia/public/index.php')
