CRITICAL - 16-02-2025 12:15:57 --> Error: Class "Locale" not found
[Method: GET, Route: .well-known/traffic-advice]
in SYSTEMPATH/CodeIgniter.php on line 190.
 1 SYSTEMPATH/Boot.php(299): CodeIgniter\CodeIgniter->initialize()
 2 SYSTEMPATH/Boot.php(66): CodeIgniter\Boot::initializeCodeIgniter()
 3 FCPATH/index.php(56): CodeIgniter\Boot::bootWeb(Object(Config\Paths))
CRITICAL - 16-02-2025 12:15:57 --> Error: Class "Locale" not found
[Method: GET, Route: /]
in SYSTEMPATH/CodeIgniter.php on line 190.
 1 SYSTEMPATH/Boot.php(299): CodeIgniter\CodeIgniter->initialize()
 2 SYSTEMPATH/Boot.php(66): CodeIgniter\Boot::initializeCodeIgniter()
 3 FCPATH/index.php(56): CodeIgniter\Boot::bootWeb(Object(Config\Paths))
CRITICAL - 16-02-2025 12:15:57 --> ErrorException: Uncaught Error: Class "Locale" not found in /DATA/zoejusti/zoejustitia/vendor/codeigniter4/framework/system/I18n/TimeTrait.php:76
Stack trace:
#0 /DATA/zoejusti/zoejustitia/vendor/codeigniter4/framework/system/I18n/TimeTrait.php(117): CodeIgniter\I18n\Time->__construct(NULL, NULL, NULL)
#1 /DATA/zoejusti/zoejustitia/vendor/codeigniter4/framework/system/HTTP/ResponseTrait.php(395): CodeIgniter\I18n\Time::now()
#2 /DATA/zoejusti/zoejustitia/vendor/codeigniter4/framework/system/HTTP/ResponseTrait.php(373): CodeIgniter\HTTP\Response->sendHeaders()
#3 /DATA/zoejusti/zoejustitia/vendor/codeigniter4/framework/system/Debug/ExceptionHandler.php(83): CodeIgniter\HTTP\Response->send()
#4 /DATA/zoejusti/zoejustitia/vendor/codeigniter4/framework/system/Debug/Exceptions.php(164): CodeIgniter\Debug\ExceptionHandler->handle(Object(Error), Object(CodeIgniter\HTTP\IncomingRequest), Object(CodeIgniter\HTTP\Response), 500, 1)
#5 [internal function]: CodeIgniter\Debug\Exceptions->exceptionHandler(Object(Error))
#6 {main}
  thrown
【Previous Exception】
Error
Class "Locale" not found
#0 /DATA/zoejusti/zoejustitia/vendor/codeigniter4/framework/system/Boot.php(299): CodeIgniter\CodeIgniter->initialize()
#1 /DATA/zoejusti/zoejustitia/vendor/codeigniter4/framework/system/Boot.php(66): CodeIgniter\Boot::initializeCodeIgniter()
#2 /DATA/zoejusti/public_html/index.php(56): CodeIgniter\Boot::bootWeb(Object(Config\Paths))
#3 {main}
[Method: GET, Route: .well-known/traffic-advice]
in SYSTEMPATH/I18n/TimeTrait.php on line 76.
 1 [internal function]: CodeIgniter\Debug\Exceptions->shutdownHandler()
CRITICAL - 16-02-2025 12:15:58 --> Error: Class "Locale" not found
[Method: GET, Route: /]
in SYSTEMPATH/CodeIgniter.php on line 190.
 1 SYSTEMPATH/Boot.php(299): CodeIgniter\CodeIgniter->initialize()
 2 SYSTEMPATH/Boot.php(66): CodeIgniter\Boot::initializeCodeIgniter()
 3 FCPATH/index.php(56): CodeIgniter\Boot::bootWeb(Object(Config\Paths))
